<?xml version="1.0" encoding="UTF-8" standalone="no"?>
<!DOCTYPE log SYSTEM "logger.dtd">
<log>
<record>
  <date>2019-09-20T14:22:52</date>
  <millis>1568985772670</millis>
  <sequence>0</sequence>
  <level>START</level>
  <class>com.kms.katalon.core.logging.XmlKeywordLogger</class>
  <method>startSuite</method>
  <thread>1</thread>
  <message>Start Test Suite : Test Suites/Marketing Content/Add Assets/Add Asset - swf file</message>
  <nestedLevel>0</nestedLevel>
  <property name="name">Add Asset - swf file</property>
  <property name="description"></property>
  <property name="id">Test Suites/Marketing Content/Add Assets/Add Asset - swf file</property>
</record>
<record>
  <date>2019-09-20T14:22:52</date>
  <millis>1568985772716</millis>
  <sequence>1</sequence>
  <level>RUN_DATA</level>
  <class>com.kms.katalon.core.logging.XmlKeywordLogger</class>
  <method>logMessage</method>
  <thread>1</thread>
  <message>hostName = gansat - NOTEEG-12802.nexus.local</message>
  <nestedLevel>0</nestedLevel>
  <property name="hostName">gansat - NOTEEG-12802.nexus.local</property>
</record>
<record>
  <date>2019-09-20T14:22:52</date>
  <millis>1568985772723</millis>
  <sequence>2</sequence>
  <level>RUN_DATA</level>
  <class>com.kms.katalon.core.logging.XmlKeywordLogger</class>
  <method>logMessage</method>
  <thread>1</thread>
  <message>os = Windows 10 64bit</message>
  <nestedLevel>0</nestedLevel>
  <property name="os">Windows 10 64bit</property>
</record>
<record>
  <date>2019-09-20T14:22:52</date>
  <millis>1568985772726</millis>
  <sequence>3</sequence>
  <level>RUN_DATA</level>
  <class>com.kms.katalon.core.logging.XmlKeywordLogger</class>
  <method>logMessage</method>
  <thread>1</thread>
  <message>hostAddress = 192.168.0.12</message>
  <nestedLevel>0</nestedLevel>
  <property name="hostAddress">192.168.0.12</property>
</record>
<record>
  <date>2019-09-20T14:22:52</date>
  <millis>1568985772730</millis>
  <sequence>4</sequence>
  <level>RUN_DATA</level>
  <class>com.kms.katalon.core.logging.XmlKeywordLogger</class>
  <method>logMessage</method>
  <thread>1</thread>
  <message>katalonVersion = 6.3.3.11</message>
  <nestedLevel>0</nestedLevel>
  <property name="katalonVersion">6.3.3.11</property>
</record>
<record>
  <date>2019-09-20T14:22:53</date>
  <millis>1568985773354</millis>
  <sequence>5</sequence>
  <level>START</level>
  <class>com.kms.katalon.core.logging.XmlKeywordLogger</class>
  <method>startTest</method>
  <thread>1</thread>
  <message>Start Test Case : Test Cases/Assets/Search Asset</message>
  <nestedLevel>1</nestedLevel>
  <property name="name">Test Cases/Assets/Search Asset</property>
  <property name="description"></property>
  <property name="id">Test Cases/Assets/Search Asset</property>
  <property name="source">C:\\Adzu UAT\\Adzu\\Adzu\\Test Cases\\Assets\\Search Asset.tc</property>
  <property name="tag"></property>
  <property name="isOptional">false</property>
</record>
<record>
  <date>2019-09-20T14:22:53</date>
  <millis>1568985773434</millis>
  <sequence>7</sequence>
  <level>INFO</level>
  <class>com.kms.katalon.core.logging.XmlKeywordLogger</class>
  <method>logMessage</method>
  <thread>1</thread>
  <message>(Default) spn_obj = </message>
  <nestedLevel>1</nestedLevel>
</record>
<record>
  <date>2019-09-20T14:22:53</date>
  <millis>1568985773442</millis>
  <sequence>8</sequence>
  <level>INFO</level>
  <class>com.kms.katalon.core.logging.XmlKeywordLogger</class>
  <method>logMessage</method>
  <thread>1</thread>
  <message>search_text = asset1</message>
  <nestedLevel>1</nestedLevel>
</record>
<record>
  <date>2019-09-20T14:22:54</date>
  <millis>1568985774533</millis>
  <sequence>9</sequence>
  <level>START</level>
  <class>com.kms.katalon.core.logging.XmlKeywordLogger</class>
  <method>startKeyword</method>
  <thread>1</thread>
  <message>Start action : callTestCase(findTestCase(\&amp;quot;Login and Logout - Notifications/Login\&amp;quot;), [:], CONTINUE_ON_FAILURE)</message>
  <nestedLevel>1</nestedLevel>
  <property name="startLine">17</property>
  <property name="stepIndex">1</property>
</record>
<record>
  <date>2019-09-20T14:22:54</date>
  <millis>1568985774893</millis>
  <sequence>12</sequence>
  <level>START</level>
  <class>com.kms.katalon.core.logging.XmlKeywordLogger</class>
  <method>startTest</method>
  <thread>1</thread>
  <message>Start Test Case : Test Cases/Login and Logout - Notifications/Login</message>
  <nestedLevel>2</nestedLevel>
  <property name="name">Test Cases/Login and Logout - Notifications/Login</property>
  <property name="description"></property>
  <property name="id">Test Cases/Login and Logout - Notifications/Login</property>
  <property name="source">C:\\Adzu UAT\\Adzu\\Adzu\\Test Cases\\Login and Logout - Notifications\\Login.tc</property>
  <property name="tag"></property>
  <property name="isOptional">false</property>
</record>
<record>
  <date>2019-09-20T14:22:55</date>
  <millis>1568985775487</millis>
  <sequence>14</sequence>
  <level>START</level>
  <class>com.kms.katalon.core.logging.XmlKeywordLogger</class>
  <method>startKeyword</method>
  <thread>1</thread>
  <message>Start action : openBrowser(\&amp;quot;\&amp;quot;)</message>
  <nestedLevel>1</nestedLevel>
  <property name="startLine">17</property>
  <property name="stepIndex">1</property>
</record>
<record>
  <date>2019-09-20T14:22:56</date>
  <millis>1568985776116</millis>
  <sequence>16</sequence>
  <level>INFO</level>
  <class>com.kms.katalon.core.logging.XmlKeywordLogger</class>
  <method>logMessage</method>
  <thread>1</thread>
  <message>Starting &amp;apos;IE&amp;apos; driver</message>
  <nestedLevel>2</nestedLevel>
</record>
<record>
  <date>2019-09-20T14:22:56</date>
  <millis>1568985776205</millis>
  <sequence>17</sequence>
  <level>INFO</level>
  <class>com.kms.katalon.core.logging.XmlKeywordLogger</class>
  <method>logMessage</method>
  <thread>1</thread>
  <message>User set preference: [&amp;apos;ignoreProtectedModeSettings&amp;apos;, &amp;apos;true&amp;apos;]</message>
  <nestedLevel>2</nestedLevel>
</record>
<record>
  <date>2019-09-20T14:22:56</date>
  <millis>1568985776428</millis>
  <sequence>18</sequence>
  <level>INFO</level>
  <class>com.kms.katalon.core.logging.XmlKeywordLogger</class>
  <method>logMessage</method>
  <thread>1</thread>
  <message>Action delay is set to 1 seconds</message>
  <nestedLevel>2</nestedLevel>
</record>
<record>
  <date>2019-09-20T14:23:02</date>
  <millis>1568985782754</millis>
  <sequence>20</sequence>
  <level>RUN_DATA</level>
  <class>com.kms.katalon.core.logging.XmlKeywordLogger</class>
  <method>logMessage</method>
  <thread>1</thread>
  <message>sessionId = df9ed723-2f4b-44c1-bc0e-2fbd619cb726</message>
  <nestedLevel>2</nestedLevel>
  <property name="sessionId">df9ed723-2f4b-44c1-bc0e-2fbd619cb726</property>
</record>
<record>
  <date>2019-09-20T14:23:03</date>
  <millis>1568985783842</millis>
  <sequence>21</sequence>
  <level>RUN_DATA</level>
  <class>com.kms.katalon.core.logging.XmlKeywordLogger</class>
  <method>logMessage</method>
  <thread>1</thread>
  <message>browser = IE 11</message>
  <nestedLevel>2</nestedLevel>
  <property name="browser">IE 11</property>
</record>
<record>
  <date>2019-09-20T14:23:03</date>
  <millis>1568985783843</millis>
  <sequence>22</sequence>
  <level>RUN_DATA</level>
  <class>com.kms.katalon.core.logging.XmlKeywordLogger</class>
  <method>logMessage</method>
  <thread>1</thread>
  <message>platform = Windows 10</message>
  <nestedLevel>2</nestedLevel>
  <property name="platform">Windows 10</property>
</record>
<record>
  <date>2019-09-20T14:23:03</date>
  <millis>1568985783844</millis>
  <sequence>23</sequence>
  <level>RUN_DATA</level>
  <class>com.kms.katalon.core.logging.XmlKeywordLogger</class>
  <method>logMessage</method>
  <thread>1</thread>
  <message>seleniumVersion = 3.141.59</message>
  <nestedLevel>2</nestedLevel>
  <property name="seleniumVersion">3.141.59</property>
</record>
<record>
  <date>2019-09-20T14:23:03</date>
  <millis>1568985783846</millis>
  <sequence>24</sequence>
  <level>RUN_DATA</level>
  <class>com.kms.katalon.core.logging.XmlKeywordLogger</class>
  <method>logMessage</method>
  <thread>1</thread>
  <message>proxyInformation = ProxyInformation{proxyOption=NO_PROXY, proxyServerType=HTTP, password=, proxyServerAddress=, proxyServerPort=0}</message>
  <nestedLevel>2</nestedLevel>
  <property name="proxyInformation">ProxyInformation{proxyOption=NO_PROXY, proxyServerType=HTTP, password=, proxyServerAddress=, proxyServerPort=0}</property>
</record>
<record>
  <date>2019-09-20T14:23:03</date>
  <millis>1568985783848</millis>
  <sequence>25</sequence>
  <level>PASSED</level>
  <class>com.kms.katalon.core.logging.XmlKeywordLogger</class>
  <method>logMessage</method>
  <thread>1</thread>
  <message>Browser is opened with url: &amp;apos;&amp;apos;</message>
  <nestedLevel>2</nestedLevel>
</record>
<record>
  <date>2019-09-20T14:23:03</date>
  <millis>1568985783850</millis>
  <sequence>26</sequence>
  <level>END</level>
  <class>com.kms.katalon.core.logging.XmlKeywordLogger</class>
  <method>endKeyword</method>
  <thread>1</thread>
  <message>End action : openBrowser(\&amp;quot;\&amp;quot;)</message>
  <nestedLevel>1</nestedLevel>
</record>
<record>
  <date>2019-09-20T14:23:03</date>
  <millis>1568985783850</millis>
  <sequence>27</sequence>
  <level>START</level>
  <class>com.kms.katalon.core.logging.XmlKeywordLogger</class>
  <method>startKeyword</method>
  <thread>1</thread>
  <message>Start action : navigateToUrl(\&amp;quot;https://samsung-adzu4-staging.codeworldwide.com/#\&amp;quot;)</message>
  <nestedLevel>1</nestedLevel>
  <property name="startLine">19</property>
  <property name="stepIndex">2</property>
</record>
<record>
  <date>2019-09-20T14:23:08</date>
  <millis>1568985788798</millis>
  <sequence>30</sequence>
  <level>PASSED</level>
  <class>com.kms.katalon.core.logging.XmlKeywordLogger</class>
  <method>logMessage</method>
  <thread>1</thread>
  <message>Navigate to &amp;apos;https://samsung-adzu4-staging.codeworldwide.com/#&amp;apos; successfully</message>
  <nestedLevel>2</nestedLevel>
</record>
<record>
  <date>2019-09-20T14:23:08</date>
  <millis>1568985788800</millis>
  <sequence>31</sequence>
  <level>END</level>
  <class>com.kms.katalon.core.logging.XmlKeywordLogger</class>
  <method>endKeyword</method>
  <thread>1</thread>
  <message>End action : navigateToUrl(\&amp;quot;https://samsung-adzu4-staging.codeworldwide.com/#\&amp;quot;)</message>
  <nestedLevel>1</nestedLevel>
</record>
<record>
  <date>2019-09-20T14:23:08</date>
  <millis>1568985788801</millis>
  <sequence>32</sequence>
  <level>START</level>
  <class>com.kms.katalon.core.logging.XmlKeywordLogger</class>
  <method>startKeyword</method>
  <thread>1</thread>
  <message>Start action : setText(findTestObject(\&amp;quot;Object Repository/Login/Page_Samsung Marketing Cloud/Username_Text\&amp;quot;), \&amp;quot;satinder.gandhi@codeworldwide.com\&amp;quot;)</message>
  <nestedLevel>1</nestedLevel>
  <property name="startLine">21</property>
  <property name="stepIndex">3</property>
</record>
<record>
  <date>2019-09-20T14:23:14</date>
  <millis>1568985794394</millis>
  <sequence>41</sequence>
  <level>PASSED</level>
  <class>com.kms.katalon.core.logging.XmlKeywordLogger</class>
  <method>logMessage</method>
  <thread>1</thread>
  <message>Text &amp;apos;satinder.gandhi@codeworldwide.com&amp;apos; is set on object &amp;apos;Object Repository/Login/Page_Samsung Marketing Cloud/Username_Text&amp;apos;</message>
  <nestedLevel>2</nestedLevel>
</record>
<record>
  <date>2019-09-20T14:23:14</date>
  <millis>1568985794395</millis>
  <sequence>42</sequence>
  <level>END</level>
  <class>com.kms.katalon.core.logging.XmlKeywordLogger</class>
  <method>endKeyword</method>
  <thread>1</thread>
  <message>End action : setText(findTestObject(\&amp;quot;Object Repository/Login/Page_Samsung Marketing Cloud/Username_Text\&amp;quot;), \&amp;quot;satinder.gandhi@codeworldwide.com\&amp;quot;)</message>
  <nestedLevel>1</nestedLevel>
</record>
<record>
  <date>2019-09-20T14:23:14</date>
  <millis>1568985794396</millis>
  <sequence>43</sequence>
  <level>START</level>
  <class>com.kms.katalon.core.logging.XmlKeywordLogger</class>
  <method>startKeyword</method>
  <thread>1</thread>
  <message>Start action : setEncryptedText(findTestObject(\&amp;quot;Object Repository/Login/Page_Samsung Marketing Cloud/Password_text\&amp;quot;), \&amp;quot;yfq/9fVkW5+QvfzWq38qvg==\&amp;quot;)</message>
  <nestedLevel>1</nestedLevel>
  <property name="startLine">23</property>
  <property name="stepIndex">4</property>
</record>
<record>
  <date>2019-09-20T14:23:18</date>
  <millis>1568985798654</millis>
  <sequence>52</sequence>
  <level>PASSED</level>
  <class>com.kms.katalon.core.logging.XmlKeywordLogger</class>
  <method>logMessage</method>
  <thread>1</thread>
  <message>Text ****** has been set on object &amp;apos;Object Repository/Login/Page_Samsung Marketing Cloud/Password_text&amp;apos;</message>
  <nestedLevel>2</nestedLevel>
</record>
<record>
  <date>2019-09-20T14:23:18</date>
  <millis>1568985798655</millis>
  <sequence>53</sequence>
  <level>END</level>
  <class>com.kms.katalon.core.logging.XmlKeywordLogger</class>
  <method>endKeyword</method>
  <thread>1</thread>
  <message>End action : setEncryptedText(findTestObject(\&amp;quot;Object Repository/Login/Page_Samsung Marketing Cloud/Password_text\&amp;quot;), \&amp;quot;yfq/9fVkW5+QvfzWq38qvg==\&amp;quot;)</message>
  <nestedLevel>1</nestedLevel>
</record>
<record>
  <date>2019-09-20T14:23:18</date>
  <millis>1568985798656</millis>
  <sequence>54</sequence>
  <level>START</level>
  <class>com.kms.katalon.core.logging.XmlKeywordLogger</class>
  <method>startKeyword</method>
  <thread>1</thread>
  <message>Start action : click(findTestObject(\&amp;quot;Object Repository/Login/Page_Samsung Marketing Cloud/button_Login\&amp;quot;))</message>
  <nestedLevel>1</nestedLevel>
  <property name="startLine">25</property>
  <property name="stepIndex">5</property>
</record>
<record>
  <date>2019-09-20T14:23:23</date>
  <millis>1568985803842</millis>
  <sequence>61</sequence>
  <level>PASSED</level>
  <class>com.kms.katalon.core.logging.XmlKeywordLogger</class>
  <method>logMessage</method>
  <thread>1</thread>
  <message>Object: &amp;apos;Object Repository/Login/Page_Samsung Marketing Cloud/button_Login&amp;apos; is clicked on</message>
  <nestedLevel>2</nestedLevel>
</record>
<record>
  <date>2019-09-20T14:23:23</date>
  <millis>1568985803843</millis>
  <sequence>62</sequence>
  <level>END</level>
  <class>com.kms.katalon.core.logging.XmlKeywordLogger</class>
  <method>endKeyword</method>
  <thread>1</thread>
  <message>End action : click(findTestObject(\&amp;quot;Object Repository/Login/Page_Samsung Marketing Cloud/button_Login\&amp;quot;))</message>
  <nestedLevel>1</nestedLevel>
</record>
<record>
  <date>2019-09-20T14:23:23</date>
  <millis>1568985803843</millis>
  <sequence>63</sequence>
  <level>START</level>
  <class>com.kms.katalon.core.logging.XmlKeywordLogger</class>
  <method>startKeyword</method>
  <thread>1</thread>
  <message>Start action : maximizeWindow()</message>
  <nestedLevel>1</nestedLevel>
  <property name="startLine">27</property>
  <property name="stepIndex">6</property>
</record>
<record>
  <date>2019-09-20T14:23:25</date>
  <millis>1568985805336</millis>
  <sequence>65</sequence>
  <level>PASSED</level>
  <class>com.kms.katalon.core.logging.XmlKeywordLogger</class>
  <method>logMessage</method>
  <thread>1</thread>
  <message>Current window maximized</message>
  <nestedLevel>2</nestedLevel>
</record>
<record>
  <date>2019-09-20T14:23:25</date>
  <millis>1568985805336</millis>
  <sequence>66</sequence>
  <level>END</level>
  <class>com.kms.katalon.core.logging.XmlKeywordLogger</class>
  <method>endKeyword</method>
  <thread>1</thread>
  <message>End action : maximizeWindow()</message>
  <nestedLevel>1</nestedLevel>
</record>
<record>
  <date>2019-09-20T14:23:25</date>
  <millis>1568985805337</millis>
  <sequence>67</sequence>
  <level>PASSED</level>
  <class>com.kms.katalon.core.logging.XmlKeywordLogger</class>
  <method>logMessage</method>
  <thread>1</thread>
  <message>Test Cases/Login and Logout - Notifications/Login</message>
  <nestedLevel>2</nestedLevel>
</record>
<record>
  <date>2019-09-20T14:23:25</date>
  <millis>1568985805337</millis>
  <sequence>68</sequence>
  <level>END</level>
  <class>com.kms.katalon.core.logging.XmlKeywordLogger</class>
  <method>endTest</method>
  <thread>1</thread>
  <message>End Test Case : Test Cases/Login and Logout - Notifications/Login</message>
  <nestedLevel>1</nestedLevel>
</record>
<record>
  <date>2019-09-20T14:23:25</date>
  <millis>1568985805351</millis>
  <sequence>69</sequence>
  <level>PASSED</level>
  <class>com.kms.katalon.core.logging.XmlKeywordLogger</class>
  <method>logMessage</method>
  <thread>1</thread>
  <message>Call Test Case &amp;apos;Test Cases/Login and Logout - Notifications/Login&amp;apos; successfully</message>
  <nestedLevel>1</nestedLevel>
</record>
<record>
  <date>2019-09-20T14:23:25</date>
  <millis>1568985805352</millis>
  <sequence>70</sequence>
  <level>END</level>
  <class>com.kms.katalon.core.logging.XmlKeywordLogger</class>
  <method>endKeyword</method>
  <thread>1</thread>
  <message>End action : callTestCase(findTestCase(\&amp;quot;Login and Logout - Notifications/Login\&amp;quot;), [:], CONTINUE_ON_FAILURE)</message>
  <nestedLevel>1</nestedLevel>
</record>
<record>
  <date>2019-09-20T14:23:25</date>
  <millis>1568985805352</millis>
  <sequence>71</sequence>
  <level>START</level>
  <class>com.kms.katalon.core.logging.XmlKeywordLogger</class>
  <method>startKeyword</method>
  <thread>1</thread>
  <message>Start action : callTestCase(findTestCase(\&amp;quot;Assets/Open Assets Page\&amp;quot;), [:], CONTINUE_ON_FAILURE)</message>
  <nestedLevel>1</nestedLevel>
  <property name="startLine">19</property>
  <property name="stepIndex">2</property>
</record>
<record>
  <date>2019-09-20T14:23:25</date>
  <millis>1568985805424</millis>
  <sequence>74</sequence>
  <level>START</level>
  <class>com.kms.katalon.core.logging.XmlKeywordLogger</class>
  <method>startTest</method>
  <thread>1</thread>
  <message>Start Test Case : Test Cases/Assets/Open Assets Page</message>
  <nestedLevel>2</nestedLevel>
  <property name="name">Test Cases/Assets/Open Assets Page</property>
  <property name="description"></property>
  <property name="id">Test Cases/Assets/Open Assets Page</property>
  <property name="source">C:\\Adzu UAT\\Adzu\\Adzu\\Test Cases\\Assets\\Open Assets Page.tc</property>
  <property name="tag"></property>
  <property name="isOptional">false</property>
</record>
<record>
  <date>2019-09-20T14:23:26</date>
  <millis>1568985806000</millis>
  <sequence>76</sequence>
  <level>START</level>
  <class>com.kms.katalon.core.logging.XmlKeywordLogger</class>
  <method>startKeyword</method>
  <thread>1</thread>
  <message>Start action : click(findTestObject(\&amp;quot;Assets/Page_Samsung Marketing Cloud/a_Assets\&amp;quot;))</message>
  <nestedLevel>1</nestedLevel>
  <property name="startLine">16</property>
  <property name="stepIndex">1</property>
</record>
<record>
  <date>2019-09-20T14:23:34</date>
  <millis>1568985814041</millis>
  <sequence>83</sequence>
  <level>PASSED</level>
  <class>com.kms.katalon.core.logging.XmlKeywordLogger</class>
  <method>logMessage</method>
  <thread>1</thread>
  <message>Object: &amp;apos;Object Repository/Assets/Page_Samsung Marketing Cloud/a_Assets&amp;apos; is clicked on</message>
  <nestedLevel>2</nestedLevel>
</record>
<record>
  <date>2019-09-20T14:23:34</date>
  <millis>1568985814042</millis>
  <sequence>84</sequence>
  <level>END</level>
  <class>com.kms.katalon.core.logging.XmlKeywordLogger</class>
  <method>endKeyword</method>
  <thread>1</thread>
  <message>End action : click(findTestObject(\&amp;quot;Assets/Page_Samsung Marketing Cloud/a_Assets\&amp;quot;))</message>
  <nestedLevel>1</nestedLevel>
</record>
<record>
  <date>2019-09-20T14:23:34</date>
  <millis>1568985814042</millis>
  <sequence>85</sequence>
  <level>PASSED</level>
  <class>com.kms.katalon.core.logging.XmlKeywordLogger</class>
  <method>logMessage</method>
  <thread>1</thread>
  <message>Test Cases/Assets/Open Assets Page</message>
  <nestedLevel>2</nestedLevel>
</record>
<record>
  <date>2019-09-20T14:23:34</date>
  <millis>1568985814043</millis>
  <sequence>86</sequence>
  <level>END</level>
  <class>com.kms.katalon.core.logging.XmlKeywordLogger</class>
  <method>endTest</method>
  <thread>1</thread>
  <message>End Test Case : Test Cases/Assets/Open Assets Page</message>
  <nestedLevel>1</nestedLevel>
</record>
<record>
  <date>2019-09-20T14:23:34</date>
  <millis>1568985814043</millis>
  <sequence>87</sequence>
  <level>PASSED</level>
  <class>com.kms.katalon.core.logging.XmlKeywordLogger</class>
  <method>logMessage</method>
  <thread>1</thread>
  <message>Call Test Case &amp;apos;Test Cases/Assets/Open Assets Page&amp;apos; successfully</message>
  <nestedLevel>1</nestedLevel>
</record>
<record>
  <date>2019-09-20T14:23:34</date>
  <millis>1568985814044</millis>
  <sequence>88</sequence>
  <level>END</level>
  <class>com.kms.katalon.core.logging.XmlKeywordLogger</class>
  <method>endKeyword</method>
  <thread>1</thread>
  <message>End action : callTestCase(findTestCase(\&amp;quot;Assets/Open Assets Page\&amp;quot;), [:], CONTINUE_ON_FAILURE)</message>
  <nestedLevel>1</nestedLevel>
</record>
<record>
  <date>2019-09-20T14:23:34</date>
  <millis>1568985814045</millis>
  <sequence>89</sequence>
  <level>START</level>
  <class>com.kms.katalon.core.logging.XmlKeywordLogger</class>
  <method>startKeyword</method>
  <thread>1</thread>
  <message>Start action : click(findTestObject(\&amp;quot;Assets/Search Assets/Page_Samsung Marketing Cloud/filter_icon\&amp;quot;))</message>
  <nestedLevel>1</nestedLevel>
  <property name="startLine">21</property>
  <property name="stepIndex">3</property>
</record>
<record>
  <date>2019-09-20T14:23:43</date>
  <millis>1568985823361</millis>
  <sequence>96</sequence>
  <level>PASSED</level>
  <class>com.kms.katalon.core.logging.XmlKeywordLogger</class>
  <method>logMessage</method>
  <thread>1</thread>
  <message>Object: &amp;apos;Object Repository/Assets/Search Assets/Page_Samsung Marketing Cloud/filter_icon&amp;apos; is clicked on</message>
  <nestedLevel>1</nestedLevel>
</record>
<record>
  <date>2019-09-20T14:23:43</date>
  <millis>1568985823362</millis>
  <sequence>97</sequence>
  <level>END</level>
  <class>com.kms.katalon.core.logging.XmlKeywordLogger</class>
  <method>endKeyword</method>
  <thread>1</thread>
  <message>End action : click(findTestObject(\&amp;quot;Assets/Search Assets/Page_Samsung Marketing Cloud/filter_icon\&amp;quot;))</message>
  <nestedLevel>1</nestedLevel>
</record>
<record>
  <date>2019-09-20T14:23:43</date>
  <millis>1568985823363</millis>
  <sequence>98</sequence>
  <level>START</level>
  <class>com.kms.katalon.core.logging.XmlKeywordLogger</class>
  <method>startKeyword</method>
  <thread>1</thread>
  <message>Start action : setText(findTestObject(\&amp;quot;Assets/Search Assets/Page_Samsung Marketing Cloud/Text_SearchText\&amp;quot;), search_text)</message>
  <nestedLevel>1</nestedLevel>
  <property name="startLine">23</property>
  <property name="stepIndex">4</property>
</record>
<record>
  <date>2019-09-20T14:23:47</date>
  <millis>1568985827893</millis>
  <sequence>107</sequence>
  <level>PASSED</level>
  <class>com.kms.katalon.core.logging.XmlKeywordLogger</class>
  <method>logMessage</method>
  <thread>1</thread>
  <message>Text &amp;apos;asset1&amp;apos; is set on object &amp;apos;Object Repository/Assets/Search Assets/Page_Samsung Marketing Cloud/Text_SearchText&amp;apos;</message>
  <nestedLevel>1</nestedLevel>
</record>
<record>
  <date>2019-09-20T14:23:47</date>
  <millis>1568985827894</millis>
  <sequence>108</sequence>
  <level>END</level>
  <class>com.kms.katalon.core.logging.XmlKeywordLogger</class>
  <method>endKeyword</method>
  <thread>1</thread>
  <message>End action : setText(findTestObject(\&amp;quot;Assets/Search Assets/Page_Samsung Marketing Cloud/Text_SearchText\&amp;quot;), search_text)</message>
  <nestedLevel>1</nestedLevel>
</record>
<record>
  <date>2019-09-20T14:23:47</date>
  <millis>1568985827895</millis>
  <sequence>109</sequence>
  <level>START</level>
  <class>com.kms.katalon.core.logging.XmlKeywordLogger</class>
  <method>startKeyword</method>
  <thread>1</thread>
  <message>Start action : span_obj = modifyObjectProperty(findTestObject(\&amp;quot;Assets/Search Assets/Page_Samsung Marketing Cloud/span_asset\&amp;quot;), \&amp;quot;text\&amp;quot;, \&amp;quot;equals\&amp;quot;, search_text, false)</message>
  <nestedLevel>1</nestedLevel>
  <property name="startLine">25</property>
  <property name="stepIndex">5</property>
</record>
<record>
  <date>2019-09-20T14:23:48</date>
  <millis>1568985828046</millis>
  <sequence>115</sequence>
  <level>PASSED</level>
  <class>com.kms.katalon.core.logging.XmlKeywordLogger</class>
  <method>logMessage</method>
  <thread>1</thread>
  <message>Modify property of object successfully</message>
  <nestedLevel>1</nestedLevel>
</record>
<record>
  <date>2019-09-20T14:23:48</date>
  <millis>1568985828047</millis>
  <sequence>116</sequence>
  <level>END</level>
  <class>com.kms.katalon.core.logging.XmlKeywordLogger</class>
  <method>endKeyword</method>
  <thread>1</thread>
  <message>End action : span_obj = modifyObjectProperty(findTestObject(\&amp;quot;Assets/Search Assets/Page_Samsung Marketing Cloud/span_asset\&amp;quot;), \&amp;quot;text\&amp;quot;, \&amp;quot;equals\&amp;quot;, search_text, false)</message>
  <nestedLevel>1</nestedLevel>
</record>
<record>
  <date>2019-09-20T14:23:48</date>
  <millis>1568985828047</millis>
  <sequence>117</sequence>
  <level>START</level>
  <class>com.kms.katalon.core.logging.XmlKeywordLogger</class>
  <method>startKeyword</method>
  <thread>1</thread>
  <message>Start action : click(span_obj)</message>
  <nestedLevel>1</nestedLevel>
  <property name="startLine">28</property>
  <property name="stepIndex">6</property>
</record>
<record>
  <date>2019-09-20T14:23:52</date>
  <millis>1568985832125</millis>
  <sequence>123</sequence>
  <level>PASSED</level>
  <class>com.kms.katalon.core.logging.XmlKeywordLogger</class>
  <method>logMessage</method>
  <thread>1</thread>
  <message>Object: &amp;apos;Object Repository/Assets/Search Assets/Page_Samsung Marketing Cloud/span_asset&amp;apos; is clicked on</message>
  <nestedLevel>1</nestedLevel>
</record>
<record>
  <date>2019-09-20T14:23:52</date>
  <millis>1568985832126</millis>
  <sequence>124</sequence>
  <level>END</level>
  <class>com.kms.katalon.core.logging.XmlKeywordLogger</class>
  <method>endKeyword</method>
  <thread>1</thread>
  <message>End action : click(span_obj)</message>
  <nestedLevel>1</nestedLevel>
</record>
<record>
  <date>2019-09-20T14:23:52</date>
  <millis>1568985832127</millis>
  <sequence>125</sequence>
  <level>START</level>
  <class>com.kms.katalon.core.logging.XmlKeywordLogger</class>
  <method>startKeyword</method>
  <thread>1</thread>
  <message>Start action : click(findTestObject(\&amp;quot;Object Repository/Assets/Search Assets/Page_Samsung Marketing Cloud/button_Hide\&amp;quot;))</message>
  <nestedLevel>1</nestedLevel>
  <property name="startLine">30</property>
  <property name="stepIndex">7</property>
</record>
<record>
  <date>2019-09-20T14:23:56</date>
  <millis>1568985836486</millis>
  <sequence>132</sequence>
  <level>PASSED</level>
  <class>com.kms.katalon.core.logging.XmlKeywordLogger</class>
  <method>logMessage</method>
  <thread>1</thread>
  <message>Object: &amp;apos;Object Repository/Assets/Search Assets/Page_Samsung Marketing Cloud/button_Hide&amp;apos; is clicked on</message>
  <nestedLevel>1</nestedLevel>
</record>
<record>
  <date>2019-09-20T14:23:56</date>
  <millis>1568985836487</millis>
  <sequence>133</sequence>
  <level>END</level>
  <class>com.kms.katalon.core.logging.XmlKeywordLogger</class>
  <method>endKeyword</method>
  <thread>1</thread>
  <message>End action : click(findTestObject(\&amp;quot;Object Repository/Assets/Search Assets/Page_Samsung Marketing Cloud/button_Hide\&amp;quot;))</message>
  <nestedLevel>1</nestedLevel>
</record>
<record>
  <date>2019-09-20T14:23:56</date>
  <millis>1568985836488</millis>
  <sequence>134</sequence>
  <level>START</level>
  <class>com.kms.katalon.core.logging.XmlKeywordLogger</class>
  <method>startKeyword</method>
  <thread>1</thread>
  <message>Start action : delay(1)</message>
  <nestedLevel>1</nestedLevel>
  <property name="startLine">32</property>
  <property name="stepIndex">8</property>
</record>
<record>
  <date>2019-09-20T14:23:57</date>
  <millis>1568985837504</millis>
  <sequence>136</sequence>
  <level>PASSED</level>
  <class>com.kms.katalon.core.logging.XmlKeywordLogger</class>
  <method>logMessage</method>
  <thread>1</thread>
  <message>Delayed 1 second(s)</message>
  <nestedLevel>1</nestedLevel>
</record>
<record>
  <date>2019-09-20T14:23:57</date>
  <millis>1568985837506</millis>
  <sequence>137</sequence>
  <level>END</level>
  <class>com.kms.katalon.core.logging.XmlKeywordLogger</class>
  <method>endKeyword</method>
  <thread>1</thread>
  <message>End action : delay(1)</message>
  <nestedLevel>1</nestedLevel>
</record>
<record>
  <date>2019-09-20T14:23:57</date>
  <millis>1568985837507</millis>
  <sequence>138</sequence>
  <level>START</level>
  <class>com.kms.katalon.core.logging.XmlKeywordLogger</class>
  <method>startKeyword</method>
  <thread>1</thread>
  <message>Start action : acceptAlert()</message>
  <nestedLevel>1</nestedLevel>
  <property name="startLine">34</property>
  <property name="stepIndex">9</property>
</record>
<record>
  <date>2019-09-20T14:24:01</date>
  <millis>1568985841151</millis>
  <sequence>143</sequence>
  <level>FAILED</level>
  <class>com.kms.katalon.core.logging.XmlKeywordLogger</class>
  <method>logMessage</method>
  <thread>1</thread>
  <message>No alert found (Root cause: com.kms.katalon.core.exception.StepFailedException: No alert found\r\n\tat com.kms.katalon.core.webui.keyword.internal.WebUIKeywordMain.stepFailed(WebUIKeywordMain.groovy:64)\r\n\tat com.kms.katalon.core.webui.keyword.builtin.AcceptAlertKeyword$_acceptAlert_closure1.doCall(AcceptAlertKeyword.groovy:78)\r\n\tat com.kms.katalon.core.webui.keyword.builtin.AcceptAlertKeyword$_acceptAlert_closure1.call(AcceptAlertKeyword.groovy)\r\n\tat com.kms.katalon.core.webui.keyword.internal.WebUIKeywordMain.runKeyword(WebUIKeywordMain.groovy:20)\r\n\tat com.kms.katalon.core.webui.keyword.builtin.AcceptAlertKeyword.acceptAlert(AcceptAlertKeyword.groovy:71)\r\n\tat com.kms.katalon.core.webui.keyword.builtin.AcceptAlertKeyword.execute(AcceptAlertKeyword.groovy:66)\r\n\tat com.kms.katalon.core.keyword.internal.KeywordExecutor.executeKeywordForPlatform(KeywordExecutor.groovy:56)\r\n\tat com.kms.katalon.core.webui.keyword.WebUiBuiltInKeywords.acceptAlert(WebUiBuiltInKeywords.groovy:1492)\r\n\tat com.kms.katalon.core.webui.keyword.WebUiBuiltInKeywords$acceptAlert$6.call(Unknown Source)\r\n\tat Search Asset.run(Search Asset:34)\r\n\tat com.kms.katalon.core.main.ScriptEngine.run(ScriptEngine.java:194)\r\n\tat com.kms.katalon.core.main.ScriptEngine.runScriptAsRawText(ScriptEngine.java:119)\r\n\tat com.kms.katalon.core.main.TestCaseExecutor.runScript(TestCaseExecutor.java:337)\r\n\tat com.kms.katalon.core.main.TestCaseExecutor.doExecute(TestCaseExecutor.java:328)\r\n\tat com.kms.katalon.core.main.TestCaseExecutor.processExecutionPhase(TestCaseExecutor.java:307)\r\n\tat com.kms.katalon.core.main.TestCaseExecutor.accessMainPhase(TestCaseExecutor.java:299)\r\n\tat com.kms.katalon.core.main.TestCaseExecutor.execute(TestCaseExecutor.java:233)\r\n\tat com.kms.katalon.core.main.TestSuiteExecutor.accessTestCaseMainPhase(TestSuiteExecutor.java:169)\r\n\tat com.kms.katalon.core.main.TestSuiteExecutor.accessTestSuiteMainPhase(TestSuiteExecutor.java:142)\r\n\tat com.kms.katalon.core.main.TestSuiteExecutor.execute(TestSuiteExecutor.java:91)\r\n\tat com.kms.katalon.core.main.TestCaseMain.startTestSuite(TestCaseMain.java:157)\r\n\tat com.kms.katalon.core.main.TestCaseMain$startTestSuite$0.call(Unknown Source)\r\n\tat TempTestSuite1568985768366.run(TempTestSuite1568985768366.groovy:35)\r\n)</message>
  <nestedLevel>1</nestedLevel>
  <property name="failed.exception.class">com.kms.katalon.core.exception.StepFailedException</property>
  <property name="attachment">1568985839868.png</property>
  <property name="failed.exception.stacktrace">com.kms.katalon.core.exception.StepFailedException: No alert found\r\n\tat com.kms.katalon.core.webui.keyword.internal.WebUIKeywordMain.stepFailed(WebUIKeywordMain.groovy:64)\r\n\tat com.kms.katalon.core.webui.keyword.builtin.AcceptAlertKeyword$_acceptAlert_closure1.doCall(AcceptAlertKeyword.groovy:78)\r\n\tat com.kms.katalon.core.webui.keyword.builtin.AcceptAlertKeyword$_acceptAlert_closure1.call(AcceptAlertKeyword.groovy)\r\n\tat com.kms.katalon.core.webui.keyword.internal.WebUIKeywordMain.runKeyword(WebUIKeywordMain.groovy:20)\r\n\tat com.kms.katalon.core.webui.keyword.builtin.AcceptAlertKeyword.acceptAlert(AcceptAlertKeyword.groovy:71)\r\n\tat com.kms.katalon.core.webui.keyword.builtin.AcceptAlertKeyword.execute(AcceptAlertKeyword.groovy:66)\r\n\tat com.kms.katalon.core.keyword.internal.KeywordExecutor.executeKeywordForPlatform(KeywordExecutor.groovy:56)\r\n\tat com.kms.katalon.core.webui.keyword.WebUiBuiltInKeywords.acceptAlert(WebUiBuiltInKeywords.groovy:1492)\r\n\tat com.kms.katalon.core.webui.keyword.WebUiBuiltInKeywords$acceptAlert$6.call(Unknown Source)\r\n\tat Search Asset.run(Search Asset:34)\r\n\tat com.kms.katalon.core.main.ScriptEngine.run(ScriptEngine.java:194)\r\n\tat com.kms.katalon.core.main.ScriptEngine.runScriptAsRawText(ScriptEngine.java:119)\r\n\tat com.kms.katalon.core.main.TestCaseExecutor.runScript(TestCaseExecutor.java:337)\r\n\tat com.kms.katalon.core.main.TestCaseExecutor.doExecute(TestCaseExecutor.java:328)\r\n\tat com.kms.katalon.core.main.TestCaseExecutor.processExecutionPhase(TestCaseExecutor.java:307)\r\n\tat com.kms.katalon.core.main.TestCaseExecutor.accessMainPhase(TestCaseExecutor.java:299)\r\n\tat com.kms.katalon.core.main.TestCaseExecutor.execute(TestCaseExecutor.java:233)\r\n\tat com.kms.katalon.core.main.TestSuiteExecutor.accessTestCaseMainPhase(TestSuiteExecutor.java:169)\r\n\tat com.kms.katalon.core.main.TestSuiteExecutor.accessTestSuiteMainPhase(TestSuiteExecutor.java:142)\r\n\tat com.kms.katalon.core.main.TestSuiteExecutor.execute(TestSuiteExecutor.java:91)\r\n\tat com.kms.katalon.core.main.TestCaseMain.startTestSuite(TestCaseMain.java:157)\r\n\tat com.kms.katalon.core.main.TestCaseMain$startTestSuite$0.call(Unknown Source)\r\n\tat TempTestSuite1568985768366.run(TempTestSuite1568985768366.groovy:35)\r\n</property>
  <property name="failed.exception.message">No alert found</property>
</record>
<record>
  <date>2019-09-20T14:24:01</date>
  <millis>1568985841158</millis>
  <sequence>144</sequence>
  <level>END</level>
  <class>com.kms.katalon.core.logging.XmlKeywordLogger</class>
  <method>endKeyword</method>
  <thread>1</thread>
  <message>End action : acceptAlert()</message>
  <nestedLevel>1</nestedLevel>
</record>
<record>
  <date>2019-09-20T14:24:01</date>
  <millis>1568985841165</millis>
  <sequence>147</sequence>
  <level>FAILED</level>
  <class>com.kms.katalon.core.logging.XmlKeywordLogger</class>
  <method>logMessage</method>
  <thread>1</thread>
  <message>Test Cases/Assets/Search Asset FAILED.\nReason:\ncom.kms.katalon.core.exception.StepFailedException: No alert found (Root cause: com.kms.katalon.core.exception.StepFailedException: No alert found\r\n\tat com.kms.katalon.core.webui.keyword.internal.WebUIKeywordMain.stepFailed(WebUIKeywordMain.groovy:64)\r\n\tat com.kms.katalon.core.webui.keyword.builtin.AcceptAlertKeyword$_acceptAlert_closure1.doCall(AcceptAlertKeyword.groovy:78)\r\n\tat com.kms.katalon.core.webui.keyword.builtin.AcceptAlertKeyword$_acceptAlert_closure1.call(AcceptAlertKeyword.groovy)\r\n\tat com.kms.katalon.core.webui.keyword.internal.WebUIKeywordMain.runKeyword(WebUIKeywordMain.groovy:20)\r\n\tat com.kms.katalon.core.webui.keyword.builtin.AcceptAlertKeyword.acceptAlert(AcceptAlertKeyword.groovy:71)\r\n\tat com.kms.katalon.core.webui.keyword.builtin.AcceptAlertKeyword.execute(AcceptAlertKeyword.groovy:66)\r\n\tat com.kms.katalon.core.keyword.internal.KeywordExecutor.executeKeywordForPlatform(KeywordExecutor.groovy:56)\r\n\tat com.kms.katalon.core.webui.keyword.WebUiBuiltInKeywords.acceptAlert(WebUiBuiltInKeywords.groovy:1492)\r\n\tat com.kms.katalon.core.webui.keyword.WebUiBuiltInKeywords$acceptAlert$6.call(Unknown Source)\r\n\tat Search Asset.run(Search Asset:34)\r\n\tat com.kms.katalon.core.main.ScriptEngine.run(ScriptEngine.java:194)\r\n\tat com.kms.katalon.core.main.ScriptEngine.runScriptAsRawText(ScriptEngine.java:119)\r\n\tat com.kms.katalon.core.main.TestCaseExecutor.runScript(TestCaseExecutor.java:337)\r\n\tat com.kms.katalon.core.main.TestCaseExecutor.doExecute(TestCaseExecutor.java:328)\r\n\tat com.kms.katalon.core.main.TestCaseExecutor.processExecutionPhase(TestCaseExecutor.java:307)\r\n\tat com.kms.katalon.core.main.TestCaseExecutor.accessMainPhase(TestCaseExecutor.java:299)\r\n\tat com.kms.katalon.core.main.TestCaseExecutor.execute(TestCaseExecutor.java:233)\r\n\tat com.kms.katalon.core.main.TestSuiteExecutor.accessTestCaseMainPhase(TestSuiteExecutor.java:169)\r\n\tat com.kms.katalon.core.main.TestSuiteExecutor.accessTestSuiteMainPhase(TestSuiteExecutor.java:142)\r\n\tat com.kms.katalon.core.main.TestSuiteExecutor.execute(TestSuiteExecutor.java:91)\r\n\tat com.kms.katalon.core.main.TestCaseMain.startTestSuite(TestCaseMain.java:157)\r\n\tat com.kms.katalon.core.main.TestCaseMain$startTestSuite$0.call(Unknown Source)\r\n\tat TempTestSuite1568985768366.run(TempTestSuite1568985768366.groovy:35)\r\n)\r\n\tat com.kms.katalon.core.keyword.internal.KeywordMain.stepFailed(KeywordMain.groovy:39)\r\n\tat com.kms.katalon.core.webui.keyword.internal.WebUIKeywordMain.stepFailed(WebUIKeywordMain.groovy:64)\r\n\tat com.kms.katalon.core.webui.keyword.builtin.AcceptAlertKeyword$_acceptAlert_closure1.doCall(AcceptAlertKeyword.groovy:78)\r\n\tat com.kms.katalon.core.webui.keyword.builtin.AcceptAlertKeyword$_acceptAlert_closure1.call(AcceptAlertKeyword.groovy)\r\n\tat com.kms.katalon.core.webui.keyword.internal.WebUIKeywordMain.runKeyword(WebUIKeywordMain.groovy:20)\r\n\tat com.kms.katalon.core.webui.keyword.builtin.AcceptAlertKeyword.acceptAlert(AcceptAlertKeyword.groovy:71)\r\n\tat com.kms.katalon.core.webui.keyword.builtin.AcceptAlertKeyword.execute(AcceptAlertKeyword.groovy:66)\r\n\tat com.kms.katalon.core.keyword.internal.KeywordExecutor.executeKeywordForPlatform(KeywordExecutor.groovy:56)\r\n\tat com.kms.katalon.core.webui.keyword.WebUiBuiltInKeywords.acceptAlert(WebUiBuiltInKeywords.groovy:1492)\r\n\tat com.kms.katalon.core.webui.keyword.WebUiBuiltInKeywords$acceptAlert$6.call(Unknown Source)\r\n\tat Search Asset.run(Search Asset:34)\r\n\tat com.kms.katalon.core.main.ScriptEngine.run(ScriptEngine.java:194)\r\n\tat com.kms.katalon.core.main.ScriptEngine.runScriptAsRawText(ScriptEngine.java:119)\r\n\tat com.kms.katalon.core.main.TestCaseExecutor.runScript(TestCaseExecutor.java:337)\r\n\tat com.kms.katalon.core.main.TestCaseExecutor.doExecute(TestCaseExecutor.java:328)\r\n\tat com.kms.katalon.core.main.TestCaseExecutor.processExecutionPhase(TestCaseExecutor.java:307)\r\n\tat com.kms.katalon.core.main.TestCaseExecutor.accessMainPhase(TestCaseExecutor.java:299)\r\n\tat com.kms.katalon.core.main.TestCaseExecutor.execute(TestCaseExecutor.java:233)\r\n\tat com.kms.katalon.core.main.TestSuiteExecutor.accessTestCaseMainPhase(TestSuiteExecutor.java:169)\r\n\tat com.kms.katalon.core.main.TestSuiteExecutor.accessTestSuiteMainPhase(TestSuiteExecutor.java:142)\r\n\tat com.kms.katalon.core.main.TestSuiteExecutor.execute(TestSuiteExecutor.java:91)\r\n\tat com.kms.katalon.core.main.TestCaseMain.startTestSuite(TestCaseMain.java:157)\r\n\tat com.kms.katalon.core.main.TestCaseMain$startTestSuite$0.call(Unknown Source)\r\n\tat TempTestSuite1568985768366.run(TempTestSuite1568985768366.groovy:35)\r\nCaused by: com.kms.katalon.core.exception.StepFailedException: No alert found\r\n\t... 23 more\r\n</message>
  <exception>
    <message>com.kms.katalon.core.exception.StepFailedException: No alert found (Root cause: com.kms.katalon.core.exception.StepFailedException: No alert found
	at com.kms.katalon.core.webui.keyword.internal.WebUIKeywordMain.stepFailed(WebUIKeywordMain.groovy:64)
	at com.kms.katalon.core.webui.keyword.builtin.AcceptAlertKeyword$_acceptAlert_closure1.doCall(AcceptAlertKeyword.groovy:78)
	at com.kms.katalon.core.webui.keyword.builtin.AcceptAlertKeyword$_acceptAlert_closure1.call(AcceptAlertKeyword.groovy)
	at com.kms.katalon.core.webui.keyword.internal.WebUIKeywordMain.runKeyword(WebUIKeywordMain.groovy:20)
	at com.kms.katalon.core.webui.keyword.builtin.AcceptAlertKeyword.acceptAlert(AcceptAlertKeyword.groovy:71)
	at com.kms.katalon.core.webui.keyword.builtin.AcceptAlertKeyword.execute(AcceptAlertKeyword.groovy:66)
	at com.kms.katalon.core.keyword.internal.KeywordExecutor.executeKeywordForPlatform(KeywordExecutor.groovy:56)
	at com.kms.katalon.core.webui.keyword.WebUiBuiltInKeywords.acceptAlert(WebUiBuiltInKeywords.groovy:1492)
	at com.kms.katalon.core.webui.keyword.WebUiBuiltInKeywords$acceptAlert$6.call(Unknown Source)
	at Search Asset.run(Search Asset:34)
	at com.kms.katalon.core.main.ScriptEngine.run(ScriptEngine.java:194)
	at com.kms.katalon.core.main.ScriptEngine.runScriptAsRawText(ScriptEngine.java:119)
	at com.kms.katalon.core.main.TestCaseExecutor.runScript(TestCaseExecutor.java:337)
	at com.kms.katalon.core.main.TestCaseExecutor.doExecute(TestCaseExecutor.java:328)
	at com.kms.katalon.core.main.TestCaseExecutor.processExecutionPhase(TestCaseExecutor.java:307)
	at com.kms.katalon.core.main.TestCaseExecutor.accessMainPhase(TestCaseExecutor.java:299)
	at com.kms.katalon.core.main.TestCaseExecutor.execute(TestCaseExecutor.java:233)
	at com.kms.katalon.core.main.TestSuiteExecutor.accessTestCaseMainPhase(TestSuiteExecutor.java:169)
	at com.kms.katalon.core.main.TestSuiteExecutor.accessTestSuiteMainPhase(TestSuiteExecutor.java:142)
	at com.kms.katalon.core.main.TestSuiteExecutor.execute(TestSuiteExecutor.java:91)
	at com.kms.katalon.core.main.TestCaseMain.startTestSuite(TestCaseMain.java:157)
	at com.kms.katalon.core.main.TestCaseMain$startTestSuite$0.call(Unknown Source)
	at TempTestSuite1568985768366.run(TempTestSuite1568985768366.groovy:35)
)</message>
    <frame>
      <class>com.kms.katalon.core.keyword.internal.KeywordMain</class>
      <method>stepFailed</method>
      <line>39</line>
    </frame>
    <frame>
      <class>com.kms.katalon.core.webui.keyword.internal.WebUIKeywordMain</class>
      <method>stepFailed</method>
      <line>64</line>
    </frame>
    <frame>
      <class>com.kms.katalon.core.webui.keyword.builtin.AcceptAlertKeyword$_acceptAlert_closure1</class>
      <method>doCall</method>
      <line>78</line>
    </frame>
    <frame>
      <class>com.kms.katalon.core.webui.keyword.builtin.AcceptAlertKeyword$_acceptAlert_closure1</class>
      <method>call</method>
    </frame>
    <frame>
      <class>com.kms.katalon.core.webui.keyword.internal.WebUIKeywordMain</class>
      <method>runKeyword</method>
      <line>20</line>
    </frame>
    <frame>
      <class>com.kms.katalon.core.webui.keyword.builtin.AcceptAlertKeyword</class>
      <method>acceptAlert</method>
      <line>71</line>
    </frame>
    <frame>
      <class>com.kms.katalon.core.webui.keyword.builtin.AcceptAlertKeyword</class>
      <method>execute</method>
      <line>66</line>
    </frame>
    <frame>
      <class>com.kms.katalon.core.keyword.internal.KeywordExecutor</class>
      <method>executeKeywordForPlatform</method>
      <line>56</line>
    </frame>
    <frame>
      <class>com.kms.katalon.core.webui.keyword.WebUiBuiltInKeywords</class>
      <method>acceptAlert</method>
      <line>1492</line>
    </frame>
    <frame>
      <class>com.kms.katalon.core.webui.keyword.WebUiBuiltInKeywords$acceptAlert$6</class>
      <method>call</method>
    </frame>
    <frame>
      <class>Search Asset</class>
      <method>run</method>
      <line>34</line>
    </frame>
    <frame>
      <class>com.kms.katalon.core.main.ScriptEngine</class>
      <method>run</method>
      <line>194</line>
    </frame>
    <frame>
      <class>com.kms.katalon.core.main.ScriptEngine</class>
      <method>runScriptAsRawText</method>
      <line>119</line>
    </frame>
    <frame>
      <class>com.kms.katalon.core.main.TestCaseExecutor</class>
      <method>runScript</method>
      <line>337</line>
    </frame>
    <frame>
      <class>com.kms.katalon.core.main.TestCaseExecutor</class>
      <method>doExecute</method>
      <line>328</line>
    </frame>
    <frame>
      <class>com.kms.katalon.core.main.TestCaseExecutor</class>
      <method>processExecutionPhase</method>
      <line>307</line>
    </frame>
    <frame>
      <class>com.kms.katalon.core.main.TestCaseExecutor</class>
      <method>accessMainPhase</method>
      <line>299</line>
    </frame>
    <frame>
      <class>com.kms.katalon.core.main.TestCaseExecutor</class>
      <method>execute</method>
      <line>233</line>
    </frame>
    <frame>
      <class>com.kms.katalon.core.main.TestSuiteExecutor</class>
      <method>accessTestCaseMainPhase</method>
      <line>169</line>
    </frame>
    <frame>
      <class>com.kms.katalon.core.main.TestSuiteExecutor</class>
      <method>accessTestSuiteMainPhase</method>
      <line>142</line>
    </frame>
    <frame>
      <class>com.kms.katalon.core.main.TestSuiteExecutor</class>
      <method>execute</method>
      <line>91</line>
    </frame>
    <frame>
      <class>com.kms.katalon.core.main.TestCaseMain</class>
      <method>startTestSuite</method>
      <line>157</line>
    </frame>
    <frame>
      <class>com.kms.katalon.core.main.TestCaseMain$startTestSuite$0</class>
      <method>call</method>
    </frame>
    <frame>
      <class>TempTestSuite1568985768366</class>
      <method>run</method>
      <line>35</line>
    </frame>
  </exception>
  <nestedLevel>0</nestedLevel>
  <property name="failed.exception.stacktrace">com.kms.katalon.core.exception.StepFailedException: No alert found\r\n\tat com.kms.katalon.core.webui.keyword.internal.WebUIKeywordMain.stepFailed(WebUIKeywordMain.groovy:64)\r\n\tat com.kms.katalon.core.webui.keyword.builtin.AcceptAlertKeyword$_acceptAlert_closure1.doCall(AcceptAlertKeyword.groovy:78)\r\n\tat com.kms.katalon.core.webui.keyword.builtin.AcceptAlertKeyword$_acceptAlert_closure1.call(AcceptAlertKeyword.groovy)\r\n\tat com.kms.katalon.core.webui.keyword.internal.WebUIKeywordMain.runKeyword(WebUIKeywordMain.groovy:20)\r\n\tat com.kms.katalon.core.webui.keyword.builtin.AcceptAlertKeyword.acceptAlert(AcceptAlertKeyword.groovy:71)\r\n\tat com.kms.katalon.core.webui.keyword.builtin.AcceptAlertKeyword.execute(AcceptAlertKeyword.groovy:66)\r\n\tat com.kms.katalon.core.keyword.internal.KeywordExecutor.executeKeywordForPlatform(KeywordExecutor.groovy:56)\r\n\tat com.kms.katalon.core.webui.keyword.WebUiBuiltInKeywords.acceptAlert(WebUiBuiltInKeywords.groovy:1492)\r\n\tat com.kms.katalon.core.webui.keyword.WebUiBuiltInKeywords$acceptAlert$6.call(Unknown Source)\r\n\tat Search Asset.run(Search Asset:34)\r\n\tat com.kms.katalon.core.main.ScriptEngine.run(ScriptEngine.java:194)\r\n\tat com.kms.katalon.core.main.ScriptEngine.runScriptAsRawText(ScriptEngine.java:119)\r\n\tat com.kms.katalon.core.main.TestCaseExecutor.runScript(TestCaseExecutor.java:337)\r\n\tat com.kms.katalon.core.main.TestCaseExecutor.doExecute(TestCaseExecutor.java:328)\r\n\tat com.kms.katalon.core.main.TestCaseExecutor.processExecutionPhase(TestCaseExecutor.java:307)\r\n\tat com.kms.katalon.core.main.TestCaseExecutor.accessMainPhase(TestCaseExecutor.java:299)\r\n\tat com.kms.katalon.core.main.TestCaseExecutor.execute(TestCaseExecutor.java:233)\r\n\tat com.kms.katalon.core.main.TestSuiteExecutor.accessTestCaseMainPhase(TestSuiteExecutor.java:169)\r\n\tat com.kms.katalon.core.main.TestSuiteExecutor.accessTestSuiteMainPhase(TestSuiteExecutor.java:142)\r\n\tat com.kms.katalon.core.main.TestSuiteExecutor.execute(TestSuiteExecutor.java:91)\r\n\tat com.kms.katalon.core.main.TestCaseMain.startTestSuite(TestCaseMain.java:157)\r\n\tat com.kms.katalon.core.main.TestCaseMain$startTestSuite$0.call(Unknown Source)\r\n\tat TempTestSuite1568985768366.run(TempTestSuite1568985768366.groovy:35)\r\n</property>
  <property name="failed.exception.class">com.kms.katalon.core.exception.StepFailedException</property>
  <property name="failed.exception.message">No alert found</property>
</record>
<record>
  <date>2019-09-20T14:24:03</date>
  <millis>1568985843566</millis>
  <sequence>149</sequence>
  <level>END</level>
  <class>com.kms.katalon.core.logging.XmlKeywordLogger</class>
  <method>endTest</method>
  <thread>1</thread>
  <message>End Test Case : Test Cases/Assets/Search Asset</message>
  <nestedLevel>0</nestedLevel>
</record>
<record>
  <date>2019-09-20T14:24:03</date>
  <millis>1568985843572</millis>
  <sequence>150</sequence>
  <level>START</level>
  <class>com.kms.katalon.core.logging.XmlKeywordLogger</class>
  <method>startKeyword</method>
  <thread>1</thread>
  <message>Start listener action : exportKatalonReports</message>
  <nestedLevel>0</nestedLevel>
</record>
<record>
  <date>2019-09-20T14:24:03</date>
  <millis>1568985843872</millis>
  <sequence>298</sequence>
  <level>INFO</level>
  <class>com.kms.katalon.core.logging.XmlKeywordLogger</class>
  <method>logMessage</method>
  <thread>1</thread>
  <message>Start generating HTML report folder at: C:\\Adzu UAT\\Adzu\\Adzu\\Reports\\20190920_142248\\Marketing Content\\Add Assets\\Add Asset - swf file\\20190920_142248...</message>
  <nestedLevel>0</nestedLevel>
</record>
<record>
  <date>2019-09-20T14:24:04</date>
  <millis>1568985844066</millis>
  <sequence>299</sequence>
  <level>INFO</level>
  <class>com.kms.katalon.core.logging.XmlKeywordLogger</class>
  <method>logMessage</method>
  <thread>1</thread>
  <message>HTML report generated</message>
  <nestedLevel>0</nestedLevel>
</record>
<record>
  <date>2019-09-20T14:24:04</date>
  <millis>1568985844067</millis>
  <sequence>300</sequence>
  <level>INFO</level>
  <class>com.kms.katalon.core.logging.XmlKeywordLogger</class>
  <method>logMessage</method>
  <thread>1</thread>
  <message>Start generating CSV report folder at: C:\\Adzu UAT\\Adzu\\Adzu\\Reports\\20190920_142248\\Marketing Content\\Add Assets\\Add Asset - swf file\\20190920_142248...</message>
  <nestedLevel>0</nestedLevel>
</record>
<record>
  <date>2019-09-20T14:24:04</date>
  <millis>1568985844209</millis>
  <sequence>301</sequence>
  <level>INFO</level>
  <class>com.kms.katalon.core.logging.XmlKeywordLogger</class>
  <method>logMessage</method>
  <thread>1</thread>
  <message>CSV report generated</message>
  <nestedLevel>0</nestedLevel>
</record>
<record>
  <date>2019-09-20T14:24:04</date>
  <millis>1568985844210</millis>
  <sequence>302</sequence>
  <level>INFO</level>
  <class>com.kms.katalon.core.logging.XmlKeywordLogger</class>
  <method>logMessage</method>
  <thread>1</thread>
  <message>Start generating JUnit report folder at: C:\\Adzu UAT\\Adzu\\Adzu\\Reports\\20190920_142248\\Marketing Content\\Add Assets\\Add Asset - swf file\\20190920_142248...</message>
  <nestedLevel>0</nestedLevel>
</record>
<record>
  <date>2019-09-20T14:24:04</date>
  <millis>1568985844527</millis>
  <sequence>303</sequence>
  <level>INFO</level>
  <class>com.kms.katalon.core.logging.XmlKeywordLogger</class>
  <method>logMessage</method>
  <thread>1</thread>
  <message>JUnit report generated</message>
  <nestedLevel>0</nestedLevel>
</record>
<record>
  <date>2019-09-20T14:24:04</date>
  <millis>1568985844527</millis>
  <sequence>305</sequence>
  <level>END</level>
  <class>com.kms.katalon.core.logging.XmlKeywordLogger</class>
  <method>endKeyword</method>
  <thread>1</thread>
  <message>End listener action : exportKatalonReports</message>
  <nestedLevel>0</nestedLevel>
</record>
<record>
  <date>2019-09-20T14:24:06</date>
  <millis>1568985846260</millis>
  <sequence>306</sequence>
  <level>END</level>
  <class>com.kms.katalon.core.logging.XmlKeywordLogger</class>
  <method>endSuite</method>
  <thread>1</thread>
  <message>End Test Suite : Test Suites/Marketing Content/Add Assets/Add Asset - swf file</message>
  <nestedLevel>0</nestedLevel>
</record>
</log>