I 2019-10-11 10:53:03:296 server.cc(86) Starting WebDriver server on port: '48121' on host: ''
T 2019-10-11 10:53:03:297 server.cc(634) Entering Server::PopulateCommandRepository
T 2019-10-11 10:53:03:297 IEServer.cpp(32) Entering IEServer::IEServer
I 2019-10-11 10:53:03:297 IEServer.cpp(33) Driver version: 3.6.0.0 (32-bit)
T 2019-10-11 10:53:03:297 server.cc(121) Entering Server::Start
D 2019-10-11 10:53:03:297 server.cc(148) Civetweb ACL is -0.0.0.0/0,+127.0.0.1
T 2019-10-11 10:53:03:658 server.cc(174) Entering Server::ProcessRequest
T 2019-10-11 10:53:03:658 server.cc(183) Process request with: URI: /status HTTP verb: GET
body: {}
T 2019-10-11 10:53:03:660 server.cc(272) Entering Server::DispatchCommand
T 2019-10-11 10:53:03:661 server.cc(583) Entering Server::LookupCommand
D 2019-10-11 10:53:03:661 server.cc(281) Command: GET /status {}
T 2019-10-11 10:53:03:661 IEServer.cpp(51) Entering IEServer::GetStatus
T 2019-10-11 10:53:03:665 response.cc(72) Entering Response::SetSuccessResponse
T 2019-10-11 10:53:03:665 response.cc(78) Entering Response::SetResponse
T 2019-10-11 10:53:03:665 response.cc(51) Entering Response::Serialize
D 2019-10-11 10:53:03:666 server.cc(338) Response: {"value":{"build":{"version":"3.6.0.0 (32-bit)"},"message":"Ready to create session","os":{"arch":"x64","name":"windows","version":"10.0.17134.858 (WinBuild.160101.0800)"},"ready":true}}

T 2019-10-11 10:53:03:666 server.cc(391) Entering Server::SendResponseToClient
T 2019-10-11 10:53:03:666 response.cc(30) Entering Response::Deserialize
T 2019-10-11 10:53:03:666 server.cc(445) Entering Server::SendHttpOk
T 2019-10-11 10:53:04:156 server.cc(174) Entering Server::ProcessRequest
T 2019-10-11 10:53:04:156 server.cc(238) Entering Server::ReadRequestBody
T 2019-10-11 10:53:04:156 server.cc(183) Process request with: URI: /session HTTP verb: POST
body: {
  "desiredCapabilities": {
    "se:ieOptions": {
      "ie.usePerProcessProxy": "true",
      "ignoreProtectedModeSettings": true
    },
    "browserName": "internet explorer",
    "ie.usePerProcessProxy": "true",
    "ignoreProtectedModeSettings": true
  },
  "capabilities": {
    "firstMatch": [
      {
        "browserName": "internet explorer",
        "se:ieOptions": {
          "ie.usePerProcessProxy": "true",
          "ignoreProtectedModeSettings": true
        }
      }
    ]
  }
}
T 2019-10-11 10:53:04:156 server.cc(272) Entering Server::DispatchCommand
T 2019-10-11 10:53:04:156 server.cc(583) Entering Server::LookupCommand
D 2019-10-11 10:53:04:156 server.cc(281) Command: POST /session {
  "desiredCapabilities": {
    "se:ieOptions": {
      "ie.usePerProcessProxy": "true",
      "ignoreProtectedModeSettings": true
    },
    "browserName": "internet explorer",
    "ie.usePerProcessProxy": "true",
    "ignoreProtectedModeSettings": true
  },
  "capabilities": {
    "firstMatch": [
      {
        "browserName": "internet explorer",
        "se:ieOptions": {
          "ie.usePerProcessProxy": "true",
          "ignoreProtectedModeSettings": true
        }
      }
    ]
  }
}
T 2019-10-11 10:53:04:156 IEServer.cpp(42) Entering IEServer::InitializeSession
T 2019-10-11 10:53:04:156 IESession.cpp(38) Entering IESession::Initialize
D 2019-10-11 10:53:04:156 IESession.cpp(53) Mutex acquired for session initalization
T 2019-10-11 10:53:04:157 IECommandExecutor.cpp(386) Entering IECommandExecutor::ThreadProc
T 2019-10-11 10:53:04:161 IECommandExecutor.cpp(47) Entering IECommandExecutor::OnCreate
T 2019-10-11 10:53:04:162 IECommandExecutor.cpp(753) Entering IECommandExecutor::PopulateElementFinderMethods
T 2019-10-11 10:53:04:162 InputManager.cpp(40) Entering InputManager::InputManager
T 2019-10-11 10:53:04:162 InputManager.cpp(75) Entering InputManager::Initialize
T 2019-10-11 10:53:04:162 BrowserFactory.cpp(998) Entering BrowserFactory::GetExecutableLocation
T 2019-10-11 10:53:04:163 BrowserFactory.cpp(1039) Entering BrowserFactory::GetIEVersion
T 2019-10-11 10:53:04:164 CommandHandlerRepository.cpp(108) Entering CommandHandlerRepository::PopulateCommandHandlers
T 2019-10-11 10:53:04:164 IESession.cpp(99) Created thread for command executor returns HWND: '000326AA'
T 2019-10-11 10:53:04:165 IESession.cpp(103) Session id is retrived from command executor window: '21035901-87c1-4a95-8e31-d7b62cf56d3c'
D 2019-10-11 10:53:04:165 IESession.cpp(109) Releasing session initialization mutex
T 2019-10-11 10:53:04:165 IESession.cpp(191) Entering IESession::ExecuteCommand
T 2019-10-11 10:53:04:165 IECommandExecutor.cpp(122) Entering IECommandExecutor::OnSetCommand
T 2019-10-11 10:53:04:165 command.cc(31) Entering Command::Deserialize
D 2019-10-11 10:53:04:165 command.cc(36) Raw JSON command: { "name" : "newSession", "locator" : { }, "parameters" : {
  "desiredCapabilities": {
    "se:ieOptions": {
      "ie.usePerProcessProxy": "true",
      "ignoreProtectedModeSettings": true
    },
    "browserName": "internet explorer",
    "ie.usePerProcessProxy": "true",
    "ignoreProtectedModeSettings": true
  },
  "capabilities": {
    "firstMatch": [
      {
        "browserName": "internet explorer",
        "se:ieOptions": {
          "ie.usePerProcessProxy": "true",
          "ignoreProtectedModeSettings": true
        }
      }
    ]
  }
} }
T 2019-10-11 10:53:04:165 IECommandExecutor.cpp(133) Entering IECommandExecutor::OnExecCommand
T 2019-10-11 10:53:04:165 IECommandExecutor.cpp(454) Entering IECommandExecutor::DispatchCommand
D 2019-10-11 10:53:04:165 CommandHandlers\NewSessionCommandHandler.cpp(46) Found W3C capabilities structure
D 2019-10-11 10:53:04:165 CommandHandlers\NewSessionCommandHandler.cpp(505) Validating capabilities object
D 2019-10-11 10:53:04:165 CommandHandlers\NewSessionCommandHandler.cpp(505) Validating capabilities object
D 2019-10-11 10:53:04:165 CommandHandlers\NewSessionCommandHandler.cpp(535) Found browserNamecapability. Validating value type is string.
D 2019-10-11 10:53:04:165 CommandHandlers\NewSessionCommandHandler.cpp(794) Found proxycapability. Validating value type is object.
T 2019-10-11 10:53:04:166 BrowserFactory.cpp(113) Entering BrowserFactory::Initialize
T 2019-10-11 10:53:04:166 IECommandExecutor.cpp(631) Entering IECommandExecutor::CreateNewBrowser
T 2019-10-11 10:53:04:166 BrowserFactory.cpp(142) Entering BrowserFactory::LaunchBrowserProcess
D 2019-10-11 10:53:04:166 BrowserFactory.cpp(146) Ignoring Protected Mode Settings: 1
D 2019-10-11 10:53:04:166 BrowserFactory.cpp(152) Has Valid Protected Mode Settings: 0
T 2019-10-11 10:53:04:166 BrowserFactory.cpp(226) Entering BrowserFactory::IsIELaunchURLAvailable
T 2019-10-11 10:53:04:180 BrowserFactory.cpp(130) Entering BrowserFactory::ClearCache
T 2019-10-11 10:53:04:180 BrowserFactory.cpp(247) Entering BrowserFactory::LaunchBrowserUsingIELaunchURL
D 2019-10-11 10:53:04:180 BrowserFactory.cpp(248) Starting IE using the IELaunchURL API
D 2019-10-11 10:53:04:786 BrowserFactory.cpp(202) IE launched successfully with process ID 17888
D 2019-10-11 10:53:04:787 BrowserFactory.cpp(208) Process with ID 17888 is executing iexplore.exe
T 2019-10-11 10:53:04:787 BrowserFactory.cpp(365) Entering BrowserFactory::AttachToBrowser
D 2019-10-11 10:53:04:787 BrowserFactory.cpp(375) Using Active Accessibility to find IWebBrowser2 interface
T 2019-10-11 10:53:04:787 BrowserFactory.cpp(414) Entering BrowserFactory::AttachToBrowserUsingActiveAccessibility
T 2019-10-11 10:53:05:194 server.cc(174) Entering Server::ProcessRequest
T 2019-10-11 10:53:05:194 server.cc(183) Process request with: URI: / HTTP verb: GET
body: {}
T 2019-10-11 10:53:05:194 server.cc(445) Entering Server::SendHttpOk
D 2019-10-11 10:53:05:799 BrowserFactory.cpp(434) Found window handle 0016247C for window with class 'Internet Explorer_Server' belonging to process with id 17888
T 2019-10-11 10:53:05:799 BrowserFactory.cpp(329) Entering BrowserFactory::GetDocumentFromWindowHandle
T 2019-10-11 10:53:05:799 IESession.cpp(212) Beginning wait for response length to be not zero
T 2019-10-11 10:53:05:814 server.cc(174) Entering Server::ProcessRequest
T 2019-10-11 10:53:05:814 server.cc(183) Process request with: URI: /favicon.ico HTTP verb: GET
body: {}
T 2019-10-11 10:53:05:815 server.cc(272) Entering Server::DispatchCommand
T 2019-10-11 10:53:05:815 server.cc(583) Entering Server::LookupCommand
D 2019-10-11 10:53:05:815 server.cc(281) Command: GET /favicon.ico {}
D 2019-10-11 10:53:05:815 server.cc(338) Response: { "error" : "unknown method", "message" : "Command not found: GET /favicon.ico" }
T 2019-10-11 10:53:05:815 server.cc(391) Entering Server::SendResponseToClient
T 2019-10-11 10:53:05:815 response.cc(30) Entering Response::Deserialize
T 2019-10-11 10:53:05:815 server.cc(445) Entering Server::SendHttpOk
D 2019-10-11 10:53:05:917 BrowserFactory.cpp(396) Ignoring zoom setting: 0
T 2019-10-11 10:53:05:918 BrowserFactory.cpp(574) Entering BrowserFactory::GetBrowserZoomLevel
T 2019-10-11 10:53:05:935 BrowserFactory.cpp(614) Entering BrowserFactory::GetZoomLevel
D 2019-10-11 10:53:05:971 BrowserFactory.cpp(694) Browser zoom level is 100%
I 2019-10-11 10:53:05:973 IECommandExecutor.cpp(654) Persistent hovering set to: 1
T 2019-10-11 10:53:05:973 ProxyManager.cpp(97) ProxyManager::SetProxySettings
D 2019-10-11 10:53:05:973 ProxyManager.cpp(113) Using existing system proxy settings.
T 2019-10-11 10:53:05:973 DocumentHost.cpp(33) Entering DocumentHost::DocumentHost
T 2019-10-11 10:53:05:973 CookieManager.cpp(49) Entering CookieManager::Initialize
T 2019-10-11 10:53:05:973 Browser.cpp(33) Entering Browser::Browser
T 2019-10-11 10:53:05:974 Browser.cpp(293) Entering Browser::AttachEvents
T 2019-10-11 10:53:05:977 IECommandExecutor.cpp(621) Entering IECommandExecutor::AddManagedBrowser
T 2019-10-11 10:53:05:977 IECommandExecutor.cpp(625) Setting current browser id to b75b42e8-e485-42f3-b234-d47365176a1e
T 2019-10-11 10:53:05:978 response.cc(72) Entering Response::SetSuccessResponse
T 2019-10-11 10:53:05:978 response.cc(78) Entering Response::SetResponse
T 2019-10-11 10:53:05:978 IECommandExecutor.cpp(577) Entering IECommandExecutor::GetCurrentBrowser
T 2019-10-11 10:53:05:978 IECommandExecutor.cpp(583) Entering IECommandExecutor::GetManagedBrowser
T 2019-10-11 10:53:05:978 response.cc(51) Entering Response::Serialize
T 2019-10-11 10:53:05:986 IESession.cpp(221) Found non-zero response length
T 2019-10-11 10:53:05:986 IECommandExecutor.cpp(156) Entering IECommandExecutor::OnGetResponse
T 2019-10-11 10:53:05:986 IECommandExecutor.cpp(285) Entering IECommandExecutor::OnIsSessionValid
T 2019-10-11 10:53:05:986 response.cc(30) Entering Response::Deserialize
D 2019-10-11 10:53:05:986 server.cc(338) Response: {"value":{"capabilities":{"acceptInsecureCerts":false,"browserName":"internet explorer","browserVersion":"11","pageLoadStrategy":"normal","platformName":"windows","se:ieOptions":{"browserAttachTimeout":0,"elementScrollBehavior":0,"enablePersistentHover":true,"ie.browserCommandLineSwitches":"","ie.ensureCleanSession":false,"ie.fileUploadDialogTimeout":3000,"ie.forceCreateProcessApi":false,"ignoreProtectedModeSettings":true,"ignoreZoomSetting":false,"initialBrowserUrl":"http://localhost:48121/","nativeEvents":true,"requireWindowFocus":false},"setWindowRect":true},"sessionId":"21035901-87c1-4a95-8e31-d7b62cf56d3c"}}

T 2019-10-11 10:53:05:986 server.cc(391) Entering Server::SendResponseToClient
T 2019-10-11 10:53:05:986 response.cc(30) Entering Response::Deserialize
T 2019-10-11 10:53:05:986 server.cc(445) Entering Server::SendHttpOk
T 2019-10-11 10:53:07:070 server.cc(174) Entering Server::ProcessRequest
T 2019-10-11 10:53:07:070 server.cc(238) Entering Server::ReadRequestBody
T 2019-10-11 10:53:07:070 server.cc(183) Process request with: URI: /session/21035901-87c1-4a95-8e31-d7b62cf56d3c/timeouts HTTP verb: POST
body: {
  "implicit": 0
}
T 2019-10-11 10:53:07:070 server.cc(272) Entering Server::DispatchCommand
T 2019-10-11 10:53:07:070 server.cc(583) Entering Server::LookupCommand
D 2019-10-11 10:53:07:070 server.cc(281) Command: POST /session/21035901-87c1-4a95-8e31-d7b62cf56d3c/timeouts {
  "implicit": 0
}
T 2019-10-11 10:53:07:070 server.cc(378) Entering Server::LookupSession
T 2019-10-11 10:53:07:071 IESession.cpp(191) Entering IESession::ExecuteCommand
T 2019-10-11 10:53:07:071 IECommandExecutor.cpp(122) Entering IECommandExecutor::OnSetCommand
T 2019-10-11 10:53:07:071 command.cc(31) Entering Command::Deserialize
D 2019-10-11 10:53:07:071 command.cc(36) Raw JSON command: { "name" : "setTimeouts", "locator" : { "sessionid" : "21035901-87c1-4a95-8e31-d7b62cf56d3c" }, "parameters" : {
  "implicit": 0
} }
T 2019-10-11 10:53:07:071 IECommandExecutor.cpp(133) Entering IECommandExecutor::OnExecCommand
T 2019-10-11 10:53:07:072 IESession.cpp(212) Beginning wait for response length to be not zero
T 2019-10-11 10:53:07:072 IECommandExecutor.cpp(454) Entering IECommandExecutor::DispatchCommand
T 2019-10-11 10:53:07:072 IECommandExecutor.cpp(577) Entering IECommandExecutor::GetCurrentBrowser
T 2019-10-11 10:53:07:072 IECommandExecutor.cpp(583) Entering IECommandExecutor::GetManagedBrowser
T 2019-10-11 10:53:07:072 IECommandExecutor.cpp(529) Entering IECommandExecutor::IsAlertActive
T 2019-10-11 10:53:07:072 Browser.cpp(700) Entering Browser::GetActiveDialogWindowHandle
T 2019-10-11 10:53:07:072 Browser.cpp(206) Entering Browser::GetContentWindowHandle
D 2019-10-11 10:53:07:073 IECommandExecutor.cpp(543) No alert handle is found
T 2019-10-11 10:53:07:073 IECommandExecutor.cpp(577) Entering IECommandExecutor::GetCurrentBrowser
T 2019-10-11 10:53:07:073 IECommandExecutor.cpp(583) Entering IECommandExecutor::GetManagedBrowser
T 2019-10-11 10:53:07:073 response.cc(51) Entering Response::Serialize
T 2019-10-11 10:53:07:083 IESession.cpp(221) Found non-zero response length
T 2019-10-11 10:53:07:083 IECommandExecutor.cpp(156) Entering IECommandExecutor::OnGetResponse
T 2019-10-11 10:53:07:084 IECommandExecutor.cpp(285) Entering IECommandExecutor::OnIsSessionValid
D 2019-10-11 10:53:07:084 server.cc(338) Response: {"value":null}

T 2019-10-11 10:53:07:084 server.cc(391) Entering Server::SendResponseToClient
T 2019-10-11 10:53:07:084 response.cc(30) Entering Response::Deserialize
T 2019-10-11 10:53:07:084 server.cc(445) Entering Server::SendHttpOk
T 2019-10-11 10:53:08:126 server.cc(174) Entering Server::ProcessRequest
T 2019-10-11 10:53:08:127 server.cc(238) Entering Server::ReadRequestBody
T 2019-10-11 10:53:08:127 server.cc(183) Process request with: URI: /session/21035901-87c1-4a95-8e31-d7b62cf56d3c/execute/sync HTTP verb: POST
body: {
  "script": "return navigator.sayswho= (function() { var ua= navigator.userAgent, tem, M= ua.match(\u002f(opera|chrome|safari|firefox|msie|trident)\\\u002f?\\s*(\\.?\\d+(\\.\\d+)*)\u002fi) || []; if (\u002ftrident\u002fi.test(M[1])) {     tem=  \u002f\\brv[ :]+(\\d+)\u002fg.exec(ua) || [];     return 'IE '+(tem[1] || ''); } if(M[1]=== 'Chrome') {     tem= ua.match(\u002f\\b(OPR|Edge)\\\u002f(\\d+)\u002f);     if(tem!= null) return tem.slice(1).join(' ').replace('OPR', 'Opera'); } M= M[2]? [M[1], M[2]]: [navigator.appName, navigator.appVersion, '-?']; if((tem= ua.match(\u002fversion\\\u002f(\\d+)\u002fi))!= null) M.splice(1, 1, tem[1]); return M.join(' ').replace('MSIE', 'IE');})();",
  "args": [
  ]
}
T 2019-10-11 10:53:08:127 server.cc(272) Entering Server::DispatchCommand
T 2019-10-11 10:53:08:127 server.cc(583) Entering Server::LookupCommand
D 2019-10-11 10:53:08:127 server.cc(281) Command: POST /session/21035901-87c1-4a95-8e31-d7b62cf56d3c/execute/sync {
  "script": "return navigator.sayswho= (function() { var ua= navigator.userAgent, tem, M= ua.match(\u002f(opera|chrome|safari|firefox|msie|trident)\\\u002f?\\s*(\\.?\\d+(\\.\\d+)*)\u002fi) || []; if (\u002ftrident\u002fi.test(M[1])) {     tem=  \u002f\\brv[ :]+(\\d+)\u002fg.exec(ua) || [];     return 'IE '+(tem[1] || ''); } if(M[1]=== 'Chrome') {     tem= ua.match(\u002f\\b(OPR|Edge)\\\u002f(\\d+)\u002f);     if(tem!= null) return tem.slice(1).join(' ').replace('OPR', 'Opera'); } M= M[2]? [M[1], M[2]]: [navigator.appName, navigator.appVersion, '-?']; if((tem= ua.match(\u002fversion\\\u002f(\\d+)\u002fi))!= null) M.splice(1, 1, tem[1]); return M.join(' ').replace('MSIE', 'IE');})();",
  "args": [
  ]
}
T 2019-10-11 10:53:08:128 server.cc(378) Entering Server::LookupSession
T 2019-10-11 10:53:08:128 IESession.cpp(191) Entering IESession::ExecuteCommand
T 2019-10-11 10:53:08:129 IECommandExecutor.cpp(122) Entering IECommandExecutor::OnSetCommand
T 2019-10-11 10:53:08:129 command.cc(31) Entering Command::Deserialize
D 2019-10-11 10:53:08:130 command.cc(36) Raw JSON command: { "name" : "executeScript", "locator" : { "sessionid" : "21035901-87c1-4a95-8e31-d7b62cf56d3c" }, "parameters" : {
  "script": "return navigator.sayswho= (function() { var ua= navigator.userAgent, tem, M= ua.match(\u002f(opera|chrome|safari|firefox|msie|trident)\\\u002f?\\s*(\\.?\\d+(\\.\\d+)*)\u002fi) || []; if (\u002ftrident\u002fi.test(M[1])) {     tem=  \u002f\\brv[ :]+(\\d+)\u002fg.exec(ua) || [];     return 'IE '+(tem[1] || ''); } if(M[1]=== 'Chrome') {     tem= ua.match(\u002f\\b(OPR|Edge)\\\u002f(\\d+)\u002f);     if(tem!= null) return tem.slice(1).join(' ').replace('OPR', 'Opera'); } M= M[2]? [M[1], M[2]]: [navigator.appName, navigator.appVersion, '-?']; if((tem= ua.match(\u002fversion\\\u002f(\\d+)\u002fi))!= null) M.splice(1, 1, tem[1]); return M.join(' ').replace('MSIE', 'IE');})();",
  "args": [
  ]
} }
T 2019-10-11 10:53:08:130 IECommandExecutor.cpp(133) Entering IECommandExecutor::OnExecCommand
T 2019-10-11 10:53:08:130 IECommandExecutor.cpp(454) Entering IECommandExecutor::DispatchCommand
T 2019-10-11 10:53:08:131 IECommandExecutor.cpp(577) Entering IECommandExecutor::GetCurrentBrowser
T 2019-10-11 10:53:08:130 IESession.cpp(212) Beginning wait for response length to be not zero
T 2019-10-11 10:53:08:131 IECommandExecutor.cpp(583) Entering IECommandExecutor::GetManagedBrowser
T 2019-10-11 10:53:08:131 IECommandExecutor.cpp(529) Entering IECommandExecutor::IsAlertActive
T 2019-10-11 10:53:08:131 Browser.cpp(700) Entering Browser::GetActiveDialogWindowHandle
T 2019-10-11 10:53:08:131 Browser.cpp(206) Entering Browser::GetContentWindowHandle
D 2019-10-11 10:53:08:132 IECommandExecutor.cpp(543) No alert handle is found
T 2019-10-11 10:53:08:133 IECommandExecutor.cpp(577) Entering IECommandExecutor::GetCurrentBrowser
T 2019-10-11 10:53:08:133 IECommandExecutor.cpp(583) Entering IECommandExecutor::GetManagedBrowser
T 2019-10-11 10:53:08:133 Browser.cpp(126) Entering Browser::GetDocument
I 2019-10-11 10:53:08:133 Browser.cpp(130) No child frame focus. Focus is on top-level frame
T 2019-10-11 10:53:08:176 Browser.cpp(613) Entering Browser::GetDocumentFromWindow
T 2019-10-11 10:53:08:195 Script.cpp(49) Entering Script::Initialize
T 2019-10-11 10:53:08:195 CommandHandlers\ExecuteScriptCommandHandler.cpp(85) Entering ExecuteScriptCommandHandler::PopulateArgumentArray
T 2019-10-11 10:53:08:195 Script.cpp(169) Entering Script::Execute
T 2019-10-11 10:53:08:195 Script.cpp(438) Entering Script::CreateAnonymousFunction
T 2019-10-11 10:53:08:231 Script.cpp(426) Entering Script::ConvertResultToJsonValue
T 2019-10-11 10:53:08:231 response.cc(72) Entering Response::SetSuccessResponse
T 2019-10-11 10:53:08:231 response.cc(78) Entering Response::SetResponse
T 2019-10-11 10:53:08:231 IECommandExecutor.cpp(577) Entering IECommandExecutor::GetCurrentBrowser
T 2019-10-11 10:53:08:231 IECommandExecutor.cpp(583) Entering IECommandExecutor::GetManagedBrowser
T 2019-10-11 10:53:08:231 response.cc(51) Entering Response::Serialize
T 2019-10-11 10:53:08:236 IESession.cpp(221) Found non-zero response length
T 2019-10-11 10:53:08:236 IECommandExecutor.cpp(156) Entering IECommandExecutor::OnGetResponse
T 2019-10-11 10:53:08:236 IECommandExecutor.cpp(285) Entering IECommandExecutor::OnIsSessionValid
D 2019-10-11 10:53:08:236 server.cc(338) Response: {"value":"IE 11"}

T 2019-10-11 10:53:08:236 server.cc(391) Entering Server::SendResponseToClient
T 2019-10-11 10:53:08:236 response.cc(30) Entering Response::Deserialize
T 2019-10-11 10:53:08:236 server.cc(445) Entering Server::SendHttpOk
T 2019-10-11 10:53:09:293 server.cc(174) Entering Server::ProcessRequest
T 2019-10-11 10:53:09:293 server.cc(238) Entering Server::ReadRequestBody
T 2019-10-11 10:53:09:293 server.cc(183) Process request with: URI: /session/21035901-87c1-4a95-8e31-d7b62cf56d3c/url HTTP verb: POST
body: {
  "url": "https:\u002f\u002fsamsung-adzu4-staging.codeworldwide.com\u002f#"
}
T 2019-10-11 10:53:09:293 server.cc(272) Entering Server::DispatchCommand
T 2019-10-11 10:53:09:293 server.cc(583) Entering Server::LookupCommand
D 2019-10-11 10:53:09:293 server.cc(281) Command: POST /session/21035901-87c1-4a95-8e31-d7b62cf56d3c/url {
  "url": "https:\u002f\u002fsamsung-adzu4-staging.codeworldwide.com\u002f#"
}
T 2019-10-11 10:53:09:293 server.cc(378) Entering Server::LookupSession
T 2019-10-11 10:53:09:293 IESession.cpp(191) Entering IESession::ExecuteCommand
T 2019-10-11 10:53:09:293 IECommandExecutor.cpp(122) Entering IECommandExecutor::OnSetCommand
T 2019-10-11 10:53:09:293 command.cc(31) Entering Command::Deserialize
D 2019-10-11 10:53:09:293 command.cc(36) Raw JSON command: { "name" : "get", "locator" : { "sessionid" : "21035901-87c1-4a95-8e31-d7b62cf56d3c" }, "parameters" : {
  "url": "https:\u002f\u002fsamsung-adzu4-staging.codeworldwide.com\u002f#"
} }
T 2019-10-11 10:53:09:294 IECommandExecutor.cpp(133) Entering IECommandExecutor::OnExecCommand
T 2019-10-11 10:53:09:294 IESession.cpp(212) Beginning wait for response length to be not zero
T 2019-10-11 10:53:09:294 IECommandExecutor.cpp(454) Entering IECommandExecutor::DispatchCommand
T 2019-10-11 10:53:09:294 IECommandExecutor.cpp(577) Entering IECommandExecutor::GetCurrentBrowser
T 2019-10-11 10:53:09:294 IECommandExecutor.cpp(583) Entering IECommandExecutor::GetManagedBrowser
T 2019-10-11 10:53:09:294 IECommandExecutor.cpp(529) Entering IECommandExecutor::IsAlertActive
T 2019-10-11 10:53:09:294 Browser.cpp(700) Entering Browser::GetActiveDialogWindowHandle
T 2019-10-11 10:53:09:294 Browser.cpp(206) Entering Browser::GetContentWindowHandle
D 2019-10-11 10:53:09:295 IECommandExecutor.cpp(543) No alert handle is found
T 2019-10-11 10:53:09:295 IECommandExecutor.cpp(577) Entering IECommandExecutor::GetCurrentBrowser
T 2019-10-11 10:53:09:295 IECommandExecutor.cpp(583) Entering IECommandExecutor::GetManagedBrowser
T 2019-10-11 10:53:09:295 Browser.cpp(318) Entring Browser::NavigateToUrl
T 2019-10-11 10:53:09:298 DocumentHost.cpp(142) Entering DocumentHost::SetFocusedFrameByElement
T 2019-10-11 10:53:09:298 response.cc(72) Entering Response::SetSuccessResponse
T 2019-10-11 10:53:09:298 response.cc(78) Entering Response::SetResponse
T 2019-10-11 10:53:09:298 IECommandExecutor.cpp(577) Entering IECommandExecutor::GetCurrentBrowser
T 2019-10-11 10:53:09:298 IECommandExecutor.cpp(583) Entering IECommandExecutor::GetManagedBrowser
T 2019-10-11 10:53:09:298 response.cc(51) Entering Response::Serialize
T 2019-10-11 10:53:09:299 IECommandExecutor.cpp(172) Entering IECommandExecutor::OnWait
T 2019-10-11 10:53:09:299 IECommandExecutor.cpp(577) Entering IECommandExecutor::GetCurrentBrowser
T 2019-10-11 10:53:09:299 IECommandExecutor.cpp(583) Entering IECommandExecutor::GetManagedBrowser
T 2019-10-11 10:53:09:299 Browser.cpp(438) Entering Browser::Wait
D 2019-10-11 10:53:09:299 Browser.cpp(448) Navigate Events Completed.
T 2019-10-11 10:53:09:299 Browser.cpp(700) Entering Browser::GetActiveDialogWindowHandle
T 2019-10-11 10:53:09:299 Browser.cpp(206) Entering Browser::GetContentWindowHandle
T 2019-10-11 10:53:09:300 Browser.cpp(50) Entering Browser::BeforeNavigate2
D 2019-10-11 10:53:09:304 Browser.cpp(484) Browser ReadyState is not at least '4'; it was 1
T 2019-10-11 10:53:09:305 IECommandExecutor.cpp(377) Entering IECommandExecutor::WaitThreadProc
T 2019-10-11 10:53:09:506 IECommandExecutor.cpp(172) Entering IECommandExecutor::OnWait
T 2019-10-11 10:53:09:506 IECommandExecutor.cpp(577) Entering IECommandExecutor::GetCurrentBrowser
T 2019-10-11 10:53:09:506 IECommandExecutor.cpp(583) Entering IECommandExecutor::GetManagedBrowser
T 2019-10-11 10:53:09:506 Browser.cpp(438) Entering Browser::Wait
D 2019-10-11 10:53:09:506 Browser.cpp(448) Navigate Events Completed.
T 2019-10-11 10:53:09:506 Browser.cpp(700) Entering Browser::GetActiveDialogWindowHandle
T 2019-10-11 10:53:09:506 Browser.cpp(206) Entering Browser::GetContentWindowHandle
D 2019-10-11 10:53:09:507 Browser.cpp(464) Browser busy property is true.
T 2019-10-11 10:53:09:508 IECommandExecutor.cpp(377) Entering IECommandExecutor::WaitThreadProc
T 2019-10-11 10:53:09:709 IECommandExecutor.cpp(172) Entering IECommandExecutor::OnWait
T 2019-10-11 10:53:09:709 IECommandExecutor.cpp(577) Entering IECommandExecutor::GetCurrentBrowser
T 2019-10-11 10:53:09:709 IECommandExecutor.cpp(583) Entering IECommandExecutor::GetManagedBrowser
T 2019-10-11 10:53:09:709 Browser.cpp(438) Entering Browser::Wait
D 2019-10-11 10:53:09:709 Browser.cpp(448) Navigate Events Completed.
T 2019-10-11 10:53:09:709 Browser.cpp(700) Entering Browser::GetActiveDialogWindowHandle
T 2019-10-11 10:53:09:709 Browser.cpp(206) Entering Browser::GetContentWindowHandle
D 2019-10-11 10:53:09:719 Browser.cpp(464) Browser busy property is true.
T 2019-10-11 10:53:09:719 IECommandExecutor.cpp(377) Entering IECommandExecutor::WaitThreadProc
T 2019-10-11 10:53:09:921 IECommandExecutor.cpp(172) Entering IECommandExecutor::OnWait
T 2019-10-11 10:53:09:921 IECommandExecutor.cpp(577) Entering IECommandExecutor::GetCurrentBrowser
T 2019-10-11 10:53:09:921 IECommandExecutor.cpp(583) Entering IECommandExecutor::GetManagedBrowser
T 2019-10-11 10:53:09:921 Browser.cpp(438) Entering Browser::Wait
D 2019-10-11 10:53:09:921 Browser.cpp(448) Navigate Events Completed.
T 2019-10-11 10:53:09:921 Browser.cpp(700) Entering Browser::GetActiveDialogWindowHandle
T 2019-10-11 10:53:09:921 Browser.cpp(206) Entering Browser::GetContentWindowHandle
D 2019-10-11 10:53:09:999 Browser.cpp(464) Browser busy property is true.
T 2019-10-11 10:53:10:000 IECommandExecutor.cpp(377) Entering IECommandExecutor::WaitThreadProc
T 2019-10-11 10:53:10:019 Browser.cpp(96) Entering Browser::DocumentComplete
D 2019-10-11 10:53:10:020 ElementRepository.cpp(113) Refreshing managed element cache. Found 0 to remove from cache.
T 2019-10-11 10:53:10:201 IECommandExecutor.cpp(172) Entering IECommandExecutor::OnWait
T 2019-10-11 10:53:10:201 IECommandExecutor.cpp(577) Entering IECommandExecutor::GetCurrentBrowser
T 2019-10-11 10:53:10:201 IECommandExecutor.cpp(583) Entering IECommandExecutor::GetManagedBrowser
T 2019-10-11 10:53:10:201 Browser.cpp(438) Entering Browser::Wait
D 2019-10-11 10:53:10:201 Browser.cpp(448) Navigate Events Completed.
T 2019-10-11 10:53:10:201 Browser.cpp(700) Entering Browser::GetActiveDialogWindowHandle
T 2019-10-11 10:53:10:201 Browser.cpp(206) Entering Browser::GetContentWindowHandle
T 2019-10-11 10:53:10:407 Browser.cpp(50) Entering Browser::BeforeNavigate2
D 2019-10-11 10:53:10:414 Browser.cpp(508) Waiting for document to complete...
T 2019-10-11 10:53:10:415 Browser.cpp(522) Entering Browser::IsDocumentNavigating
T 2019-10-11 10:53:10:438 Browser.cpp(96) Entering Browser::DocumentComplete
D 2019-10-11 10:53:10:449 Browser.cpp(513) Not in navigating state
D 2019-10-11 10:53:10:450 ElementRepository.cpp(113) Refreshing managed element cache. Found 0 to remove from cache.
T 2019-10-11 10:53:10:460 IESession.cpp(221) Found non-zero response length
T 2019-10-11 10:53:10:460 IECommandExecutor.cpp(156) Entering IECommandExecutor::OnGetResponse
T 2019-10-11 10:53:10:460 IECommandExecutor.cpp(285) Entering IECommandExecutor::OnIsSessionValid
D 2019-10-11 10:53:10:460 server.cc(338) Response: {"value":null}

T 2019-10-11 10:53:10:460 server.cc(391) Entering Server::SendResponseToClient
T 2019-10-11 10:53:10:460 response.cc(30) Entering Response::Deserialize
T 2019-10-11 10:53:10:461 server.cc(445) Entering Server::SendHttpOk
T 2019-10-11 10:53:11:877 server.cc(174) Entering Server::ProcessRequest
T 2019-10-11 10:53:11:877 server.cc(238) Entering Server::ReadRequestBody
T 2019-10-11 10:53:11:877 server.cc(183) Process request with: URI: /session/21035901-87c1-4a95-8e31-d7b62cf56d3c/elements HTTP verb: POST
body: {
  "value": "\u002f\u002f*[@name = 'us1' and @id = 'us1' and @type = 'email']",
  "using": "xpath"
}
T 2019-10-11 10:53:11:877 server.cc(272) Entering Server::DispatchCommand
T 2019-10-11 10:53:11:877 server.cc(583) Entering Server::LookupCommand
D 2019-10-11 10:53:11:877 server.cc(281) Command: POST /session/21035901-87c1-4a95-8e31-d7b62cf56d3c/elements {
  "value": "\u002f\u002f*[@name = 'us1' and @id = 'us1' and @type = 'email']",
  "using": "xpath"
}
T 2019-10-11 10:53:11:877 server.cc(378) Entering Server::LookupSession
T 2019-10-11 10:53:11:877 IESession.cpp(191) Entering IESession::ExecuteCommand
T 2019-10-11 10:53:11:878 IECommandExecutor.cpp(122) Entering IECommandExecutor::OnSetCommand
T 2019-10-11 10:53:11:878 command.cc(31) Entering Command::Deserialize
D 2019-10-11 10:53:11:878 command.cc(36) Raw JSON command: { "name" : "findElements", "locator" : { "sessionid" : "21035901-87c1-4a95-8e31-d7b62cf56d3c" }, "parameters" : {
  "value": "\u002f\u002f*[@name = 'us1' and @id = 'us1' and @type = 'email']",
  "using": "xpath"
} }
T 2019-10-11 10:53:11:878 IECommandExecutor.cpp(133) Entering IECommandExecutor::OnExecCommand
T 2019-10-11 10:53:11:878 IECommandExecutor.cpp(454) Entering IECommandExecutor::DispatchCommand
T 2019-10-11 10:53:11:879 IECommandExecutor.cpp(577) Entering IECommandExecutor::GetCurrentBrowser
T 2019-10-11 10:53:11:879 IECommandExecutor.cpp(583) Entering IECommandExecutor::GetManagedBrowser
T 2019-10-11 10:53:11:879 IECommandExecutor.cpp(529) Entering IECommandExecutor::IsAlertActive
T 2019-10-11 10:53:11:879 Browser.cpp(700) Entering Browser::GetActiveDialogWindowHandle
T 2019-10-11 10:53:11:879 Browser.cpp(206) Entering Browser::GetContentWindowHandle
D 2019-10-11 10:53:11:879 IECommandExecutor.cpp(543) No alert handle is found
T 2019-10-11 10:53:11:880 IECommandExecutor.cpp(734) Entering IECommandExecutor::LocateElements
T 2019-10-11 10:53:11:880 IECommandExecutor.cpp(695) Entering IECommandExecutor::GetElementFindMethod
T 2019-10-11 10:53:11:880 ElementFinder.cpp(111) Entering ElementFinder::FindElements
T 2019-10-11 10:53:11:880 IECommandExecutor.cpp(577) Entering IECommandExecutor::GetCurrentBrowser
T 2019-10-11 10:53:11:880 IECommandExecutor.cpp(583) Entering IECommandExecutor::GetManagedBrowser
D 2019-10-11 10:53:11:880 ElementFinder.cpp(128) Using FindElements atom to locate element having xpath = //*[@name = 'us1' and @id = 'us1' and @type = 'email']
T 2019-10-11 10:53:11:880 Browser.cpp(126) Entering Browser::GetDocument
I 2019-10-11 10:53:11:880 Browser.cpp(130) No child frame focus. Focus is on top-level frame
T 2019-10-11 10:53:11:880 IESession.cpp(212) Beginning wait for response length to be not zero
T 2019-10-11 10:53:11:905 Browser.cpp(613) Entering Browser::GetDocumentFromWindow
T 2019-10-11 10:53:11:917 Script.cpp(49) Entering Script::Initialize
T 2019-10-11 10:53:11:917 Script.cpp(70) Entering Script::AddArgument(std::wstring)
T 2019-10-11 10:53:11:917 Script.cpp(105) Entering Script::AddArgument(VARIANT)
T 2019-10-11 10:53:11:917 Script.cpp(70) Entering Script::AddArgument(std::wstring)
T 2019-10-11 10:53:11:917 Script.cpp(105) Entering Script::AddArgument(VARIANT)
T 2019-10-11 10:53:11:917 Script.cpp(169) Entering Script::Execute
T 2019-10-11 10:53:11:917 Script.cpp(438) Entering Script::CreateAnonymousFunction
T 2019-10-11 10:53:11:965 Script.cpp(426) Entering Script::ConvertResultToJsonValue
D 2019-10-11 10:53:11:975 VariantUtilities.cpp(100) Result type is JScriptTypeInfo
T 2019-10-11 10:53:11:978 VariantUtilities.cpp(307) Entering Script::GetPropertyNameList
D 2019-10-11 10:53:11:994 VariantUtilities.cpp(100) Result type is JScriptTypeInfo
T 2019-10-11 10:53:11:995 VariantUtilities.cpp(324) Entering Script::GetArrayLength
T 2019-10-11 10:53:12:246 response.cc(72) Entering Response::SetSuccessResponse
T 2019-10-11 10:53:12:246 response.cc(78) Entering Response::SetResponse
T 2019-10-11 10:53:12:246 IECommandExecutor.cpp(577) Entering IECommandExecutor::GetCurrentBrowser
T 2019-10-11 10:53:12:246 IECommandExecutor.cpp(583) Entering IECommandExecutor::GetManagedBrowser
T 2019-10-11 10:53:12:246 response.cc(51) Entering Response::Serialize
T 2019-10-11 10:53:12:246 IESession.cpp(221) Found non-zero response length
T 2019-10-11 10:53:12:247 IECommandExecutor.cpp(156) Entering IECommandExecutor::OnGetResponse
T 2019-10-11 10:53:12:247 IECommandExecutor.cpp(285) Entering IECommandExecutor::OnIsSessionValid
D 2019-10-11 10:53:12:247 server.cc(338) Response: {"value":[]}

T 2019-10-11 10:53:12:247 server.cc(391) Entering Server::SendResponseToClient
T 2019-10-11 10:53:12:247 response.cc(30) Entering Response::Deserialize
T 2019-10-11 10:53:12:247 server.cc(445) Entering Server::SendHttpOk
T 2019-10-11 10:53:12:608 Browser.cpp(50) Entering Browser::BeforeNavigate2
T 2019-10-11 10:53:12:615 Browser.cpp(50) Entering Browser::BeforeNavigate2
T 2019-10-11 10:53:12:865 Browser.cpp(96) Entering Browser::DocumentComplete
T 2019-10-11 10:53:13:051 Browser.cpp(50) Entering Browser::BeforeNavigate2
T 2019-10-11 10:53:13:099 Browser.cpp(50) Entering Browser::BeforeNavigate2
T 2019-10-11 10:53:13:105 Browser.cpp(50) Entering Browser::BeforeNavigate2
T 2019-10-11 10:53:13:182 Browser.cpp(50) Entering Browser::BeforeNavigate2
T 2019-10-11 10:53:13:190 Browser.cpp(50) Entering Browser::BeforeNavigate2
T 2019-10-11 10:53:13:256 Browser.cpp(96) Entering Browser::DocumentComplete
T 2019-10-11 10:53:13:321 Browser.cpp(96) Entering Browser::DocumentComplete
T 2019-10-11 10:53:13:332 Browser.cpp(96) Entering Browser::DocumentComplete
T 2019-10-11 10:53:13:765 server.cc(174) Entering Server::ProcessRequest
T 2019-10-11 10:53:13:765 server.cc(238) Entering Server::ReadRequestBody
T 2019-10-11 10:53:13:765 server.cc(183) Process request with: URI: /session/21035901-87c1-4a95-8e31-d7b62cf56d3c/elements HTTP verb: POST
body: {
  "value": "\u002f\u002f*[@name = 'us1' and @id = 'us1' and @type = 'email']",
  "using": "xpath"
}
T 2019-10-11 10:53:13:765 server.cc(272) Entering Server::DispatchCommand
T 2019-10-11 10:53:13:766 server.cc(583) Entering Server::LookupCommand
D 2019-10-11 10:53:13:766 server.cc(281) Command: POST /session/21035901-87c1-4a95-8e31-d7b62cf56d3c/elements {
  "value": "\u002f\u002f*[@name = 'us1' and @id = 'us1' and @type = 'email']",
  "using": "xpath"
}
T 2019-10-11 10:53:13:766 server.cc(378) Entering Server::LookupSession
T 2019-10-11 10:53:13:766 IESession.cpp(191) Entering IESession::ExecuteCommand
T 2019-10-11 10:53:13:766 IECommandExecutor.cpp(122) Entering IECommandExecutor::OnSetCommand
T 2019-10-11 10:53:13:766 command.cc(31) Entering Command::Deserialize
D 2019-10-11 10:53:13:766 command.cc(36) Raw JSON command: { "name" : "findElements", "locator" : { "sessionid" : "21035901-87c1-4a95-8e31-d7b62cf56d3c" }, "parameters" : {
  "value": "\u002f\u002f*[@name = 'us1' and @id = 'us1' and @type = 'email']",
  "using": "xpath"
} }
T 2019-10-11 10:53:13:766 IECommandExecutor.cpp(133) Entering IECommandExecutor::OnExecCommand
T 2019-10-11 10:53:13:766 IECommandExecutor.cpp(454) Entering IECommandExecutor::DispatchCommand
T 2019-10-11 10:53:13:766 IECommandExecutor.cpp(577) Entering IECommandExecutor::GetCurrentBrowser
T 2019-10-11 10:53:13:767 IECommandExecutor.cpp(583) Entering IECommandExecutor::GetManagedBrowser
T 2019-10-11 10:53:13:767 IECommandExecutor.cpp(529) Entering IECommandExecutor::IsAlertActive
T 2019-10-11 10:53:13:767 Browser.cpp(700) Entering Browser::GetActiveDialogWindowHandle
T 2019-10-11 10:53:13:767 Browser.cpp(206) Entering Browser::GetContentWindowHandle
D 2019-10-11 10:53:13:767 IECommandExecutor.cpp(543) No alert handle is found
T 2019-10-11 10:53:13:767 IECommandExecutor.cpp(734) Entering IECommandExecutor::LocateElements
T 2019-10-11 10:53:13:767 IECommandExecutor.cpp(695) Entering IECommandExecutor::GetElementFindMethod
T 2019-10-11 10:53:13:768 ElementFinder.cpp(111) Entering ElementFinder::FindElements
T 2019-10-11 10:53:13:768 IECommandExecutor.cpp(577) Entering IECommandExecutor::GetCurrentBrowser
T 2019-10-11 10:53:13:768 IECommandExecutor.cpp(583) Entering IECommandExecutor::GetManagedBrowser
D 2019-10-11 10:53:13:768 ElementFinder.cpp(128) Using FindElements atom to locate element having xpath = //*[@name = 'us1' and @id = 'us1' and @type = 'email']
T 2019-10-11 10:53:13:768 Browser.cpp(126) Entering Browser::GetDocument
I 2019-10-11 10:53:13:768 Browser.cpp(130) No child frame focus. Focus is on top-level frame
T 2019-10-11 10:53:13:768 IESession.cpp(212) Beginning wait for response length to be not zero
T 2019-10-11 10:53:14:006 Browser.cpp(613) Entering Browser::GetDocumentFromWindow
T 2019-10-11 10:53:14:162 Script.cpp(49) Entering Script::Initialize
T 2019-10-11 10:53:14:162 Script.cpp(70) Entering Script::AddArgument(std::wstring)
T 2019-10-11 10:53:14:162 Script.cpp(105) Entering Script::AddArgument(VARIANT)
T 2019-10-11 10:53:14:162 Script.cpp(70) Entering Script::AddArgument(std::wstring)
T 2019-10-11 10:53:14:162 Script.cpp(105) Entering Script::AddArgument(VARIANT)
T 2019-10-11 10:53:14:163 Script.cpp(169) Entering Script::Execute
T 2019-10-11 10:53:14:163 Script.cpp(438) Entering Script::CreateAnonymousFunction
T 2019-10-11 10:53:14:317 Script.cpp(426) Entering Script::ConvertResultToJsonValue
D 2019-10-11 10:53:14:324 VariantUtilities.cpp(100) Result type is JScriptTypeInfo
T 2019-10-11 10:53:14:329 VariantUtilities.cpp(307) Entering Script::GetPropertyNameList
D 2019-10-11 10:53:14:336 VariantUtilities.cpp(100) Result type is JScriptTypeInfo
T 2019-10-11 10:53:14:336 VariantUtilities.cpp(324) Entering Script::GetArrayLength
T 2019-10-11 10:53:14:337 VariantUtilities.cpp(342) Entering Script::GetArrayItem
I 2019-10-11 10:53:14:339 VariantUtilities.cpp(233) Unknown type of dispatch is found in result, assuming IHTMLElement
T 2019-10-11 10:53:14:347 IECommandExecutor.cpp(677) Entering IECommandExecutor::AddManagedElement
T 2019-10-11 10:53:14:347 IECommandExecutor.cpp(577) Entering IECommandExecutor::GetCurrentBrowser
T 2019-10-11 10:53:14:347 IECommandExecutor.cpp(583) Entering IECommandExecutor::GetManagedBrowser
T 2019-10-11 10:53:14:347 ElementRepository.cpp(49) Entering ElementRepository::AddManagedElement
D 2019-10-11 10:53:14:347 ElementRepository.cpp(69) Element is not yet managed
T 2019-10-11 10:53:14:347 Browser.cpp(206) Entering Browser::GetContentWindowHandle
T 2019-10-11 10:53:14:347 Element.cpp(45) Entering Element::Element
T 2019-10-11 10:53:14:348 Element.cpp(79) Entering Element::ConvertToJson
T 2019-10-11 10:53:14:348 response.cc(72) Entering Response::SetSuccessResponse
T 2019-10-11 10:53:14:349 response.cc(78) Entering Response::SetResponse
T 2019-10-11 10:53:14:349 IECommandExecutor.cpp(577) Entering IECommandExecutor::GetCurrentBrowser
T 2019-10-11 10:53:14:349 IECommandExecutor.cpp(583) Entering IECommandExecutor::GetManagedBrowser
T 2019-10-11 10:53:14:349 response.cc(51) Entering Response::Serialize
T 2019-10-11 10:53:14:349 IESession.cpp(221) Found non-zero response length
T 2019-10-11 10:53:14:349 IECommandExecutor.cpp(156) Entering IECommandExecutor::OnGetResponse
T 2019-10-11 10:53:14:349 IECommandExecutor.cpp(285) Entering IECommandExecutor::OnIsSessionValid
D 2019-10-11 10:53:14:349 server.cc(338) Response: {"value":[{"element-6066-11e4-a52e-4f735466cecf":"b41dc444-08c1-469b-9461-50dbc85be01f"}]}

T 2019-10-11 10:53:14:349 server.cc(391) Entering Server::SendResponseToClient
T 2019-10-11 10:53:14:349 response.cc(30) Entering Response::Deserialize
T 2019-10-11 10:53:14:349 server.cc(445) Entering Server::SendHttpOk
T 2019-10-11 10:53:15:358 server.cc(174) Entering Server::ProcessRequest
T 2019-10-11 10:53:15:359 server.cc(238) Entering Server::ReadRequestBody
T 2019-10-11 10:53:15:359 server.cc(183) Process request with: URI: /session/21035901-87c1-4a95-8e31-d7b62cf56d3c/element/b41dc444-08c1-469b-9461-50dbc85be01f/clear HTTP verb: POST
body: {
  "id": "b41dc444-08c1-469b-9461-50dbc85be01f"
}
T 2019-10-11 10:53:15:359 server.cc(272) Entering Server::DispatchCommand
T 2019-10-11 10:53:15:359 server.cc(583) Entering Server::LookupCommand
D 2019-10-11 10:53:15:359 server.cc(281) Command: POST /session/21035901-87c1-4a95-8e31-d7b62cf56d3c/element/b41dc444-08c1-469b-9461-50dbc85be01f/clear {
  "id": "b41dc444-08c1-469b-9461-50dbc85be01f"
}
T 2019-10-11 10:53:15:359 server.cc(378) Entering Server::LookupSession
T 2019-10-11 10:53:15:359 IESession.cpp(191) Entering IESession::ExecuteCommand
T 2019-10-11 10:53:15:359 IECommandExecutor.cpp(122) Entering IECommandExecutor::OnSetCommand
T 2019-10-11 10:53:15:359 command.cc(31) Entering Command::Deserialize
D 2019-10-11 10:53:15:359 command.cc(36) Raw JSON command: { "name" : "clear", "locator" : { "sessionid" : "21035901-87c1-4a95-8e31-d7b62cf56d3c", "id" : "b41dc444-08c1-469b-9461-50dbc85be01f" }, "parameters" : {
  "id": "b41dc444-08c1-469b-9461-50dbc85be01f"
} }
T 2019-10-11 10:53:15:360 IECommandExecutor.cpp(133) Entering IECommandExecutor::OnExecCommand
T 2019-10-11 10:53:15:360 IECommandExecutor.cpp(454) Entering IECommandExecutor::DispatchCommand
T 2019-10-11 10:53:15:360 IECommandExecutor.cpp(577) Entering IECommandExecutor::GetCurrentBrowser
T 2019-10-11 10:53:15:360 IECommandExecutor.cpp(583) Entering IECommandExecutor::GetManagedBrowser
T 2019-10-11 10:53:15:360 IECommandExecutor.cpp(529) Entering IECommandExecutor::IsAlertActive
T 2019-10-11 10:53:15:360 Browser.cpp(700) Entering Browser::GetActiveDialogWindowHandle
T 2019-10-11 10:53:15:360 Browser.cpp(206) Entering Browser::GetContentWindowHandle
D 2019-10-11 10:53:15:361 IECommandExecutor.cpp(543) No alert handle is found
T 2019-10-11 10:53:15:361 IECommandExecutor.cpp(577) Entering IECommandExecutor::GetCurrentBrowser
T 2019-10-11 10:53:15:361 IECommandExecutor.cpp(583) Entering IECommandExecutor::GetManagedBrowser
T 2019-10-11 10:53:15:361 IECommandHandler.cpp(45) Entering IECommandHandler::GetElement
T 2019-10-11 10:53:15:361 IECommandExecutor.cpp(671) Entering IECommandExecutor::GetManagedElement
T 2019-10-11 10:53:15:361 ElementRepository.cpp(34) Entering ElementRepository::GetManagedElement
T 2019-10-11 10:53:15:361 IESession.cpp(212) Beginning wait for response length to be not zero
T 2019-10-11 10:53:15:403 IECommandExecutor.cpp(577) Entering IECommandExecutor::GetCurrentBrowser
T 2019-10-11 10:53:15:403 IECommandExecutor.cpp(583) Entering IECommandExecutor::GetManagedBrowser
T 2019-10-11 10:53:15:403 Browser.cpp(126) Entering Browser::GetDocument
I 2019-10-11 10:53:15:403 Browser.cpp(130) No child frame focus. Focus is on top-level frame
T 2019-10-11 10:53:15:423 Browser.cpp(613) Entering Browser::GetDocumentFromWindow
T 2019-10-11 10:53:15:445 Element.cpp(161) Entering Element::IsInteractable
T 2019-10-11 10:53:15:446 Element.cpp(956) Entering Element::GetContainingDocument
T 2019-10-11 10:53:15:451 Script.cpp(49) Entering Script::Initialize
T 2019-10-11 10:53:15:451 Script.cpp(99) Entering Script::AddArgument(IHTMLElement*)
T 2019-10-11 10:53:15:451 Script.cpp(105) Entering Script::AddArgument(VARIANT)
T 2019-10-11 10:53:15:451 Script.cpp(169) Entering Script::Execute
T 2019-10-11 10:53:15:451 Script.cpp(438) Entering Script::CreateAnonymousFunction
T 2019-10-11 10:53:15:513 Element.cpp(188) Entering Element::IsEditable
T 2019-10-11 10:53:15:513 Element.cpp(956) Entering Element::GetContainingDocument
T 2019-10-11 10:53:15:517 Script.cpp(49) Entering Script::Initialize
T 2019-10-11 10:53:15:518 Script.cpp(99) Entering Script::AddArgument(IHTMLElement*)
T 2019-10-11 10:53:15:518 Script.cpp(105) Entering Script::AddArgument(VARIANT)
T 2019-10-11 10:53:15:518 Script.cpp(169) Entering Script::Execute
T 2019-10-11 10:53:15:518 Script.cpp(438) Entering Script::CreateAnonymousFunction
T 2019-10-11 10:53:15:562 Browser.cpp(126) Entering Browser::GetDocument
I 2019-10-11 10:53:15:562 Browser.cpp(130) No child frame focus. Focus is on top-level frame
T 2019-10-11 10:53:15:580 Browser.cpp(613) Entering Browser::GetDocumentFromWindow
T 2019-10-11 10:53:15:593 Script.cpp(49) Entering Script::Initialize
T 2019-10-11 10:53:15:594 Script.cpp(94) Entering Script::AddArgument(ElementHandle)
T 2019-10-11 10:53:15:594 Script.cpp(99) Entering Script::AddArgument(IHTMLElement*)
T 2019-10-11 10:53:15:594 Script.cpp(105) Entering Script::AddArgument(VARIANT)
T 2019-10-11 10:53:15:594 Script.cpp(264) Entering Script::ExecuteAsync
D 2019-10-11 10:53:15:594 Script.cpp(297) Creating synchronization event for new thread
D 2019-10-11 10:53:15:594 Script.cpp(317) Starting new thread
D 2019-10-11 10:53:15:594 Script.cpp(326) Waiting for new thread to be ready for messages
T 2019-10-11 10:53:15:595 AsyncScriptExecutor.cpp(170) Entering AsyncScriptExecutor::ThreadProc
T 2019-10-11 10:53:15:596 AsyncScriptExecutor.cpp(40) Entering AsyncScriptExecutor::OnCreate
D 2019-10-11 10:53:15:596 Script.cpp(346) Marshaling document to stream to send to new thread
T 2019-10-11 10:53:15:596 AsyncScriptExecutor.cpp(82) Entering AsyncScriptExecutor::OnSetDocument
T 2019-10-11 10:53:15:601 AsyncScriptExecutor.cpp(95) Entering AsyncScriptExecutor::OnSetArgument
T 2019-10-11 10:53:15:601 Script.cpp(396) Waiting for async script execution to be complete
T 2019-10-11 10:53:15:601 AsyncScriptExecutor.cpp(125) Entering AsyncScriptExecutor::OnExecuteScript
T 2019-10-11 10:53:15:602 Script.cpp(49) Entering Script::Initialize
T 2019-10-11 10:53:15:602 Script.cpp(105) Entering Script::AddArgument(VARIANT)
T 2019-10-11 10:53:15:602 Script.cpp(169) Entering Script::Execute
T 2019-10-11 10:53:15:602 Script.cpp(438) Entering Script::CreateAnonymousFunction
T 2019-10-11 10:53:15:709 Script.cpp(414) Async script execution completed, getting result
T 2019-10-11 10:53:15:709 AsyncScriptExecutor.cpp(160) Entering AsyncScriptExecutor::OnGetResult
T 2019-10-11 10:53:15:709 AsyncScriptExecutor.cpp(63) Entering AsyncScriptExecutor::OnClose
T 2019-10-11 10:53:15:709 response.cc(72) Entering Response::SetSuccessResponse
T 2019-10-11 10:53:15:709 AsyncScriptExecutor.cpp(72) Entering AsyncAtomExecutor::OnDestroy
T 2019-10-11 10:53:15:709 response.cc(78) Entering Response::SetResponse
T 2019-10-11 10:53:15:709 IECommandExecutor.cpp(577) Entering IECommandExecutor::GetCurrentBrowser
T 2019-10-11 10:53:15:710 IECommandExecutor.cpp(583) Entering IECommandExecutor::GetManagedBrowser
T 2019-10-11 10:53:15:710 response.cc(51) Entering Response::Serialize
T 2019-10-11 10:53:15:719 IESession.cpp(221) Found non-zero response length
T 2019-10-11 10:53:15:720 IECommandExecutor.cpp(156) Entering IECommandExecutor::OnGetResponse
T 2019-10-11 10:53:15:720 IECommandExecutor.cpp(285) Entering IECommandExecutor::OnIsSessionValid
D 2019-10-11 10:53:15:720 server.cc(338) Response: {"value":null}

T 2019-10-11 10:53:15:720 server.cc(391) Entering Server::SendResponseToClient
T 2019-10-11 10:53:15:720 response.cc(30) Entering Response::Deserialize
T 2019-10-11 10:53:15:720 server.cc(445) Entering Server::SendHttpOk
T 2019-10-11 10:53:16:738 server.cc(174) Entering Server::ProcessRequest
T 2019-10-11 10:53:16:738 server.cc(238) Entering Server::ReadRequestBody
T 2019-10-11 10:53:16:738 server.cc(183) Process request with: URI: /session/21035901-87c1-4a95-8e31-d7b62cf56d3c/element/b41dc444-08c1-469b-9461-50dbc85be01f/value HTTP verb: POST
body: {
  "id": "b41dc444-08c1-469b-9461-50dbc85be01f",
  "text": "satinder.gandhi@codeworldwide.com",
  "value": [
    "s",
    "a",
    "t",
    "i",
    "n",
    "d",
    "e",
    "r",
    ".",
    "g",
    "a",
    "n",
    "d",
    "h",
    "i",
    "@",
    "c",
    "o",
    "d",
    "e",
    "w",
    "o",
    "r",
    "l",
    "d",
    "w",
    "i",
    "d",
    "e",
    ".",
    "c",
    "o",
    "m"
  ]
}
T 2019-10-11 10:53:16:738 server.cc(272) Entering Server::DispatchCommand
T 2019-10-11 10:53:16:738 server.cc(583) Entering Server::LookupCommand
D 2019-10-11 10:53:16:738 server.cc(281) Command: POST /session/21035901-87c1-4a95-8e31-d7b62cf56d3c/element/b41dc444-08c1-469b-9461-50dbc85be01f/value {
  "id": "b41dc444-08c1-469b-9461-50dbc85be01f",
  "text": "satinder.gandhi@codeworldwide.com",
  "value": [
    "s",
    "a",
    "t",
    "i",
    "n",
    "d",
    "e",
    "r",
    ".",
    "g",
    "a",
    "n",
    "d",
    "h",
    "i",
    "@",
    "c",
    "o",
    "d",
    "e",
    "w",
    "o",
    "r",
    "l",
    "d",
    "w",
    "i",
    "d",
    "e",
    ".",
    "c",
    "o",
    "m"
  ]
}
T 2019-10-11 10:53:16:738 server.cc(378) Entering Server::LookupSession
T 2019-10-11 10:53:16:738 IESession.cpp(191) Entering IESession::ExecuteCommand
T 2019-10-11 10:53:16:739 IECommandExecutor.cpp(122) Entering IECommandExecutor::OnSetCommand
T 2019-10-11 10:53:16:739 command.cc(31) Entering Command::Deserialize
D 2019-10-11 10:53:16:739 command.cc(36) Raw JSON command: { "name" : "sendKeys", "locator" : { "sessionid" : "21035901-87c1-4a95-8e31-d7b62cf56d3c", "id" : "b41dc444-08c1-469b-9461-50dbc85be01f" }, "parameters" : {
  "id": "b41dc444-08c1-469b-9461-50dbc85be01f",
  "text": "satinder.gandhi@codeworldwide.com",
  "value": [
    "s",
    "a",
    "t",
    "i",
    "n",
    "d",
    "e",
    "r",
    ".",
    "g",
    "a",
    "n",
    "d",
    "h",
    "i",
    "@",
    "c",
    "o",
    "d",
    "e",
    "w",
    "o",
    "r",
    "l",
    "d",
    "w",
    "i",
    "d",
    "e",
    ".",
    "c",
    "o",
    "m"
  ]
} }
T 2019-10-11 10:53:16:739 IECommandExecutor.cpp(133) Entering IECommandExecutor::OnExecCommand
T 2019-10-11 10:53:16:739 IESession.cpp(212) Beginning wait for response length to be not zero
T 2019-10-11 10:53:16:739 IECommandExecutor.cpp(454) Entering IECommandExecutor::DispatchCommand
T 2019-10-11 10:53:16:739 IECommandExecutor.cpp(577) Entering IECommandExecutor::GetCurrentBrowser
T 2019-10-11 10:53:16:739 IECommandExecutor.cpp(583) Entering IECommandExecutor::GetManagedBrowser
T 2019-10-11 10:53:16:739 IECommandExecutor.cpp(529) Entering IECommandExecutor::IsAlertActive
T 2019-10-11 10:53:16:739 Browser.cpp(700) Entering Browser::GetActiveDialogWindowHandle
T 2019-10-11 10:53:16:740 Browser.cpp(206) Entering Browser::GetContentWindowHandle
D 2019-10-11 10:53:16:741 IECommandExecutor.cpp(543) No alert handle is found
T 2019-10-11 10:53:16:741 IECommandExecutor.cpp(577) Entering IECommandExecutor::GetCurrentBrowser
T 2019-10-11 10:53:16:741 IECommandExecutor.cpp(583) Entering IECommandExecutor::GetManagedBrowser
T 2019-10-11 10:53:16:741 Browser.cpp(206) Entering Browser::GetContentWindowHandle
T 2019-10-11 10:53:16:741 Browser.cpp(416) Entering Browser::GetTopLevelWindowHandle
T 2019-10-11 10:53:16:741 IECommandHandler.cpp(45) Entering IECommandHandler::GetElement
T 2019-10-11 10:53:16:741 IECommandExecutor.cpp(671) Entering IECommandExecutor::GetManagedElement
T 2019-10-11 10:53:16:741 ElementRepository.cpp(34) Entering ElementRepository::GetManagedElement
T 2019-10-11 10:53:16:771 IECommandExecutor.cpp(577) Entering IECommandExecutor::GetCurrentBrowser
T 2019-10-11 10:53:16:771 IECommandExecutor.cpp(583) Entering IECommandExecutor::GetManagedBrowser
T 2019-10-11 10:53:16:772 Browser.cpp(126) Entering Browser::GetDocument
I 2019-10-11 10:53:16:772 Browser.cpp(130) No child frame focus. Focus is on top-level frame
T 2019-10-11 10:53:16:789 Browser.cpp(613) Entering Browser::GetDocumentFromWindow
T 2019-10-11 10:53:16:801 Element.cpp(362) Entering Element::GetLocationOnceScrolledIntoView
T 2019-10-11 10:53:16:801 Element.cpp(493) Entering Element::GetLocation
T 2019-10-11 10:53:16:807 Element.cpp(629) Entering Element::IsInline
D 2019-10-11 10:53:16:808 Element.cpp(539) Element is a block element, using IHTMLElement2::getBoundingClientRect
T 2019-10-11 10:53:16:848 Element.cpp(650) Entering Element::RectHasNonZeroDimensions
T 2019-10-11 10:53:16:855 Element.cpp(666) Entering Element::GetFrameDetails
T 2019-10-11 10:53:16:855 Element.cpp(956) Entering Element::GetContainingDocument
D 2019-10-11 10:53:16:877 Element.cpp(616) Element is not in a frame
T 2019-10-11 10:53:16:877 Element.cpp(905) Entering Element::CalculateClickPoint
T 2019-10-11 10:53:16:877 Element.cpp(844) Entering Element::GetClickableViewPortLocation
T 2019-10-11 10:53:16:877 Element.cpp(956) Entering Element::GetContainingDocument
T 2019-10-11 10:53:16:880 DocumentHost.cpp(281) Entering DocumentHost::GetDocumentMode
T 2019-10-11 10:53:16:909 Element.cpp(931) Entering Element::IsLocationInViewPort
T 2019-10-11 10:53:16:909 Element.cpp(844) Entering Element::GetClickableViewPortLocation
T 2019-10-11 10:53:16:909 Element.cpp(956) Entering Element::GetContainingDocument
T 2019-10-11 10:53:16:912 DocumentHost.cpp(281) Entering DocumentHost::GetDocumentMode
T 2019-10-11 10:53:16:935 Element.cpp(429) Entering Element::IsHiddenByOverflow
T 2019-10-11 10:53:16:935 Element.cpp(956) Entering Element::GetContainingDocument
T 2019-10-11 10:53:16:939 Script.cpp(49) Entering Script::Initialize
T 2019-10-11 10:53:16:939 Script.cpp(99) Entering Script::AddArgument(IHTMLElement*)
T 2019-10-11 10:53:16:939 Script.cpp(105) Entering Script::AddArgument(VARIANT)
T 2019-10-11 10:53:16:939 Script.cpp(169) Entering Script::Execute
T 2019-10-11 10:53:16:939 Script.cpp(438) Entering Script::CreateAnonymousFunction
T 2019-10-11 10:53:16:983 Script.cpp(433) Entering Script::ConvertResultToString
D 2019-10-11 10:53:16:983 VariantUtilities.cpp(135) Result type is string
D 2019-10-11 10:53:16:984 Element.cpp(408) (x, y, w, h): 480, 235, 390, 32
T 2019-10-11 10:53:16:996 Element.cpp(90) Entering Element::IsDisplayed
T 2019-10-11 10:53:16:996 Element.cpp(956) Entering Element::GetContainingDocument
T 2019-10-11 10:53:17:000 Script.cpp(49) Entering Script::Initialize
T 2019-10-11 10:53:17:000 Script.cpp(99) Entering Script::AddArgument(IHTMLElement*)
T 2019-10-11 10:53:17:001 Script.cpp(105) Entering Script::AddArgument(VARIANT)
T 2019-10-11 10:53:17:001 Script.cpp(88) Entering Script::AddArgument(bool)
T 2019-10-11 10:53:17:001 Script.cpp(105) Entering Script::AddArgument(VARIANT)
T 2019-10-11 10:53:17:001 Script.cpp(169) Entering Script::Execute
T 2019-10-11 10:53:17:001 Script.cpp(438) Entering Script::CreateAnonymousFunction
T 2019-10-11 10:53:17:052 Element.cpp(134) Entering Element::IsEnabled
T 2019-10-11 10:53:17:053 Element.cpp(956) Entering Element::GetContainingDocument
T 2019-10-11 10:53:17:056 Script.cpp(49) Entering Script::Initialize
T 2019-10-11 10:53:17:056 Script.cpp(99) Entering Script::AddArgument(IHTMLElement*)
T 2019-10-11 10:53:17:056 Script.cpp(105) Entering Script::AddArgument(VARIANT)
T 2019-10-11 10:53:17:057 Script.cpp(169) Entering Script::Execute
T 2019-10-11 10:53:17:057 Script.cpp(438) Entering Script::CreateAnonymousFunction
T 2019-10-11 10:53:17:104 InputManager.cpp(81) Entering InputManager::PerformInputSequence
T 2019-10-11 10:53:31:203 server.cc(174) Entering Server::ProcessRequest
T 2019-10-11 10:53:31:203 server.cc(183) Process request with: URI: /status HTTP verb: GET
body: {}
T 2019-10-11 10:53:31:203 server.cc(272) Entering Server::DispatchCommand
T 2019-10-11 10:53:31:203 server.cc(583) Entering Server::LookupCommand
D 2019-10-11 10:53:31:203 server.cc(281) Command: GET /status {}
T 2019-10-11 10:53:31:203 IEServer.cpp(51) Entering IEServer::GetStatus
T 2019-10-11 10:53:31:203 response.cc(72) Entering Response::SetSuccessResponse
T 2019-10-11 10:53:31:203 response.cc(78) Entering Response::SetResponse
T 2019-10-11 10:53:31:203 response.cc(51) Entering Response::Serialize
D 2019-10-11 10:53:31:203 server.cc(338) Response: {"value":{"build":{"version":"3.6.0.0 (32-bit)"},"message":"Maximum number of sessions already created","os":{"arch":"x64","name":"windows","version":"10.0.17134.858 (WinBuild.160101.0800)"},"ready":false}}

T 2019-10-11 10:53:31:203 server.cc(391) Entering Server::SendResponseToClient
T 2019-10-11 10:53:31:204 response.cc(30) Entering Response::Deserialize
T 2019-10-11 10:53:31:204 server.cc(445) Entering Server::SendHttpOk
T 2019-10-11 10:53:31:207 server.cc(174) Entering Server::ProcessRequest
T 2019-10-11 10:53:31:207 server.cc(183) Process request with: URI: /session/21035901-87c1-4a95-8e31-d7b62cf56d3c/title HTTP verb: GET
body: {}
T 2019-10-11 10:53:31:207 server.cc(272) Entering Server::DispatchCommand
T 2019-10-11 10:53:31:207 server.cc(583) Entering Server::LookupCommand
D 2019-10-11 10:53:31:207 server.cc(281) Command: GET /session/21035901-87c1-4a95-8e31-d7b62cf56d3c/title {}
T 2019-10-11 10:53:31:208 server.cc(378) Entering Server::LookupSession
T 2019-10-11 10:53:31:208 IESession.cpp(191) Entering IESession::ExecuteCommand
W 2019-10-11 10:53:47:105 InputManager.cpp(99) Could not acquire mutex within the timeout. Multiple instances may have incorrect synchronization for interactions
T 2019-10-11 10:53:47:105 Browser.cpp(206) Entering Browser::GetContentWindowHandle
T 2019-10-11 10:53:47:106 InputManager.cpp(899) Entering InputManager::AddKeyboardInput
D 2019-10-11 10:53:47:106 InputManager.cpp(906) Queueing SendInput structure for key down (key: s)
T 2019-10-11 10:53:47:106 InputManager.cpp(996) Adding key: s
T 2019-10-11 10:53:47:106 Browser.cpp(206) Entering Browser::GetContentWindowHandle
T 2019-10-11 10:53:47:106 InputManager.cpp(899) Entering InputManager::AddKeyboardInput
D 2019-10-11 10:53:47:106 InputManager.cpp(906) Queueing SendInput structure for key up (key: s)
T 2019-10-11 10:53:47:107 InputManager.cpp(999) Removing key: s
T 2019-10-11 10:53:47:107 Browser.cpp(206) Entering Browser::GetContentWindowHandle
T 2019-10-11 10:53:47:107 InputManager.cpp(899) Entering InputManager::AddKeyboardInput
D 2019-10-11 10:53:47:107 InputManager.cpp(906) Queueing SendInput structure for key down (key: a)
T 2019-10-11 10:53:47:107 InputManager.cpp(996) Adding key: a
T 2019-10-11 10:53:47:107 Browser.cpp(206) Entering Browser::GetContentWindowHandle
T 2019-10-11 10:53:47:107 InputManager.cpp(899) Entering InputManager::AddKeyboardInput
D 2019-10-11 10:53:47:107 InputManager.cpp(906) Queueing SendInput structure for key up (key: a)
T 2019-10-11 10:53:47:107 InputManager.cpp(999) Removing key: a
T 2019-10-11 10:53:47:107 Browser.cpp(206) Entering Browser::GetContentWindowHandle
T 2019-10-11 10:53:47:107 InputManager.cpp(899) Entering InputManager::AddKeyboardInput
D 2019-10-11 10:53:47:107 InputManager.cpp(906) Queueing SendInput structure for key down (key: t)
T 2019-10-11 10:53:47:108 InputManager.cpp(996) Adding key: t
T 2019-10-11 10:53:47:108 Browser.cpp(206) Entering Browser::GetContentWindowHandle
T 2019-10-11 10:53:47:108 InputManager.cpp(899) Entering InputManager::AddKeyboardInput
D 2019-10-11 10:53:47:108 InputManager.cpp(906) Queueing SendInput structure for key up (key: t)
T 2019-10-11 10:53:47:108 InputManager.cpp(999) Removing key: t
T 2019-10-11 10:53:47:108 Browser.cpp(206) Entering Browser::GetContentWindowHandle
T 2019-10-11 10:53:47:108 InputManager.cpp(899) Entering InputManager::AddKeyboardInput
D 2019-10-11 10:53:47:108 InputManager.cpp(906) Queueing SendInput structure for key down (key: i)
T 2019-10-11 10:53:47:108 InputManager.cpp(996) Adding key: i
T 2019-10-11 10:53:47:109 Browser.cpp(206) Entering Browser::GetContentWindowHandle
T 2019-10-11 10:53:47:109 InputManager.cpp(899) Entering InputManager::AddKeyboardInput
D 2019-10-11 10:53:47:109 InputManager.cpp(906) Queueing SendInput structure for key up (key: i)
T 2019-10-11 10:53:47:109 InputManager.cpp(999) Removing key: i
T 2019-10-11 10:53:47:109 Browser.cpp(206) Entering Browser::GetContentWindowHandle
T 2019-10-11 10:53:47:109 InputManager.cpp(899) Entering InputManager::AddKeyboardInput
D 2019-10-11 10:53:47:109 InputManager.cpp(906) Queueing SendInput structure for key down (key: n)
T 2019-10-11 10:53:47:109 InputManager.cpp(996) Adding key: n
T 2019-10-11 10:53:47:109 Browser.cpp(206) Entering Browser::GetContentWindowHandle
T 2019-10-11 10:53:47:109 InputManager.cpp(899) Entering InputManager::AddKeyboardInput
D 2019-10-11 10:53:47:109 InputManager.cpp(906) Queueing SendInput structure for key up (key: n)
T 2019-10-11 10:53:47:109 InputManager.cpp(999) Removing key: n
T 2019-10-11 10:53:47:110 Browser.cpp(206) Entering Browser::GetContentWindowHandle
T 2019-10-11 10:53:47:110 InputManager.cpp(899) Entering InputManager::AddKeyboardInput
D 2019-10-11 10:53:47:110 InputManager.cpp(906) Queueing SendInput structure for key down (key: d)
T 2019-10-11 10:53:47:110 InputManager.cpp(996) Adding key: d
T 2019-10-11 10:53:47:110 Browser.cpp(206) Entering Browser::GetContentWindowHandle
T 2019-10-11 10:53:47:110 InputManager.cpp(899) Entering InputManager::AddKeyboardInput
D 2019-10-11 10:53:47:110 InputManager.cpp(906) Queueing SendInput structure for key up (key: d)
T 2019-10-11 10:53:47:110 InputManager.cpp(999) Removing key: d
T 2019-10-11 10:53:47:110 Browser.cpp(206) Entering Browser::GetContentWindowHandle
T 2019-10-11 10:53:47:110 InputManager.cpp(899) Entering InputManager::AddKeyboardInput
D 2019-10-11 10:53:47:110 InputManager.cpp(906) Queueing SendInput structure for key down (key: e)
T 2019-10-11 10:53:47:110 InputManager.cpp(996) Adding key: e
T 2019-10-11 10:53:47:111 Browser.cpp(206) Entering Browser::GetContentWindowHandle
T 2019-10-11 10:53:47:111 InputManager.cpp(899) Entering InputManager::AddKeyboardInput
D 2019-10-11 10:53:47:111 InputManager.cpp(906) Queueing SendInput structure for key up (key: e)
T 2019-10-11 10:53:47:111 InputManager.cpp(999) Removing key: e
T 2019-10-11 10:53:47:111 Browser.cpp(206) Entering Browser::GetContentWindowHandle
T 2019-10-11 10:53:47:111 InputManager.cpp(899) Entering InputManager::AddKeyboardInput
D 2019-10-11 10:53:47:111 InputManager.cpp(906) Queueing SendInput structure for key down (key: r)
T 2019-10-11 10:53:47:111 InputManager.cpp(996) Adding key: r
T 2019-10-11 10:53:47:111 Browser.cpp(206) Entering Browser::GetContentWindowHandle
T 2019-10-11 10:53:47:111 InputManager.cpp(899) Entering InputManager::AddKeyboardInput
D 2019-10-11 10:53:47:111 InputManager.cpp(906) Queueing SendInput structure for key up (key: r)
T 2019-10-11 10:53:47:111 InputManager.cpp(999) Removing key: r
T 2019-10-11 10:53:47:111 Browser.cpp(206) Entering Browser::GetContentWindowHandle
T 2019-10-11 10:53:47:112 InputManager.cpp(899) Entering InputManager::AddKeyboardInput
D 2019-10-11 10:53:47:112 InputManager.cpp(906) Queueing SendInput structure for key down (key: .)
T 2019-10-11 10:53:47:112 InputManager.cpp(996) Adding key: .
T 2019-10-11 10:53:47:112 Browser.cpp(206) Entering Browser::GetContentWindowHandle
T 2019-10-11 10:53:47:112 InputManager.cpp(899) Entering InputManager::AddKeyboardInput
D 2019-10-11 10:53:47:112 InputManager.cpp(906) Queueing SendInput structure for key up (key: .)
T 2019-10-11 10:53:47:112 InputManager.cpp(999) Removing key: .
T 2019-10-11 10:53:47:112 Browser.cpp(206) Entering Browser::GetContentWindowHandle
T 2019-10-11 10:53:47:112 InputManager.cpp(899) Entering InputManager::AddKeyboardInput
D 2019-10-11 10:53:47:112 InputManager.cpp(906) Queueing SendInput structure for key down (key: g)
T 2019-10-11 10:53:47:112 InputManager.cpp(996) Adding key: g
T 2019-10-11 10:53:47:112 Browser.cpp(206) Entering Browser::GetContentWindowHandle
T 2019-10-11 10:53:47:113 InputManager.cpp(899) Entering InputManager::AddKeyboardInput
D 2019-10-11 10:53:47:113 InputManager.cpp(906) Queueing SendInput structure for key up (key: g)
T 2019-10-11 10:53:47:113 InputManager.cpp(999) Removing key: g
T 2019-10-11 10:53:47:113 Browser.cpp(206) Entering Browser::GetContentWindowHandle
T 2019-10-11 10:53:47:113 InputManager.cpp(899) Entering InputManager::AddKeyboardInput
D 2019-10-11 10:53:47:113 InputManager.cpp(906) Queueing SendInput structure for key down (key: a)
T 2019-10-11 10:53:47:113 InputManager.cpp(996) Adding key: a
T 2019-10-11 10:53:47:113 Browser.cpp(206) Entering Browser::GetContentWindowHandle
T 2019-10-11 10:53:47:113 InputManager.cpp(899) Entering InputManager::AddKeyboardInput
D 2019-10-11 10:53:47:113 InputManager.cpp(906) Queueing SendInput structure for key up (key: a)
T 2019-10-11 10:53:47:113 InputManager.cpp(999) Removing key: a
T 2019-10-11 10:53:47:113 Browser.cpp(206) Entering Browser::GetContentWindowHandle
T 2019-10-11 10:53:47:114 InputManager.cpp(899) Entering InputManager::AddKeyboardInput
D 2019-10-11 10:53:47:114 InputManager.cpp(906) Queueing SendInput structure for key down (key: n)
T 2019-10-11 10:53:47:114 InputManager.cpp(996) Adding key: n
T 2019-10-11 10:53:47:114 Browser.cpp(206) Entering Browser::GetContentWindowHandle
T 2019-10-11 10:53:47:114 InputManager.cpp(899) Entering InputManager::AddKeyboardInput
D 2019-10-11 10:53:47:114 InputManager.cpp(906) Queueing SendInput structure for key up (key: n)
T 2019-10-11 10:53:47:114 InputManager.cpp(999) Removing key: n
T 2019-10-11 10:53:47:114 Browser.cpp(206) Entering Browser::GetContentWindowHandle
T 2019-10-11 10:53:47:114 InputManager.cpp(899) Entering InputManager::AddKeyboardInput
D 2019-10-11 10:53:47:114 InputManager.cpp(906) Queueing SendInput structure for key down (key: d)
T 2019-10-11 10:53:47:115 InputManager.cpp(996) Adding key: d
T 2019-10-11 10:53:47:115 Browser.cpp(206) Entering Browser::GetContentWindowHandle
T 2019-10-11 10:53:47:115 InputManager.cpp(899) Entering InputManager::AddKeyboardInput
D 2019-10-11 10:53:47:115 InputManager.cpp(906) Queueing SendInput structure for key up (key: d)
T 2019-10-11 10:53:47:115 InputManager.cpp(999) Removing key: d
T 2019-10-11 10:53:47:115 Browser.cpp(206) Entering Browser::GetContentWindowHandle
T 2019-10-11 10:53:47:115 InputManager.cpp(899) Entering InputManager::AddKeyboardInput
D 2019-10-11 10:53:47:115 InputManager.cpp(906) Queueing SendInput structure for key down (key: h)
T 2019-10-11 10:53:47:115 InputManager.cpp(996) Adding key: h
T 2019-10-11 10:53:47:115 Browser.cpp(206) Entering Browser::GetContentWindowHandle
T 2019-10-11 10:53:47:115 InputManager.cpp(899) Entering InputManager::AddKeyboardInput
D 2019-10-11 10:53:47:115 InputManager.cpp(906) Queueing SendInput structure for key up (key: h)
T 2019-10-11 10:53:47:115 InputManager.cpp(999) Removing key: h
T 2019-10-11 10:53:47:116 Browser.cpp(206) Entering Browser::GetContentWindowHandle
T 2019-10-11 10:53:47:116 InputManager.cpp(899) Entering InputManager::AddKeyboardInput
D 2019-10-11 10:53:47:116 InputManager.cpp(906) Queueing SendInput structure for key down (key: i)
T 2019-10-11 10:53:47:116 InputManager.cpp(996) Adding key: i
T 2019-10-11 10:53:47:116 Browser.cpp(206) Entering Browser::GetContentWindowHandle
T 2019-10-11 10:53:47:116 InputManager.cpp(899) Entering InputManager::AddKeyboardInput
D 2019-10-11 10:53:47:116 InputManager.cpp(906) Queueing SendInput structure for key up (key: i)
T 2019-10-11 10:53:47:116 InputManager.cpp(999) Removing key: i
T 2019-10-11 10:53:47:116 Browser.cpp(206) Entering Browser::GetContentWindowHandle
T 2019-10-11 10:53:47:116 InputManager.cpp(899) Entering InputManager::AddKeyboardInput
D 2019-10-11 10:53:47:116 InputManager.cpp(906) Queueing SendInput structure for key down (key: @)
T 2019-10-11 10:53:47:116 InputManager.cpp(996) Adding key: @
T 2019-10-11 10:53:47:116 Browser.cpp(206) Entering Browser::GetContentWindowHandle
T 2019-10-11 10:53:47:116 InputManager.cpp(899) Entering InputManager::AddKeyboardInput
D 2019-10-11 10:53:47:117 InputManager.cpp(906) Queueing SendInput structure for key up (key: @)
T 2019-10-11 10:53:47:117 InputManager.cpp(999) Removing key: @
T 2019-10-11 10:53:47:117 Browser.cpp(206) Entering Browser::GetContentWindowHandle
T 2019-10-11 10:53:47:117 InputManager.cpp(899) Entering InputManager::AddKeyboardInput
D 2019-10-11 10:53:47:117 InputManager.cpp(906) Queueing SendInput structure for key down (key: c)
T 2019-10-11 10:53:47:117 InputManager.cpp(996) Adding key: c
T 2019-10-11 10:53:47:117 Browser.cpp(206) Entering Browser::GetContentWindowHandle
T 2019-10-11 10:53:47:117 InputManager.cpp(899) Entering InputManager::AddKeyboardInput
D 2019-10-11 10:53:47:117 InputManager.cpp(906) Queueing SendInput structure for key up (key: c)
T 2019-10-11 10:53:47:117 InputManager.cpp(999) Removing key: c
T 2019-10-11 10:53:47:117 Browser.cpp(206) Entering Browser::GetContentWindowHandle
T 2019-10-11 10:53:47:117 InputManager.cpp(899) Entering InputManager::AddKeyboardInput
D 2019-10-11 10:53:47:118 InputManager.cpp(906) Queueing SendInput structure for key down (key: o)
T 2019-10-11 10:53:47:118 InputManager.cpp(996) Adding key: o
T 2019-10-11 10:53:47:118 Browser.cpp(206) Entering Browser::GetContentWindowHandle
T 2019-10-11 10:53:47:118 InputManager.cpp(899) Entering InputManager::AddKeyboardInput
D 2019-10-11 10:53:47:118 InputManager.cpp(906) Queueing SendInput structure for key up (key: o)
T 2019-10-11 10:53:47:118 InputManager.cpp(999) Removing key: o
T 2019-10-11 10:53:47:118 Browser.cpp(206) Entering Browser::GetContentWindowHandle
T 2019-10-11 10:53:47:118 InputManager.cpp(899) Entering InputManager::AddKeyboardInput
D 2019-10-11 10:53:47:118 InputManager.cpp(906) Queueing SendInput structure for key down (key: d)
T 2019-10-11 10:53:47:118 InputManager.cpp(996) Adding key: d
T 2019-10-11 10:53:47:118 Browser.cpp(206) Entering Browser::GetContentWindowHandle
T 2019-10-11 10:53:47:118 InputManager.cpp(899) Entering InputManager::AddKeyboardInput
D 2019-10-11 10:53:47:119 InputManager.cpp(906) Queueing SendInput structure for key up (key: d)
T 2019-10-11 10:53:47:119 InputManager.cpp(999) Removing key: d
T 2019-10-11 10:53:47:119 Browser.cpp(206) Entering Browser::GetContentWindowHandle
T 2019-10-11 10:53:47:119 InputManager.cpp(899) Entering InputManager::AddKeyboardInput
D 2019-10-11 10:53:47:119 InputManager.cpp(906) Queueing SendInput structure for key down (key: e)
T 2019-10-11 10:53:47:119 InputManager.cpp(996) Adding key: e
T 2019-10-11 10:53:47:119 Browser.cpp(206) Entering Browser::GetContentWindowHandle
T 2019-10-11 10:53:47:119 InputManager.cpp(899) Entering InputManager::AddKeyboardInput
D 2019-10-11 10:53:47:119 InputManager.cpp(906) Queueing SendInput structure for key up (key: e)
T 2019-10-11 10:53:47:119 InputManager.cpp(999) Removing key: e
T 2019-10-11 10:53:47:119 Browser.cpp(206) Entering Browser::GetContentWindowHandle
T 2019-10-11 10:53:47:119 InputManager.cpp(899) Entering InputManager::AddKeyboardInput
D 2019-10-11 10:53:47:119 InputManager.cpp(906) Queueing SendInput structure for key down (key: w)
T 2019-10-11 10:53:47:120 InputManager.cpp(996) Adding key: w
T 2019-10-11 10:53:47:120 Browser.cpp(206) Entering Browser::GetContentWindowHandle
T 2019-10-11 10:53:47:120 InputManager.cpp(899) Entering InputManager::AddKeyboardInput
D 2019-10-11 10:53:47:120 InputManager.cpp(906) Queueing SendInput structure for key up (key: w)
T 2019-10-11 10:53:47:120 InputManager.cpp(999) Removing key: w
T 2019-10-11 10:53:47:120 Browser.cpp(206) Entering Browser::GetContentWindowHandle
T 2019-10-11 10:53:47:120 InputManager.cpp(899) Entering InputManager::AddKeyboardInput
D 2019-10-11 10:53:47:120 InputManager.cpp(906) Queueing SendInput structure for key down (key: o)
T 2019-10-11 10:53:47:120 InputManager.cpp(996) Adding key: o
T 2019-10-11 10:53:47:120 Browser.cpp(206) Entering Browser::GetContentWindowHandle
T 2019-10-11 10:53:47:120 InputManager.cpp(899) Entering InputManager::AddKeyboardInput
D 2019-10-11 10:53:47:120 InputManager.cpp(906) Queueing SendInput structure for key up (key: o)
T 2019-10-11 10:53:47:120 InputManager.cpp(999) Removing key: o
T 2019-10-11 10:53:47:121 Browser.cpp(206) Entering Browser::GetContentWindowHandle
T 2019-10-11 10:53:47:121 InputManager.cpp(899) Entering InputManager::AddKeyboardInput
D 2019-10-11 10:53:47:121 InputManager.cpp(906) Queueing SendInput structure for key down (key: r)
T 2019-10-11 10:53:47:121 InputManager.cpp(996) Adding key: r
T 2019-10-11 10:53:47:121 Browser.cpp(206) Entering Browser::GetContentWindowHandle
T 2019-10-11 10:53:47:121 InputManager.cpp(899) Entering InputManager::AddKeyboardInput
D 2019-10-11 10:53:47:121 InputManager.cpp(906) Queueing SendInput structure for key up (key: r)
T 2019-10-11 10:53:47:121 InputManager.cpp(999) Removing key: r
T 2019-10-11 10:53:47:121 Browser.cpp(206) Entering Browser::GetContentWindowHandle
T 2019-10-11 10:53:47:121 InputManager.cpp(899) Entering InputManager::AddKeyboardInput
D 2019-10-11 10:53:47:121 InputManager.cpp(906) Queueing SendInput structure for key down (key: l)
T 2019-10-11 10:53:47:121 InputManager.cpp(996) Adding key: l
T 2019-10-11 10:53:47:121 Browser.cpp(206) Entering Browser::GetContentWindowHandle
T 2019-10-11 10:53:47:121 InputManager.cpp(899) Entering InputManager::AddKeyboardInput
D 2019-10-11 10:53:47:122 InputManager.cpp(906) Queueing SendInput structure for key up (key: l)
T 2019-10-11 10:53:47:122 InputManager.cpp(999) Removing key: l
T 2019-10-11 10:53:47:122 Browser.cpp(206) Entering Browser::GetContentWindowHandle
T 2019-10-11 10:53:47:122 InputManager.cpp(899) Entering InputManager::AddKeyboardInput
D 2019-10-11 10:53:47:122 InputManager.cpp(906) Queueing SendInput structure for key down (key: d)
T 2019-10-11 10:53:47:122 InputManager.cpp(996) Adding key: d
T 2019-10-11 10:53:47:122 Browser.cpp(206) Entering Browser::GetContentWindowHandle
T 2019-10-11 10:53:47:122 InputManager.cpp(899) Entering InputManager::AddKeyboardInput
D 2019-10-11 10:53:47:122 InputManager.cpp(906) Queueing SendInput structure for key up (key: d)
T 2019-10-11 10:53:47:122 InputManager.cpp(999) Removing key: d
T 2019-10-11 10:53:47:122 Browser.cpp(206) Entering Browser::GetContentWindowHandle
T 2019-10-11 10:53:47:122 InputManager.cpp(899) Entering InputManager::AddKeyboardInput
D 2019-10-11 10:53:47:122 InputManager.cpp(906) Queueing SendInput structure for key down (key: w)
T 2019-10-11 10:53:47:123 InputManager.cpp(996) Adding key: w
T 2019-10-11 10:53:47:123 Browser.cpp(206) Entering Browser::GetContentWindowHandle
T 2019-10-11 10:53:47:123 InputManager.cpp(899) Entering InputManager::AddKeyboardInput
D 2019-10-11 10:53:47:123 InputManager.cpp(906) Queueing SendInput structure for key up (key: w)
T 2019-10-11 10:53:47:123 InputManager.cpp(999) Removing key: w
T 2019-10-11 10:53:47:123 Browser.cpp(206) Entering Browser::GetContentWindowHandle
T 2019-10-11 10:53:47:123 InputManager.cpp(899) Entering InputManager::AddKeyboardInput
D 2019-10-11 10:53:47:123 InputManager.cpp(906) Queueing SendInput structure for key down (key: i)
T 2019-10-11 10:53:47:123 InputManager.cpp(996) Adding key: i
T 2019-10-11 10:53:47:123 Browser.cpp(206) Entering Browser::GetContentWindowHandle
T 2019-10-11 10:53:47:123 InputManager.cpp(899) Entering InputManager::AddKeyboardInput
D 2019-10-11 10:53:47:123 InputManager.cpp(906) Queueing SendInput structure for key up (key: i)
T 2019-10-11 10:53:47:123 InputManager.cpp(999) Removing key: i
T 2019-10-11 10:53:47:123 Browser.cpp(206) Entering Browser::GetContentWindowHandle
T 2019-10-11 10:53:47:124 InputManager.cpp(899) Entering InputManager::AddKeyboardInput
D 2019-10-11 10:53:47:124 InputManager.cpp(906) Queueing SendInput structure for key down (key: d)
T 2019-10-11 10:53:47:124 InputManager.cpp(996) Adding key: d
T 2019-10-11 10:53:47:124 Browser.cpp(206) Entering Browser::GetContentWindowHandle
T 2019-10-11 10:53:47:124 InputManager.cpp(899) Entering InputManager::AddKeyboardInput
D 2019-10-11 10:53:47:124 InputManager.cpp(906) Queueing SendInput structure for key up (key: d)
T 2019-10-11 10:53:47:124 InputManager.cpp(999) Removing key: d
T 2019-10-11 10:53:47:124 Browser.cpp(206) Entering Browser::GetContentWindowHandle
T 2019-10-11 10:53:47:124 InputManager.cpp(899) Entering InputManager::AddKeyboardInput
D 2019-10-11 10:53:47:124 InputManager.cpp(906) Queueing SendInput structure for key down (key: e)
T 2019-10-11 10:53:47:124 InputManager.cpp(996) Adding key: e
T 2019-10-11 10:53:47:124 Browser.cpp(206) Entering Browser::GetContentWindowHandle
T 2019-10-11 10:53:47:124 InputManager.cpp(899) Entering InputManager::AddKeyboardInput
D 2019-10-11 10:53:47:125 InputManager.cpp(906) Queueing SendInput structure for key up (key: e)
T 2019-10-11 10:53:47:125 InputManager.cpp(999) Removing key: e
T 2019-10-11 10:53:47:125 Browser.cpp(206) Entering Browser::GetContentWindowHandle
T 2019-10-11 10:53:47:125 InputManager.cpp(899) Entering InputManager::AddKeyboardInput
D 2019-10-11 10:53:47:125 InputManager.cpp(906) Queueing SendInput structure for key down (key: .)
T 2019-10-11 10:53:47:125 InputManager.cpp(996) Adding key: .
T 2019-10-11 10:53:47:125 Browser.cpp(206) Entering Browser::GetContentWindowHandle
T 2019-10-11 10:53:47:125 InputManager.cpp(899) Entering InputManager::AddKeyboardInput
D 2019-10-11 10:53:47:125 InputManager.cpp(906) Queueing SendInput structure for key up (key: .)
T 2019-10-11 10:53:47:125 InputManager.cpp(999) Removing key: .
T 2019-10-11 10:53:47:125 Browser.cpp(206) Entering Browser::GetContentWindowHandle
T 2019-10-11 10:53:47:125 InputManager.cpp(899) Entering InputManager::AddKeyboardInput
D 2019-10-11 10:53:47:125 InputManager.cpp(906) Queueing SendInput structure for key down (key: c)
T 2019-10-11 10:53:47:126 InputManager.cpp(996) Adding key: c
T 2019-10-11 10:53:47:126 Browser.cpp(206) Entering Browser::GetContentWindowHandle
T 2019-10-11 10:53:47:126 InputManager.cpp(899) Entering InputManager::AddKeyboardInput
D 2019-10-11 10:53:47:126 InputManager.cpp(906) Queueing SendInput structure for key up (key: c)
T 2019-10-11 10:53:47:126 InputManager.cpp(999) Removing key: c
T 2019-10-11 10:53:47:126 Browser.cpp(206) Entering Browser::GetContentWindowHandle
T 2019-10-11 10:53:47:126 InputManager.cpp(899) Entering InputManager::AddKeyboardInput
D 2019-10-11 10:53:47:126 InputManager.cpp(906) Queueing SendInput structure for key down (key: o)
T 2019-10-11 10:53:47:126 InputManager.cpp(996) Adding key: o
T 2019-10-11 10:53:47:127 Browser.cpp(206) Entering Browser::GetContentWindowHandle
T 2019-10-11 10:53:47:127 InputManager.cpp(899) Entering InputManager::AddKeyboardInput
D 2019-10-11 10:53:47:127 InputManager.cpp(906) Queueing SendInput structure for key up (key: o)
T 2019-10-11 10:53:47:127 InputManager.cpp(999) Removing key: o
T 2019-10-11 10:53:47:127 Browser.cpp(206) Entering Browser::GetContentWindowHandle
T 2019-10-11 10:53:47:127 InputManager.cpp(899) Entering InputManager::AddKeyboardInput
D 2019-10-11 10:53:47:127 InputManager.cpp(906) Queueing SendInput structure for key down (key: m)
T 2019-10-11 10:53:47:127 InputManager.cpp(996) Adding key: m
T 2019-10-11 10:53:47:127 Browser.cpp(206) Entering Browser::GetContentWindowHandle
T 2019-10-11 10:53:47:127 InputManager.cpp(899) Entering InputManager::AddKeyboardInput
D 2019-10-11 10:53:47:127 InputManager.cpp(906) Queueing SendInput structure for key up (key: m)
T 2019-10-11 10:53:47:128 InputManager.cpp(999) Removing key: m
T 2019-10-11 10:53:47:128 Browser.cpp(206) Entering Browser::GetContentWindowHandle
T 2019-10-11 10:53:47:128 InputManager.cpp(899) Entering InputManager::AddKeyboardInput
D 2019-10-11 10:53:47:128 InputManager.cpp(906) Queueing SendInput structure for key down (key: Unidentified)
T 2019-10-11 10:53:47:128 Browser.cpp(206) Entering Browser::GetContentWindowHandle
T 2019-10-11 10:53:47:128 InputManager.cpp(899) Entering InputManager::AddKeyboardInput
D 2019-10-11 10:53:47:128 InputManager.cpp(906) Queueing SendInput structure for key up (key: Unidentified)
D 2019-10-11 10:53:47:128 InputManager.cpp(185) Processing a total of 68 input events
T 2019-10-11 10:53:47:128 InputManager.cpp(279) Entering InputManager::PerformInputWithSendMessage
T 2019-10-11 10:53:47:128 HookProcessor.cpp(94) Entering HookProcessor::Initialize
T 2019-10-11 10:53:47:128 HookProcessor.cpp(104) Entering HookProcessor::Initialize
T 2019-10-11 10:53:47:128 HookProcessor.cpp(167) Entering HookProcessor::InstallWindowsHook
T 2019-10-11 10:53:47:129 Browser.cpp(206) Entering Browser::GetContentWindowHandle
T 2019-10-11 10:53:47:129 IECommandExecutor.cpp(122) Entering IECommandExecutor::OnSetCommand
T 2019-10-11 10:53:47:130 command.cc(31) Entering Command::Deserialize
D 2019-10-11 10:53:47:130 command.cc(36) Raw JSON command: { "name" : "getTitle", "locator" : { "sessionid" : "21035901-87c1-4a95-8e31-d7b62cf56d3c" }, "parameters" : {} }
T 2019-10-11 10:53:47:130 Browser.cpp(54) Entering Browser::OnQuit
T 2019-10-11 10:53:47:130 DocumentHost.cpp(252) Entering DocumentHost::PostQuitMessage
T 2019-10-11 10:53:47:130 IESession.cpp(212) Beginning wait for response length to be not zero
T 2019-10-11 10:53:47:130 IECommandExecutor.cpp(133) Entering IECommandExecutor::OnExecCommand
T 2019-10-11 10:53:47:130 IECommandExecutor.cpp(454) Entering IECommandExecutor::DispatchCommand
T 2019-10-11 10:53:47:130 IECommandExecutor.cpp(577) Entering IECommandExecutor::GetCurrentBrowser
T 2019-10-11 10:53:47:130 IECommandExecutor.cpp(583) Entering IECommandExecutor::GetManagedBrowser
T 2019-10-11 10:53:47:131 IECommandExecutor.cpp(529) Entering IECommandExecutor::IsAlertActive
T 2019-10-11 10:53:47:131 Browser.cpp(700) Entering Browser::GetActiveDialogWindowHandle
T 2019-10-11 10:53:47:131 Browser.cpp(206) Entering Browser::GetContentWindowHandle
D 2019-10-11 10:53:47:131 IECommandExecutor.cpp(543) No alert handle is found
T 2019-10-11 10:53:47:131 IECommandExecutor.cpp(577) Entering IECommandExecutor::GetCurrentBrowser
T 2019-10-11 10:53:47:131 IECommandExecutor.cpp(583) Entering IECommandExecutor::GetManagedBrowser
T 2019-10-11 10:53:47:131 Browser.cpp(162) Entering Browser::GetTitle
T 2019-10-11 10:53:47:492 response.cc(72) Entering Response::SetSuccessResponse
T 2019-10-11 10:53:47:493 response.cc(78) Entering Response::SetResponse
T 2019-10-11 10:53:47:493 IECommandExecutor.cpp(577) Entering IECommandExecutor::GetCurrentBrowser
T 2019-10-11 10:53:47:493 IECommandExecutor.cpp(583) Entering IECommandExecutor::GetManagedBrowser
T 2019-10-11 10:53:47:493 response.cc(51) Entering Response::Serialize
T 2019-10-11 10:53:47:493 IESession.cpp(221) Found non-zero response length
T 2019-10-11 10:53:47:493 IESession.cpp(221) Found non-zero response length
T 2019-10-11 10:53:47:493 IECommandExecutor.cpp(250) Entering IECommandExecutor::OnBrowserQuit
T 2019-10-11 10:53:47:493 IECommandExecutor.cpp(529) Entering IECommandExecutor::IsAlertActive
T 2019-10-11 10:53:47:493 Browser.cpp(700) Entering Browser::GetActiveDialogWindowHandle
T 2019-10-11 10:53:47:493 Browser.cpp(206) Entering Browser::GetContentWindowHandle
D 2019-10-11 10:53:47:494 IECommandExecutor.cpp(543) No alert handle is found
T 2019-10-11 10:53:47:495 IECommandExecutor.cpp(156) Entering IECommandExecutor::OnGetResponse
T 2019-10-11 10:53:47:495 IECommandExecutor.cpp(156) Entering IECommandExecutor::OnGetResponse
T 2019-10-11 10:53:47:496 IECommandExecutor.cpp(285) Entering IECommandExecutor::OnIsSessionValid
D 2019-10-11 10:53:47:496 server.cc(338) Response: {"value":"Samsung Marketing Cloud"}

T 2019-10-11 10:53:47:496 IECommandExecutor.cpp(285) Entering IECommandExecutor::OnIsSessionValid
T 2019-10-11 10:53:47:496 server.cc(391) Entering Server::SendResponseToClient
T 2019-10-11 10:53:47:496 response.cc(30) Entering Response::Deserialize
T 2019-10-11 10:53:47:496 server.cc(445) Entering Server::SendHttpOk
D 2019-10-11 10:53:47:496 server.cc(338) Response: 
T 2019-10-11 10:53:47:496 server.cc(391) Entering Server::SendResponseToClient
T 2019-10-11 10:53:48:510 server.cc(174) Entering Server::ProcessRequest
T 2019-10-11 10:53:48:510 server.cc(183) Process request with: URI: /session/21035901-87c1-4a95-8e31-d7b62cf56d3c/title HTTP verb: GET
body: {}
T 2019-10-11 10:53:48:510 server.cc(272) Entering Server::DispatchCommand
T 2019-10-11 10:53:48:510 server.cc(583) Entering Server::LookupCommand
D 2019-10-11 10:53:48:510 server.cc(281) Command: GET /session/21035901-87c1-4a95-8e31-d7b62cf56d3c/title {}
T 2019-10-11 10:53:48:510 server.cc(378) Entering Server::LookupSession
T 2019-10-11 10:53:48:510 IESession.cpp(191) Entering IESession::ExecuteCommand
T 2019-10-11 10:53:48:510 IECommandExecutor.cpp(122) Entering IECommandExecutor::OnSetCommand
T 2019-10-11 10:53:48:510 command.cc(31) Entering Command::Deserialize
D 2019-10-11 10:53:48:510 command.cc(36) Raw JSON command: { "name" : "getTitle", "locator" : { "sessionid" : "21035901-87c1-4a95-8e31-d7b62cf56d3c" }, "parameters" : {} }
T 2019-10-11 10:53:48:512 IESession.cpp(212) Beginning wait for response length to be not zero
T 2019-10-11 10:53:48:512 IECommandExecutor.cpp(133) Entering IECommandExecutor::OnExecCommand
T 2019-10-11 10:53:48:512 IECommandExecutor.cpp(454) Entering IECommandExecutor::DispatchCommand
T 2019-10-11 10:53:48:512 IECommandExecutor.cpp(577) Entering IECommandExecutor::GetCurrentBrowser
T 2019-10-11 10:53:48:512 IECommandExecutor.cpp(583) Entering IECommandExecutor::GetManagedBrowser
W 2019-10-11 10:53:48:512 IECommandExecutor.cpp(591) Browser ID requested was an empty string
W 2019-10-11 10:53:48:512 IECommandExecutor.cpp(503) Unable to find current browser
T 2019-10-11 10:53:48:512 IECommandExecutor.cpp(577) Entering IECommandExecutor::GetCurrentBrowser
T 2019-10-11 10:53:48:512 IECommandExecutor.cpp(583) Entering IECommandExecutor::GetManagedBrowser
W 2019-10-11 10:53:48:512 IECommandExecutor.cpp(591) Browser ID requested was an empty string
T 2019-10-11 10:53:48:512 response.cc(85) Entering Response::SetErrorResponse
T 2019-10-11 10:53:48:513 response.cc(78) Entering Response::SetResponse
T 2019-10-11 10:53:48:513 IECommandExecutor.cpp(577) Entering IECommandExecutor::GetCurrentBrowser
T 2019-10-11 10:53:48:513 IECommandExecutor.cpp(583) Entering IECommandExecutor::GetManagedBrowser
W 2019-10-11 10:53:48:513 IECommandExecutor.cpp(591) Browser ID requested was an empty string
W 2019-10-11 10:53:48:513 IECommandExecutor.cpp(520) Unable to get current browser
T 2019-10-11 10:53:48:513 response.cc(51) Entering Response::Serialize
T 2019-10-11 10:53:48:537 IESession.cpp(221) Found non-zero response length
T 2019-10-11 10:53:48:558 IECommandExecutor.cpp(156) Entering IECommandExecutor::OnGetResponse
T 2019-10-11 10:53:48:577 IECommandExecutor.cpp(285) Entering IECommandExecutor::OnIsSessionValid
D 2019-10-11 10:53:48:582 server.cc(338) Response: {"value":{"data":null,"error":"no such window","message":"Unable to get browser","stacktrace":""}}

T 2019-10-11 10:53:48:582 server.cc(391) Entering Server::SendResponseToClient
T 2019-10-11 10:53:48:582 response.cc(30) Entering Response::Deserialize
T 2019-10-11 10:53:48:582 server.cc(465) Entering Server::SendHttpBadRequest
W 2019-10-11 10:53:52:495 InteractionsManager.cpp(265) Timeout awaiting keypress: 65
W 2019-10-11 10:53:52:495 InteractionsManager.cpp(304) Key up failed: 1400
W 2019-10-11 10:53:52:499 InteractionsManager.cpp(250) Key down failed: 1400
W 2019-10-11 10:53:57:499 InteractionsManager.cpp(265) Timeout awaiting keypress: 84
W 2019-10-11 10:53:57:499 InteractionsManager.cpp(304) Key up failed: 1400
W 2019-10-11 10:53:57:499 InteractionsManager.cpp(250) Key down failed: 1400
W 2019-10-11 10:54:02:500 InteractionsManager.cpp(265) Timeout awaiting keypress: 73
W 2019-10-11 10:54:02:500 InteractionsManager.cpp(304) Key up failed: 1400
W 2019-10-11 10:54:02:500 InteractionsManager.cpp(250) Key down failed: 1400
W 2019-10-11 10:54:07:502 InteractionsManager.cpp(265) Timeout awaiting keypress: 78
W 2019-10-11 10:54:07:502 InteractionsManager.cpp(304) Key up failed: 1400
W 2019-10-11 10:54:07:502 InteractionsManager.cpp(250) Key down failed: 1400
W 2019-10-11 10:54:12:503 InteractionsManager.cpp(265) Timeout awaiting keypress: 68
W 2019-10-11 10:54:12:503 InteractionsManager.cpp(304) Key up failed: 1400
W 2019-10-11 10:54:12:503 InteractionsManager.cpp(250) Key down failed: 1400
W 2019-10-11 10:54:17:505 InteractionsManager.cpp(265) Timeout awaiting keypress: 69
W 2019-10-11 10:54:17:505 InteractionsManager.cpp(304) Key up failed: 1400
W 2019-10-11 10:54:17:505 InteractionsManager.cpp(250) Key down failed: 1400
W 2019-10-11 10:54:22:508 InteractionsManager.cpp(265) Timeout awaiting keypress: 82
W 2019-10-11 10:54:22:508 InteractionsManager.cpp(304) Key up failed: 1400
W 2019-10-11 10:54:22:508 InteractionsManager.cpp(250) Key down failed: 1400
W 2019-10-11 10:54:27:510 InteractionsManager.cpp(265) Timeout awaiting keypress: 190
W 2019-10-11 10:54:27:510 InteractionsManager.cpp(304) Key up failed: 1400
W 2019-10-11 10:54:27:510 InteractionsManager.cpp(250) Key down failed: 1400
W 2019-10-11 10:54:32:514 InteractionsManager.cpp(265) Timeout awaiting keypress: 71
W 2019-10-11 10:54:32:514 InteractionsManager.cpp(304) Key up failed: 1400
W 2019-10-11 10:54:32:514 InteractionsManager.cpp(250) Key down failed: 1400
W 2019-10-11 10:54:37:518 InteractionsManager.cpp(265) Timeout awaiting keypress: 65
W 2019-10-11 10:54:37:518 InteractionsManager.cpp(304) Key up failed: 1400
W 2019-10-11 10:54:37:518 InteractionsManager.cpp(250) Key down failed: 1400
W 2019-10-11 10:54:42:520 InteractionsManager.cpp(265) Timeout awaiting keypress: 78
W 2019-10-11 10:54:42:520 InteractionsManager.cpp(304) Key up failed: 1400
W 2019-10-11 10:54:42:520 InteractionsManager.cpp(250) Key down failed: 1400
W 2019-10-11 10:54:47:520 InteractionsManager.cpp(265) Timeout awaiting keypress: 68
W 2019-10-11 10:54:47:520 InteractionsManager.cpp(304) Key up failed: 1400
W 2019-10-11 10:54:47:520 InteractionsManager.cpp(250) Key down failed: 1400
W 2019-10-11 10:54:52:520 InteractionsManager.cpp(265) Timeout awaiting keypress: 72
W 2019-10-11 10:54:52:520 InteractionsManager.cpp(304) Key up failed: 1400
W 2019-10-11 10:54:52:520 InteractionsManager.cpp(250) Key down failed: 1400
W 2019-10-11 10:54:57:524 InteractionsManager.cpp(265) Timeout awaiting keypress: 73
W 2019-10-11 10:54:57:524 InteractionsManager.cpp(304) Key up failed: 1400
W 2019-10-11 10:54:57:524 InteractionsManager.cpp(217) Modifier keydown failed: 1400
W 2019-10-11 10:54:57:524 InteractionsManager.cpp(250) Key down failed: 1400
W 2019-10-11 10:55:02:524 InteractionsManager.cpp(265) Timeout awaiting keypress: 192
W 2019-10-11 10:55:02:524 InteractionsManager.cpp(304) Key up failed: 1400
W 2019-10-11 10:55:02:524 InteractionsManager.cpp(281) Modifier keyup failed: 1400
W 2019-10-11 10:55:02:524 InteractionsManager.cpp(250) Key down failed: 1400
W 2019-10-11 10:55:07:524 InteractionsManager.cpp(265) Timeout awaiting keypress: 67
W 2019-10-11 10:55:07:524 InteractionsManager.cpp(304) Key up failed: 1400
W 2019-10-11 10:55:07:524 InteractionsManager.cpp(250) Key down failed: 1400
W 2019-10-11 10:55:12:525 InteractionsManager.cpp(265) Timeout awaiting keypress: 79
W 2019-10-11 10:55:12:525 InteractionsManager.cpp(304) Key up failed: 1400
W 2019-10-11 10:55:12:525 InteractionsManager.cpp(250) Key down failed: 1400
W 2019-10-11 10:55:17:528 InteractionsManager.cpp(265) Timeout awaiting keypress: 68
W 2019-10-11 10:55:17:528 InteractionsManager.cpp(304) Key up failed: 1400
W 2019-10-11 10:55:17:528 InteractionsManager.cpp(250) Key down failed: 1400
W 2019-10-11 10:55:22:529 InteractionsManager.cpp(265) Timeout awaiting keypress: 69
W 2019-10-11 10:55:22:529 InteractionsManager.cpp(304) Key up failed: 1400
W 2019-10-11 10:55:22:529 InteractionsManager.cpp(250) Key down failed: 1400
W 2019-10-11 10:55:27:532 InteractionsManager.cpp(265) Timeout awaiting keypress: 87
W 2019-10-11 10:55:27:532 InteractionsManager.cpp(304) Key up failed: 1400
W 2019-10-11 10:55:27:532 InteractionsManager.cpp(250) Key down failed: 1400
W 2019-10-11 10:55:32:533 InteractionsManager.cpp(265) Timeout awaiting keypress: 79
W 2019-10-11 10:55:32:533 InteractionsManager.cpp(304) Key up failed: 1400
W 2019-10-11 10:55:32:533 InteractionsManager.cpp(250) Key down failed: 1400
W 2019-10-11 10:55:37:534 InteractionsManager.cpp(265) Timeout awaiting keypress: 82
W 2019-10-11 10:55:37:534 InteractionsManager.cpp(304) Key up failed: 1400
W 2019-10-11 10:55:37:534 InteractionsManager.cpp(250) Key down failed: 1400
W 2019-10-11 10:55:42:537 InteractionsManager.cpp(265) Timeout awaiting keypress: 76
W 2019-10-11 10:55:42:537 InteractionsManager.cpp(304) Key up failed: 1400
W 2019-10-11 10:55:42:537 InteractionsManager.cpp(250) Key down failed: 1400
W 2019-10-11 10:55:47:541 InteractionsManager.cpp(265) Timeout awaiting keypress: 68
W 2019-10-11 10:55:47:541 InteractionsManager.cpp(304) Key up failed: 1400
W 2019-10-11 10:55:47:541 InteractionsManager.cpp(250) Key down failed: 1400
W 2019-10-11 10:55:52:542 InteractionsManager.cpp(265) Timeout awaiting keypress: 87
W 2019-10-11 10:55:52:542 InteractionsManager.cpp(304) Key up failed: 1400
W 2019-10-11 10:55:52:542 InteractionsManager.cpp(250) Key down failed: 1400
W 2019-10-11 10:55:57:546 InteractionsManager.cpp(265) Timeout awaiting keypress: 73
W 2019-10-11 10:55:57:546 InteractionsManager.cpp(304) Key up failed: 1400
W 2019-10-11 10:55:57:546 InteractionsManager.cpp(250) Key down failed: 1400
W 2019-10-11 10:56:02:554 InteractionsManager.cpp(265) Timeout awaiting keypress: 68
W 2019-10-11 10:56:02:554 InteractionsManager.cpp(304) Key up failed: 1400
W 2019-10-11 10:56:02:555 InteractionsManager.cpp(250) Key down failed: 1400
W 2019-10-11 10:56:07:555 InteractionsManager.cpp(265) Timeout awaiting keypress: 69
W 2019-10-11 10:56:07:555 InteractionsManager.cpp(304) Key up failed: 1400
W 2019-10-11 10:56:07:555 InteractionsManager.cpp(250) Key down failed: 1400
W 2019-10-11 10:56:12:557 InteractionsManager.cpp(265) Timeout awaiting keypress: 190
W 2019-10-11 10:56:12:557 InteractionsManager.cpp(304) Key up failed: 1400
W 2019-10-11 10:56:12:557 InteractionsManager.cpp(250) Key down failed: 1400
W 2019-10-11 10:56:17:560 InteractionsManager.cpp(265) Timeout awaiting keypress: 67
W 2019-10-11 10:56:17:566 InteractionsManager.cpp(304) Key up failed: 1400
W 2019-10-11 10:56:17:568 InteractionsManager.cpp(250) Key down failed: 1400
W 2019-10-11 10:56:22:573 InteractionsManager.cpp(265) Timeout awaiting keypress: 79
W 2019-10-11 10:56:22:573 InteractionsManager.cpp(304) Key up failed: 1400
W 2019-10-11 10:56:22:573 InteractionsManager.cpp(250) Key down failed: 1400
W 2019-10-11 10:56:27:577 InteractionsManager.cpp(265) Timeout awaiting keypress: 77
W 2019-10-11 10:56:27:577 InteractionsManager.cpp(304) Key up failed: 1400
T 2019-10-11 10:56:27:577 HookProcessor.cpp(244) Entering HookProcessor::Dispose
T 2019-10-11 10:56:27:577 HookProcessor.cpp(197) Entering HookProcessor::UninstallWindowsHook
T 2019-10-11 10:56:27:577 HookProcessor.cpp(244) Entering HookProcessor::Dispose
T 2019-10-11 10:56:27:628 response.cc(72) Entering Response::SetSuccessResponse
T 2019-10-11 10:56:27:628 response.cc(78) Entering Response::SetResponse
T 2019-10-11 10:56:27:629 IECommandExecutor.cpp(577) Entering IECommandExecutor::GetCurrentBrowser
T 2019-10-11 10:56:27:629 IECommandExecutor.cpp(583) Entering IECommandExecutor::GetManagedBrowser
W 2019-10-11 10:56:27:629 IECommandExecutor.cpp(591) Browser ID requested was an empty string
W 2019-10-11 10:56:27:629 IECommandExecutor.cpp(520) Unable to get current browser
T 2019-10-11 10:56:27:629 Browser.cpp(300) Entering Browser::DetachEvents
T 2019-10-11 10:56:27:631 response.cc(51) Entering Response::Serialize
