I 2019-09-20 14:22:09:194 server.cc(86) Starting WebDriver server on port: '10745' on host: ''
T 2019-09-20 14:22:09:194 server.cc(634) Entering Server::PopulateCommandRepository
T 2019-09-20 14:22:09:195 IEServer.cpp(32) Entering IEServer::IEServer
I 2019-09-20 14:22:09:195 IEServer.cpp(33) Driver version: 3.6.0.0 (32-bit)
T 2019-09-20 14:22:09:195 server.cc(121) Entering Server::Start
D 2019-09-20 14:22:09:195 server.cc(148) Civetweb ACL is -0.0.0.0/0,+127.0.0.1
T 2019-09-20 14:22:09:461 server.cc(174) Entering Server::ProcessRequest
T 2019-09-20 14:22:09:461 server.cc(183) Process request with: URI: /status HTTP verb: GET
body: {}
T 2019-09-20 14:22:09:461 server.cc(272) Entering Server::DispatchCommand
T 2019-09-20 14:22:09:462 server.cc(583) Entering Server::LookupCommand
D 2019-09-20 14:22:09:462 server.cc(281) Command: GET /status {}
T 2019-09-20 14:22:09:462 IEServer.cpp(51) Entering IEServer::GetStatus
T 2019-09-20 14:22:09:463 response.cc(72) Entering Response::SetSuccessResponse
T 2019-09-20 14:22:09:463 response.cc(78) Entering Response::SetResponse
T 2019-09-20 14:22:09:463 response.cc(51) Entering Response::Serialize
D 2019-09-20 14:22:09:463 server.cc(338) Response: {"value":{"build":{"version":"3.6.0.0 (32-bit)"},"message":"Ready to create session","os":{"arch":"x64","name":"windows","version":"10.0.17134.376 (WinBuild.160101.0800)"},"ready":true}}

T 2019-09-20 14:22:09:463 server.cc(391) Entering Server::SendResponseToClient
T 2019-09-20 14:22:09:463 response.cc(30) Entering Response::Deserialize
T 2019-09-20 14:22:09:463 server.cc(445) Entering Server::SendHttpOk
T 2019-09-20 14:22:09:481 server.cc(174) Entering Server::ProcessRequest
T 2019-09-20 14:22:09:481 server.cc(238) Entering Server::ReadRequestBody
T 2019-09-20 14:22:09:481 server.cc(183) Process request with: URI: /session HTTP verb: POST
body: {
  "desiredCapabilities": {
    "se:ieOptions": {
      "ie.usePerProcessProxy": "true",
      "ignoreProtectedModeSettings": true
    },
    "browserName": "internet explorer",
    "ie.usePerProcessProxy": "true",
    "ignoreProtectedModeSettings": true
  },
  "capabilities": {
    "firstMatch": [
      {
        "browserName": "internet explorer",
        "se:ieOptions": {
          "ie.usePerProcessProxy": "true",
          "ignoreProtectedModeSettings": true
        }
      }
    ]
  }
}
T 2019-09-20 14:22:09:481 server.cc(272) Entering Server::DispatchCommand
T 2019-09-20 14:22:09:481 server.cc(583) Entering Server::LookupCommand
D 2019-09-20 14:22:09:481 server.cc(281) Command: POST /session {
  "desiredCapabilities": {
    "se:ieOptions": {
      "ie.usePerProcessProxy": "true",
      "ignoreProtectedModeSettings": true
    },
    "browserName": "internet explorer",
    "ie.usePerProcessProxy": "true",
    "ignoreProtectedModeSettings": true
  },
  "capabilities": {
    "firstMatch": [
      {
        "browserName": "internet explorer",
        "se:ieOptions": {
          "ie.usePerProcessProxy": "true",
          "ignoreProtectedModeSettings": true
        }
      }
    ]
  }
}
T 2019-09-20 14:22:09:481 IEServer.cpp(42) Entering IEServer::InitializeSession
T 2019-09-20 14:22:09:481 IESession.cpp(38) Entering IESession::Initialize
D 2019-09-20 14:22:09:481 IESession.cpp(53) Mutex acquired for session initalization
T 2019-09-20 14:22:09:487 IECommandExecutor.cpp(386) Entering IECommandExecutor::ThreadProc
T 2019-09-20 14:22:09:493 IECommandExecutor.cpp(47) Entering IECommandExecutor::OnCreate
T 2019-09-20 14:22:09:494 IECommandExecutor.cpp(753) Entering IECommandExecutor::PopulateElementFinderMethods
T 2019-09-20 14:22:09:494 InputManager.cpp(40) Entering InputManager::InputManager
T 2019-09-20 14:22:09:494 InputManager.cpp(75) Entering InputManager::Initialize
T 2019-09-20 14:22:09:494 BrowserFactory.cpp(998) Entering BrowserFactory::GetExecutableLocation
T 2019-09-20 14:22:09:494 BrowserFactory.cpp(1039) Entering BrowserFactory::GetIEVersion
T 2019-09-20 14:22:09:496 CommandHandlerRepository.cpp(108) Entering CommandHandlerRepository::PopulateCommandHandlers
T 2019-09-20 14:22:09:496 IESession.cpp(99) Created thread for command executor returns HWND: '00031A7E'
T 2019-09-20 14:22:09:497 IESession.cpp(103) Session id is retrived from command executor window: '8eec6e43-6038-4a6d-b1e1-cf675fb6276d'
D 2019-09-20 14:22:09:497 IESession.cpp(109) Releasing session initialization mutex
T 2019-09-20 14:22:09:497 IESession.cpp(191) Entering IESession::ExecuteCommand
T 2019-09-20 14:22:09:497 IECommandExecutor.cpp(122) Entering IECommandExecutor::OnSetCommand
T 2019-09-20 14:22:09:497 command.cc(31) Entering Command::Deserialize
D 2019-09-20 14:22:09:497 command.cc(36) Raw JSON command: { "name" : "newSession", "locator" : { }, "parameters" : {
  "desiredCapabilities": {
    "se:ieOptions": {
      "ie.usePerProcessProxy": "true",
      "ignoreProtectedModeSettings": true
    },
    "browserName": "internet explorer",
    "ie.usePerProcessProxy": "true",
    "ignoreProtectedModeSettings": true
  },
  "capabilities": {
    "firstMatch": [
      {
        "browserName": "internet explorer",
        "se:ieOptions": {
          "ie.usePerProcessProxy": "true",
          "ignoreProtectedModeSettings": true
        }
      }
    ]
  }
} }
T 2019-09-20 14:22:09:497 IECommandExecutor.cpp(133) Entering IECommandExecutor::OnExecCommand
T 2019-09-20 14:22:09:497 IECommandExecutor.cpp(454) Entering IECommandExecutor::DispatchCommand
D 2019-09-20 14:22:09:498 CommandHandlers\NewSessionCommandHandler.cpp(46) Found W3C capabilities structure
D 2019-09-20 14:22:09:498 CommandHandlers\NewSessionCommandHandler.cpp(505) Validating capabilities object
D 2019-09-20 14:22:09:498 CommandHandlers\NewSessionCommandHandler.cpp(505) Validating capabilities object
D 2019-09-20 14:22:09:498 CommandHandlers\NewSessionCommandHandler.cpp(535) Found browserNamecapability. Validating value type is string.
D 2019-09-20 14:22:09:498 CommandHandlers\NewSessionCommandHandler.cpp(794) Found proxycapability. Validating value type is object.
T 2019-09-20 14:22:09:498 BrowserFactory.cpp(113) Entering BrowserFactory::Initialize
T 2019-09-20 14:22:09:498 IECommandExecutor.cpp(631) Entering IECommandExecutor::CreateNewBrowser
T 2019-09-20 14:22:09:498 BrowserFactory.cpp(142) Entering BrowserFactory::LaunchBrowserProcess
D 2019-09-20 14:22:09:498 BrowserFactory.cpp(146) Ignoring Protected Mode Settings: 1
D 2019-09-20 14:22:09:498 BrowserFactory.cpp(152) Has Valid Protected Mode Settings: 0
T 2019-09-20 14:22:09:498 BrowserFactory.cpp(226) Entering BrowserFactory::IsIELaunchURLAvailable
T 2019-09-20 14:22:09:514 BrowserFactory.cpp(130) Entering BrowserFactory::ClearCache
T 2019-09-20 14:22:09:514 BrowserFactory.cpp(247) Entering BrowserFactory::LaunchBrowserUsingIELaunchURL
D 2019-09-20 14:22:09:514 BrowserFactory.cpp(248) Starting IE using the IELaunchURL API
D 2019-09-20 14:22:10:457 BrowserFactory.cpp(202) IE launched successfully with process ID 18160
D 2019-09-20 14:22:10:457 BrowserFactory.cpp(208) Process with ID 18160 is executing iexplore.exe
T 2019-09-20 14:22:10:457 BrowserFactory.cpp(365) Entering BrowserFactory::AttachToBrowser
D 2019-09-20 14:22:10:457 BrowserFactory.cpp(375) Using Active Accessibility to find IWebBrowser2 interface
T 2019-09-20 14:22:10:457 BrowserFactory.cpp(414) Entering BrowserFactory::AttachToBrowserUsingActiveAccessibility
T 2019-09-20 14:22:11:010 server.cc(174) Entering Server::ProcessRequest
T 2019-09-20 14:22:11:010 server.cc(183) Process request with: URI: / HTTP verb: GET
body: {}
T 2019-09-20 14:22:11:010 server.cc(445) Entering Server::SendHttpOk
D 2019-09-20 14:22:12:001 BrowserFactory.cpp(434) Found window handle 00041A00 for window with class 'Internet Explorer_Server' belonging to process with id 18160
T 2019-09-20 14:22:12:001 BrowserFactory.cpp(329) Entering BrowserFactory::GetDocumentFromWindowHandle
T 2019-09-20 14:22:12:001 IESession.cpp(212) Beginning wait for response length to be not zero
T 2019-09-20 14:22:12:202 server.cc(174) Entering Server::ProcessRequest
T 2019-09-20 14:22:12:202 server.cc(183) Process request with: URI: /favicon.ico HTTP verb: GET
body: {}
T 2019-09-20 14:22:12:202 server.cc(272) Entering Server::DispatchCommand
T 2019-09-20 14:22:12:202 server.cc(583) Entering Server::LookupCommand
D 2019-09-20 14:22:12:202 server.cc(281) Command: GET /favicon.ico {}
D 2019-09-20 14:22:12:202 server.cc(338) Response: { "error" : "unknown method", "message" : "Command not found: GET /favicon.ico" }
T 2019-09-20 14:22:12:202 server.cc(391) Entering Server::SendResponseToClient
T 2019-09-20 14:22:12:202 response.cc(30) Entering Response::Deserialize
T 2019-09-20 14:22:12:202 server.cc(445) Entering Server::SendHttpOk
D 2019-09-20 14:22:12:441 BrowserFactory.cpp(396) Ignoring zoom setting: 0
T 2019-09-20 14:22:12:442 BrowserFactory.cpp(574) Entering BrowserFactory::GetBrowserZoomLevel
T 2019-09-20 14:22:12:472 BrowserFactory.cpp(614) Entering BrowserFactory::GetZoomLevel
D 2019-09-20 14:22:12:523 BrowserFactory.cpp(694) Browser zoom level is 100%
I 2019-09-20 14:22:12:525 IECommandExecutor.cpp(654) Persistent hovering set to: 1
T 2019-09-20 14:22:12:525 ProxyManager.cpp(97) ProxyManager::SetProxySettings
D 2019-09-20 14:22:12:525 ProxyManager.cpp(113) Using existing system proxy settings.
T 2019-09-20 14:22:12:525 DocumentHost.cpp(33) Entering DocumentHost::DocumentHost
T 2019-09-20 14:22:12:525 CookieManager.cpp(49) Entering CookieManager::Initialize
T 2019-09-20 14:22:12:525 Browser.cpp(33) Entering Browser::Browser
T 2019-09-20 14:22:12:525 Browser.cpp(293) Entering Browser::AttachEvents
T 2019-09-20 14:22:12:536 IECommandExecutor.cpp(621) Entering IECommandExecutor::AddManagedBrowser
T 2019-09-20 14:22:12:536 IECommandExecutor.cpp(625) Setting current browser id to feab4d4c-34f9-47ba-adf5-9c8af5a22b98
T 2019-09-20 14:22:12:536 response.cc(72) Entering Response::SetSuccessResponse
T 2019-09-20 14:22:12:537 response.cc(78) Entering Response::SetResponse
T 2019-09-20 14:22:12:537 IECommandExecutor.cpp(577) Entering IECommandExecutor::GetCurrentBrowser
T 2019-09-20 14:22:12:537 IECommandExecutor.cpp(583) Entering IECommandExecutor::GetManagedBrowser
T 2019-09-20 14:22:12:537 response.cc(51) Entering Response::Serialize
T 2019-09-20 14:22:12:537 IESession.cpp(221) Found non-zero response length
T 2019-09-20 14:22:12:537 IECommandExecutor.cpp(156) Entering IECommandExecutor::OnGetResponse
T 2019-09-20 14:22:12:538 IECommandExecutor.cpp(285) Entering IECommandExecutor::OnIsSessionValid
T 2019-09-20 14:22:12:538 response.cc(30) Entering Response::Deserialize
D 2019-09-20 14:22:12:538 server.cc(338) Response: {"value":{"capabilities":{"acceptInsecureCerts":false,"browserName":"internet explorer","browserVersion":"11","pageLoadStrategy":"normal","platformName":"windows","se:ieOptions":{"browserAttachTimeout":0,"elementScrollBehavior":0,"enablePersistentHover":true,"ie.browserCommandLineSwitches":"","ie.ensureCleanSession":false,"ie.fileUploadDialogTimeout":3000,"ie.forceCreateProcessApi":false,"ignoreProtectedModeSettings":true,"ignoreZoomSetting":false,"initialBrowserUrl":"http://localhost:10745/","nativeEvents":true,"requireWindowFocus":false},"setWindowRect":true},"sessionId":"8eec6e43-6038-4a6d-b1e1-cf675fb6276d"}}

T 2019-09-20 14:22:12:538 server.cc(391) Entering Server::SendResponseToClient
T 2019-09-20 14:22:12:538 response.cc(30) Entering Response::Deserialize
T 2019-09-20 14:22:12:538 server.cc(445) Entering Server::SendHttpOk
T 2019-09-20 14:22:13:562 server.cc(174) Entering Server::ProcessRequest
T 2019-09-20 14:22:13:562 server.cc(238) Entering Server::ReadRequestBody
T 2019-09-20 14:22:13:562 server.cc(183) Process request with: URI: /session/8eec6e43-6038-4a6d-b1e1-cf675fb6276d/timeouts HTTP verb: POST
body: {
  "implicit": 0
}
T 2019-09-20 14:22:13:562 server.cc(272) Entering Server::DispatchCommand
T 2019-09-20 14:22:13:562 server.cc(583) Entering Server::LookupCommand
D 2019-09-20 14:22:13:562 server.cc(281) Command: POST /session/8eec6e43-6038-4a6d-b1e1-cf675fb6276d/timeouts {
  "implicit": 0
}
T 2019-09-20 14:22:13:562 server.cc(378) Entering Server::LookupSession
T 2019-09-20 14:22:13:562 IESession.cpp(191) Entering IESession::ExecuteCommand
T 2019-09-20 14:22:13:563 IECommandExecutor.cpp(122) Entering IECommandExecutor::OnSetCommand
T 2019-09-20 14:22:13:563 command.cc(31) Entering Command::Deserialize
D 2019-09-20 14:22:13:563 command.cc(36) Raw JSON command: { "name" : "setTimeouts", "locator" : { "sessionid" : "8eec6e43-6038-4a6d-b1e1-cf675fb6276d" }, "parameters" : {
  "implicit": 0
} }
T 2019-09-20 14:22:13:563 IECommandExecutor.cpp(133) Entering IECommandExecutor::OnExecCommand
T 2019-09-20 14:22:13:563 IECommandExecutor.cpp(454) Entering IECommandExecutor::DispatchCommand
T 2019-09-20 14:22:13:563 IECommandExecutor.cpp(577) Entering IECommandExecutor::GetCurrentBrowser
T 2019-09-20 14:22:13:563 IECommandExecutor.cpp(583) Entering IECommandExecutor::GetManagedBrowser
T 2019-09-20 14:22:13:563 IECommandExecutor.cpp(529) Entering IECommandExecutor::IsAlertActive
T 2019-09-20 14:22:13:563 Browser.cpp(700) Entering Browser::GetActiveDialogWindowHandle
T 2019-09-20 14:22:13:563 Browser.cpp(206) Entering Browser::GetContentWindowHandle
D 2019-09-20 14:22:13:564 IECommandExecutor.cpp(543) No alert handle is found
T 2019-09-20 14:22:13:564 IECommandExecutor.cpp(577) Entering IECommandExecutor::GetCurrentBrowser
T 2019-09-20 14:22:13:564 IECommandExecutor.cpp(583) Entering IECommandExecutor::GetManagedBrowser
T 2019-09-20 14:22:13:564 response.cc(51) Entering Response::Serialize
T 2019-09-20 14:22:13:564 IESession.cpp(212) Beginning wait for response length to be not zero
T 2019-09-20 14:22:13:564 IESession.cpp(221) Found non-zero response length
T 2019-09-20 14:22:13:564 IECommandExecutor.cpp(156) Entering IECommandExecutor::OnGetResponse
T 2019-09-20 14:22:13:564 IECommandExecutor.cpp(285) Entering IECommandExecutor::OnIsSessionValid
D 2019-09-20 14:22:13:564 server.cc(338) Response: {"value":null}

T 2019-09-20 14:22:13:564 server.cc(391) Entering Server::SendResponseToClient
T 2019-09-20 14:22:13:564 response.cc(30) Entering Response::Deserialize
T 2019-09-20 14:22:13:564 server.cc(445) Entering Server::SendHttpOk
T 2019-09-20 14:22:14:571 server.cc(174) Entering Server::ProcessRequest
T 2019-09-20 14:22:14:571 server.cc(238) Entering Server::ReadRequestBody
T 2019-09-20 14:22:14:571 server.cc(183) Process request with: URI: /session/8eec6e43-6038-4a6d-b1e1-cf675fb6276d/execute/sync HTTP verb: POST
body: {
  "script": "return navigator.sayswho= (function() { var ua= navigator.userAgent, tem, M= ua.match(\u002f(opera|chrome|safari|firefox|msie|trident)\\\u002f?\\s*(\\.?\\d+(\\.\\d+)*)\u002fi) || []; if (\u002ftrident\u002fi.test(M[1])) {     tem=  \u002f\\brv[ :]+(\\d+)\u002fg.exec(ua) || [];     return 'IE '+(tem[1] || ''); } if(M[1]=== 'Chrome') {     tem= ua.match(\u002f\\b(OPR|Edge)\\\u002f(\\d+)\u002f);     if(tem!= null) return tem.slice(1).join(' ').replace('OPR', 'Opera'); } M= M[2]? [M[1], M[2]]: [navigator.appName, navigator.appVersion, '-?']; if((tem= ua.match(\u002fversion\\\u002f(\\d+)\u002fi))!= null) M.splice(1, 1, tem[1]); return M.join(' ').replace('MSIE', 'IE');})();",
  "args": [
  ]
}
T 2019-09-20 14:22:14:571 server.cc(272) Entering Server::DispatchCommand
T 2019-09-20 14:22:14:571 server.cc(583) Entering Server::LookupCommand
D 2019-09-20 14:22:14:571 server.cc(281) Command: POST /session/8eec6e43-6038-4a6d-b1e1-cf675fb6276d/execute/sync {
  "script": "return navigator.sayswho= (function() { var ua= navigator.userAgent, tem, M= ua.match(\u002f(opera|chrome|safari|firefox|msie|trident)\\\u002f?\\s*(\\.?\\d+(\\.\\d+)*)\u002fi) || []; if (\u002ftrident\u002fi.test(M[1])) {     tem=  \u002f\\brv[ :]+(\\d+)\u002fg.exec(ua) || [];     return 'IE '+(tem[1] || ''); } if(M[1]=== 'Chrome') {     tem= ua.match(\u002f\\b(OPR|Edge)\\\u002f(\\d+)\u002f);     if(tem!= null) return tem.slice(1).join(' ').replace('OPR', 'Opera'); } M= M[2]? [M[1], M[2]]: [navigator.appName, navigator.appVersion, '-?']; if((tem= ua.match(\u002fversion\\\u002f(\\d+)\u002fi))!= null) M.splice(1, 1, tem[1]); return M.join(' ').replace('MSIE', 'IE');})();",
  "args": [
  ]
}
T 2019-09-20 14:22:14:571 server.cc(378) Entering Server::LookupSession
T 2019-09-20 14:22:14:571 IESession.cpp(191) Entering IESession::ExecuteCommand
T 2019-09-20 14:22:14:572 IECommandExecutor.cpp(122) Entering IECommandExecutor::OnSetCommand
T 2019-09-20 14:22:14:572 command.cc(31) Entering Command::Deserialize
D 2019-09-20 14:22:14:572 command.cc(36) Raw JSON command: { "name" : "executeScript", "locator" : { "sessionid" : "8eec6e43-6038-4a6d-b1e1-cf675fb6276d" }, "parameters" : {
  "script": "return navigator.sayswho= (function() { var ua= navigator.userAgent, tem, M= ua.match(\u002f(opera|chrome|safari|firefox|msie|trident)\\\u002f?\\s*(\\.?\\d+(\\.\\d+)*)\u002fi) || []; if (\u002ftrident\u002fi.test(M[1])) {     tem=  \u002f\\brv[ :]+(\\d+)\u002fg.exec(ua) || [];     return 'IE '+(tem[1] || ''); } if(M[1]=== 'Chrome') {     tem= ua.match(\u002f\\b(OPR|Edge)\\\u002f(\\d+)\u002f);     if(tem!= null) return tem.slice(1).join(' ').replace('OPR', 'Opera'); } M= M[2]? [M[1], M[2]]: [navigator.appName, navigator.appVersion, '-?']; if((tem= ua.match(\u002fversion\\\u002f(\\d+)\u002fi))!= null) M.splice(1, 1, tem[1]); return M.join(' ').replace('MSIE', 'IE');})();",
  "args": [
  ]
} }
T 2019-09-20 14:22:14:572 IECommandExecutor.cpp(133) Entering IECommandExecutor::OnExecCommand
T 2019-09-20 14:22:14:572 IECommandExecutor.cpp(454) Entering IECommandExecutor::DispatchCommand
T 2019-09-20 14:22:14:572 IECommandExecutor.cpp(577) Entering IECommandExecutor::GetCurrentBrowser
T 2019-09-20 14:22:14:572 IECommandExecutor.cpp(583) Entering IECommandExecutor::GetManagedBrowser
T 2019-09-20 14:22:14:572 IECommandExecutor.cpp(529) Entering IECommandExecutor::IsAlertActive
T 2019-09-20 14:22:14:572 Browser.cpp(700) Entering Browser::GetActiveDialogWindowHandle
T 2019-09-20 14:22:14:572 Browser.cpp(206) Entering Browser::GetContentWindowHandle
D 2019-09-20 14:22:14:573 IECommandExecutor.cpp(543) No alert handle is found
T 2019-09-20 14:22:14:573 IECommandExecutor.cpp(577) Entering IECommandExecutor::GetCurrentBrowser
T 2019-09-20 14:22:14:573 IECommandExecutor.cpp(583) Entering IECommandExecutor::GetManagedBrowser
T 2019-09-20 14:22:14:573 Browser.cpp(126) Entering Browser::GetDocument
I 2019-09-20 14:22:14:573 Browser.cpp(130) No child frame focus. Focus is on top-level frame
T 2019-09-20 14:22:14:573 IESession.cpp(212) Beginning wait for response length to be not zero
T 2019-09-20 14:22:14:590 Browser.cpp(613) Entering Browser::GetDocumentFromWindow
T 2019-09-20 14:22:14:601 Script.cpp(49) Entering Script::Initialize
T 2019-09-20 14:22:14:601 CommandHandlers\ExecuteScriptCommandHandler.cpp(85) Entering ExecuteScriptCommandHandler::PopulateArgumentArray
T 2019-09-20 14:22:14:601 Script.cpp(169) Entering Script::Execute
T 2019-09-20 14:22:14:601 Script.cpp(438) Entering Script::CreateAnonymousFunction
T 2019-09-20 14:22:14:638 Script.cpp(426) Entering Script::ConvertResultToJsonValue
T 2019-09-20 14:22:14:638 response.cc(72) Entering Response::SetSuccessResponse
T 2019-09-20 14:22:14:638 response.cc(78) Entering Response::SetResponse
T 2019-09-20 14:22:14:639 IECommandExecutor.cpp(577) Entering IECommandExecutor::GetCurrentBrowser
T 2019-09-20 14:22:14:639 IECommandExecutor.cpp(583) Entering IECommandExecutor::GetManagedBrowser
T 2019-09-20 14:22:14:639 response.cc(51) Entering Response::Serialize
T 2019-09-20 14:22:14:643 IESession.cpp(221) Found non-zero response length
T 2019-09-20 14:22:14:643 IECommandExecutor.cpp(156) Entering IECommandExecutor::OnGetResponse
T 2019-09-20 14:22:14:643 IECommandExecutor.cpp(285) Entering IECommandExecutor::OnIsSessionValid
D 2019-09-20 14:22:14:643 server.cc(338) Response: {"value":"IE 11"}

T 2019-09-20 14:22:14:643 server.cc(391) Entering Server::SendResponseToClient
T 2019-09-20 14:22:14:643 response.cc(30) Entering Response::Deserialize
T 2019-09-20 14:22:14:643 server.cc(445) Entering Server::SendHttpOk
T 2019-09-20 14:22:15:673 server.cc(174) Entering Server::ProcessRequest
T 2019-09-20 14:22:15:673 server.cc(238) Entering Server::ReadRequestBody
T 2019-09-20 14:22:15:674 server.cc(183) Process request with: URI: /session/8eec6e43-6038-4a6d-b1e1-cf675fb6276d/url HTTP verb: POST
body: {
  "url": "https:\u002f\u002fsamsung-adzu4-staging.codeworldwide.com\u002f#"
}
T 2019-09-20 14:22:15:674 server.cc(272) Entering Server::DispatchCommand
T 2019-09-20 14:22:15:674 server.cc(583) Entering Server::LookupCommand
D 2019-09-20 14:22:15:674 server.cc(281) Command: POST /session/8eec6e43-6038-4a6d-b1e1-cf675fb6276d/url {
  "url": "https:\u002f\u002fsamsung-adzu4-staging.codeworldwide.com\u002f#"
}
T 2019-09-20 14:22:15:674 server.cc(378) Entering Server::LookupSession
T 2019-09-20 14:22:15:674 IESession.cpp(191) Entering IESession::ExecuteCommand
T 2019-09-20 14:22:15:674 IECommandExecutor.cpp(122) Entering IECommandExecutor::OnSetCommand
T 2019-09-20 14:22:15:674 command.cc(31) Entering Command::Deserialize
D 2019-09-20 14:22:15:674 command.cc(36) Raw JSON command: { "name" : "get", "locator" : { "sessionid" : "8eec6e43-6038-4a6d-b1e1-cf675fb6276d" }, "parameters" : {
  "url": "https:\u002f\u002fsamsung-adzu4-staging.codeworldwide.com\u002f#"
} }
T 2019-09-20 14:22:15:674 IECommandExecutor.cpp(133) Entering IECommandExecutor::OnExecCommand
T 2019-09-20 14:22:15:674 IESession.cpp(212) Beginning wait for response length to be not zero
T 2019-09-20 14:22:15:674 IECommandExecutor.cpp(454) Entering IECommandExecutor::DispatchCommand
T 2019-09-20 14:22:15:674 IECommandExecutor.cpp(577) Entering IECommandExecutor::GetCurrentBrowser
T 2019-09-20 14:22:15:674 IECommandExecutor.cpp(583) Entering IECommandExecutor::GetManagedBrowser
T 2019-09-20 14:22:15:674 IECommandExecutor.cpp(529) Entering IECommandExecutor::IsAlertActive
T 2019-09-20 14:22:15:674 Browser.cpp(700) Entering Browser::GetActiveDialogWindowHandle
T 2019-09-20 14:22:15:674 Browser.cpp(206) Entering Browser::GetContentWindowHandle
D 2019-09-20 14:22:15:675 IECommandExecutor.cpp(543) No alert handle is found
T 2019-09-20 14:22:15:675 IECommandExecutor.cpp(577) Entering IECommandExecutor::GetCurrentBrowser
T 2019-09-20 14:22:15:675 IECommandExecutor.cpp(583) Entering IECommandExecutor::GetManagedBrowser
T 2019-09-20 14:22:15:675 Browser.cpp(318) Entring Browser::NavigateToUrl
T 2019-09-20 14:22:15:677 DocumentHost.cpp(142) Entering DocumentHost::SetFocusedFrameByElement
T 2019-09-20 14:22:15:677 response.cc(72) Entering Response::SetSuccessResponse
T 2019-09-20 14:22:15:677 response.cc(78) Entering Response::SetResponse
T 2019-09-20 14:22:15:678 IECommandExecutor.cpp(577) Entering IECommandExecutor::GetCurrentBrowser
T 2019-09-20 14:22:15:678 IECommandExecutor.cpp(583) Entering IECommandExecutor::GetManagedBrowser
T 2019-09-20 14:22:15:678 response.cc(51) Entering Response::Serialize
T 2019-09-20 14:22:15:678 IECommandExecutor.cpp(172) Entering IECommandExecutor::OnWait
T 2019-09-20 14:22:15:678 IECommandExecutor.cpp(577) Entering IECommandExecutor::GetCurrentBrowser
T 2019-09-20 14:22:15:678 IECommandExecutor.cpp(583) Entering IECommandExecutor::GetManagedBrowser
T 2019-09-20 14:22:15:678 Browser.cpp(438) Entering Browser::Wait
D 2019-09-20 14:22:15:678 Browser.cpp(448) Navigate Events Completed.
T 2019-09-20 14:22:15:678 Browser.cpp(700) Entering Browser::GetActiveDialogWindowHandle
T 2019-09-20 14:22:15:678 Browser.cpp(206) Entering Browser::GetContentWindowHandle
T 2019-09-20 14:22:15:679 Browser.cpp(50) Entering Browser::BeforeNavigate2
D 2019-09-20 14:22:15:683 Browser.cpp(484) Browser ReadyState is not at least '4'; it was 1
T 2019-09-20 14:22:15:685 IECommandExecutor.cpp(377) Entering IECommandExecutor::WaitThreadProc
T 2019-09-20 14:22:15:886 IECommandExecutor.cpp(172) Entering IECommandExecutor::OnWait
T 2019-09-20 14:22:15:886 IECommandExecutor.cpp(577) Entering IECommandExecutor::GetCurrentBrowser
T 2019-09-20 14:22:15:887 IECommandExecutor.cpp(583) Entering IECommandExecutor::GetManagedBrowser
T 2019-09-20 14:22:15:887 Browser.cpp(438) Entering Browser::Wait
D 2019-09-20 14:22:15:887 Browser.cpp(448) Navigate Events Completed.
T 2019-09-20 14:22:15:887 Browser.cpp(700) Entering Browser::GetActiveDialogWindowHandle
T 2019-09-20 14:22:15:887 Browser.cpp(206) Entering Browser::GetContentWindowHandle
D 2019-09-20 14:22:15:888 Browser.cpp(464) Browser busy property is true.
T 2019-09-20 14:22:15:888 IECommandExecutor.cpp(377) Entering IECommandExecutor::WaitThreadProc
T 2019-09-20 14:22:16:134 IECommandExecutor.cpp(172) Entering IECommandExecutor::OnWait
T 2019-09-20 14:22:16:134 IECommandExecutor.cpp(577) Entering IECommandExecutor::GetCurrentBrowser
T 2019-09-20 14:22:16:135 IECommandExecutor.cpp(583) Entering IECommandExecutor::GetManagedBrowser
T 2019-09-20 14:22:16:135 Browser.cpp(438) Entering Browser::Wait
D 2019-09-20 14:22:16:135 Browser.cpp(448) Navigate Events Completed.
T 2019-09-20 14:22:16:135 Browser.cpp(700) Entering Browser::GetActiveDialogWindowHandle
T 2019-09-20 14:22:16:135 Browser.cpp(206) Entering Browser::GetContentWindowHandle
D 2019-09-20 14:22:16:744 Browser.cpp(464) Browser busy property is true.
T 2019-09-20 14:22:16:745 IECommandExecutor.cpp(377) Entering IECommandExecutor::WaitThreadProc
T 2019-09-20 14:22:16:765 Browser.cpp(96) Entering Browser::DocumentComplete
D 2019-09-20 14:22:16:765 ElementRepository.cpp(113) Refreshing managed element cache. Found 0 to remove from cache.
T 2019-09-20 14:22:16:946 IECommandExecutor.cpp(172) Entering IECommandExecutor::OnWait
T 2019-09-20 14:22:16:946 IECommandExecutor.cpp(577) Entering IECommandExecutor::GetCurrentBrowser
T 2019-09-20 14:22:16:946 IECommandExecutor.cpp(583) Entering IECommandExecutor::GetManagedBrowser
T 2019-09-20 14:22:16:946 Browser.cpp(438) Entering Browser::Wait
D 2019-09-20 14:22:16:946 Browser.cpp(448) Navigate Events Completed.
T 2019-09-20 14:22:16:946 Browser.cpp(700) Entering Browser::GetActiveDialogWindowHandle
T 2019-09-20 14:22:16:946 Browser.cpp(206) Entering Browser::GetContentWindowHandle
D 2019-09-20 14:22:16:947 Browser.cpp(464) Browser busy property is true.
T 2019-09-20 14:22:16:948 IECommandExecutor.cpp(377) Entering IECommandExecutor::WaitThreadProc
T 2019-09-20 14:22:17:149 IECommandExecutor.cpp(172) Entering IECommandExecutor::OnWait
T 2019-09-20 14:22:17:149 IECommandExecutor.cpp(577) Entering IECommandExecutor::GetCurrentBrowser
T 2019-09-20 14:22:17:149 IECommandExecutor.cpp(583) Entering IECommandExecutor::GetManagedBrowser
T 2019-09-20 14:22:17:149 Browser.cpp(438) Entering Browser::Wait
D 2019-09-20 14:22:17:149 Browser.cpp(448) Navigate Events Completed.
T 2019-09-20 14:22:17:149 Browser.cpp(700) Entering Browser::GetActiveDialogWindowHandle
T 2019-09-20 14:22:17:149 Browser.cpp(206) Entering Browser::GetContentWindowHandle
D 2019-09-20 14:22:17:163 Browser.cpp(464) Browser busy property is true.
T 2019-09-20 14:22:17:165 IECommandExecutor.cpp(377) Entering IECommandExecutor::WaitThreadProc
T 2019-09-20 14:22:17:279 Browser.cpp(50) Entering Browser::BeforeNavigate2
T 2019-09-20 14:22:17:294 Browser.cpp(96) Entering Browser::DocumentComplete
D 2019-09-20 14:22:17:295 ElementRepository.cpp(113) Refreshing managed element cache. Found 0 to remove from cache.
T 2019-09-20 14:22:17:367 IECommandExecutor.cpp(172) Entering IECommandExecutor::OnWait
T 2019-09-20 14:22:17:367 IECommandExecutor.cpp(577) Entering IECommandExecutor::GetCurrentBrowser
T 2019-09-20 14:22:17:367 IECommandExecutor.cpp(583) Entering IECommandExecutor::GetManagedBrowser
T 2019-09-20 14:22:17:367 Browser.cpp(438) Entering Browser::Wait
D 2019-09-20 14:22:17:367 Browser.cpp(448) Navigate Events Completed.
T 2019-09-20 14:22:17:367 Browser.cpp(700) Entering Browser::GetActiveDialogWindowHandle
T 2019-09-20 14:22:17:367 Browser.cpp(206) Entering Browser::GetContentWindowHandle
D 2019-09-20 14:22:17:368 Browser.cpp(464) Browser busy property is true.
T 2019-09-20 14:22:17:369 IECommandExecutor.cpp(377) Entering IECommandExecutor::WaitThreadProc
T 2019-09-20 14:22:17:569 IECommandExecutor.cpp(172) Entering IECommandExecutor::OnWait
T 2019-09-20 14:22:17:569 IECommandExecutor.cpp(577) Entering IECommandExecutor::GetCurrentBrowser
T 2019-09-20 14:22:17:569 IECommandExecutor.cpp(583) Entering IECommandExecutor::GetManagedBrowser
T 2019-09-20 14:22:17:569 Browser.cpp(438) Entering Browser::Wait
D 2019-09-20 14:22:17:569 Browser.cpp(448) Navigate Events Completed.
T 2019-09-20 14:22:17:569 Browser.cpp(700) Entering Browser::GetActiveDialogWindowHandle
T 2019-09-20 14:22:17:569 Browser.cpp(206) Entering Browser::GetContentWindowHandle
D 2019-09-20 14:22:17:570 Browser.cpp(464) Browser busy property is true.
T 2019-09-20 14:22:17:570 IECommandExecutor.cpp(377) Entering IECommandExecutor::WaitThreadProc
T 2019-09-20 14:22:17:771 IECommandExecutor.cpp(172) Entering IECommandExecutor::OnWait
T 2019-09-20 14:22:17:771 IECommandExecutor.cpp(577) Entering IECommandExecutor::GetCurrentBrowser
T 2019-09-20 14:22:17:771 IECommandExecutor.cpp(583) Entering IECommandExecutor::GetManagedBrowser
T 2019-09-20 14:22:17:771 Browser.cpp(438) Entering Browser::Wait
D 2019-09-20 14:22:17:771 Browser.cpp(448) Navigate Events Completed.
T 2019-09-20 14:22:17:771 Browser.cpp(700) Entering Browser::GetActiveDialogWindowHandle
T 2019-09-20 14:22:17:771 Browser.cpp(206) Entering Browser::GetContentWindowHandle
D 2019-09-20 14:22:17:781 Browser.cpp(464) Browser busy property is true.
T 2019-09-20 14:22:17:782 IECommandExecutor.cpp(377) Entering IECommandExecutor::WaitThreadProc
T 2019-09-20 14:22:17:983 IECommandExecutor.cpp(172) Entering IECommandExecutor::OnWait
T 2019-09-20 14:22:17:983 IECommandExecutor.cpp(577) Entering IECommandExecutor::GetCurrentBrowser
T 2019-09-20 14:22:17:983 IECommandExecutor.cpp(583) Entering IECommandExecutor::GetManagedBrowser
T 2019-09-20 14:22:17:983 Browser.cpp(438) Entering Browser::Wait
D 2019-09-20 14:22:17:983 Browser.cpp(448) Navigate Events Completed.
T 2019-09-20 14:22:17:983 Browser.cpp(700) Entering Browser::GetActiveDialogWindowHandle
T 2019-09-20 14:22:17:983 Browser.cpp(206) Entering Browser::GetContentWindowHandle
D 2019-09-20 14:22:17:984 Browser.cpp(464) Browser busy property is true.
T 2019-09-20 14:22:17:984 IECommandExecutor.cpp(377) Entering IECommandExecutor::WaitThreadProc
T 2019-09-20 14:22:18:185 IECommandExecutor.cpp(172) Entering IECommandExecutor::OnWait
T 2019-09-20 14:22:18:185 IECommandExecutor.cpp(577) Entering IECommandExecutor::GetCurrentBrowser
T 2019-09-20 14:22:18:185 IECommandExecutor.cpp(583) Entering IECommandExecutor::GetManagedBrowser
T 2019-09-20 14:22:18:185 Browser.cpp(438) Entering Browser::Wait
D 2019-09-20 14:22:18:185 Browser.cpp(448) Navigate Events Completed.
T 2019-09-20 14:22:18:185 Browser.cpp(700) Entering Browser::GetActiveDialogWindowHandle
T 2019-09-20 14:22:18:185 Browser.cpp(206) Entering Browser::GetContentWindowHandle
D 2019-09-20 14:22:18:230 Browser.cpp(464) Browser busy property is true.
T 2019-09-20 14:22:18:231 IECommandExecutor.cpp(377) Entering IECommandExecutor::WaitThreadProc
T 2019-09-20 14:22:18:432 IECommandExecutor.cpp(172) Entering IECommandExecutor::OnWait
T 2019-09-20 14:22:18:432 IECommandExecutor.cpp(577) Entering IECommandExecutor::GetCurrentBrowser
T 2019-09-20 14:22:18:432 IECommandExecutor.cpp(583) Entering IECommandExecutor::GetManagedBrowser
T 2019-09-20 14:22:18:432 Browser.cpp(438) Entering Browser::Wait
D 2019-09-20 14:22:18:432 Browser.cpp(448) Navigate Events Completed.
T 2019-09-20 14:22:18:432 Browser.cpp(700) Entering Browser::GetActiveDialogWindowHandle
T 2019-09-20 14:22:18:432 Browser.cpp(206) Entering Browser::GetContentWindowHandle
D 2019-09-20 14:22:18:433 Browser.cpp(464) Browser busy property is true.
T 2019-09-20 14:22:18:433 IECommandExecutor.cpp(377) Entering IECommandExecutor::WaitThreadProc
T 2019-09-20 14:22:18:633 IECommandExecutor.cpp(172) Entering IECommandExecutor::OnWait
T 2019-09-20 14:22:18:634 IECommandExecutor.cpp(577) Entering IECommandExecutor::GetCurrentBrowser
T 2019-09-20 14:22:18:634 IECommandExecutor.cpp(583) Entering IECommandExecutor::GetManagedBrowser
T 2019-09-20 14:22:18:634 Browser.cpp(438) Entering Browser::Wait
D 2019-09-20 14:22:18:634 Browser.cpp(448) Navigate Events Completed.
T 2019-09-20 14:22:18:634 Browser.cpp(700) Entering Browser::GetActiveDialogWindowHandle
T 2019-09-20 14:22:18:634 Browser.cpp(206) Entering Browser::GetContentWindowHandle
D 2019-09-20 14:22:19:472 Browser.cpp(464) Browser busy property is true.
T 2019-09-20 14:22:19:472 IECommandExecutor.cpp(377) Entering IECommandExecutor::WaitThreadProc
T 2019-09-20 14:22:19:673 IECommandExecutor.cpp(172) Entering IECommandExecutor::OnWait
T 2019-09-20 14:22:19:673 IECommandExecutor.cpp(577) Entering IECommandExecutor::GetCurrentBrowser
T 2019-09-20 14:22:19:673 IECommandExecutor.cpp(583) Entering IECommandExecutor::GetManagedBrowser
T 2019-09-20 14:22:19:673 Browser.cpp(438) Entering Browser::Wait
D 2019-09-20 14:22:19:673 Browser.cpp(448) Navigate Events Completed.
T 2019-09-20 14:22:19:673 Browser.cpp(700) Entering Browser::GetActiveDialogWindowHandle
T 2019-09-20 14:22:19:673 Browser.cpp(206) Entering Browser::GetContentWindowHandle
D 2019-09-20 14:22:19:678 Browser.cpp(508) Waiting for document to complete...
T 2019-09-20 14:22:19:678 Browser.cpp(522) Entering Browser::IsDocumentNavigating
D 2019-09-20 14:22:19:694 Browser.cpp(513) Not in navigating state
T 2019-09-20 14:22:19:700 IESession.cpp(221) Found non-zero response length
T 2019-09-20 14:22:19:700 IECommandExecutor.cpp(156) Entering IECommandExecutor::OnGetResponse
T 2019-09-20 14:22:19:700 IECommandExecutor.cpp(285) Entering IECommandExecutor::OnIsSessionValid
D 2019-09-20 14:22:19:700 server.cc(338) Response: {"value":null}

T 2019-09-20 14:22:19:700 server.cc(391) Entering Server::SendResponseToClient
T 2019-09-20 14:22:19:700 response.cc(30) Entering Response::Deserialize
T 2019-09-20 14:22:19:700 server.cc(445) Entering Server::SendHttpOk
T 2019-09-20 14:22:20:649 Browser.cpp(50) Entering Browser::BeforeNavigate2
T 2019-09-20 14:22:20:655 Browser.cpp(50) Entering Browser::BeforeNavigate2
T 2019-09-20 14:22:20:853 Browser.cpp(96) Entering Browser::DocumentComplete
T 2019-09-20 14:22:20:879 server.cc(174) Entering Server::ProcessRequest
T 2019-09-20 14:22:20:879 server.cc(238) Entering Server::ReadRequestBody
T 2019-09-20 14:22:20:879 server.cc(183) Process request with: URI: /session/8eec6e43-6038-4a6d-b1e1-cf675fb6276d/elements HTTP verb: POST
body: {
  "value": "\u002f\u002f*[@name = 'us1' and @id = 'us1' and @type = 'email']",
  "using": "xpath"
}
T 2019-09-20 14:22:20:879 server.cc(272) Entering Server::DispatchCommand
T 2019-09-20 14:22:20:879 server.cc(583) Entering Server::LookupCommand
D 2019-09-20 14:22:20:879 server.cc(281) Command: POST /session/8eec6e43-6038-4a6d-b1e1-cf675fb6276d/elements {
  "value": "\u002f\u002f*[@name = 'us1' and @id = 'us1' and @type = 'email']",
  "using": "xpath"
}
T 2019-09-20 14:22:20:879 server.cc(378) Entering Server::LookupSession
T 2019-09-20 14:22:20:879 IESession.cpp(191) Entering IESession::ExecuteCommand
T 2019-09-20 14:22:20:880 IECommandExecutor.cpp(122) Entering IECommandExecutor::OnSetCommand
T 2019-09-20 14:22:20:880 command.cc(31) Entering Command::Deserialize
D 2019-09-20 14:22:20:880 command.cc(36) Raw JSON command: { "name" : "findElements", "locator" : { "sessionid" : "8eec6e43-6038-4a6d-b1e1-cf675fb6276d" }, "parameters" : {
  "value": "\u002f\u002f*[@name = 'us1' and @id = 'us1' and @type = 'email']",
  "using": "xpath"
} }
T 2019-09-20 14:22:20:880 IECommandExecutor.cpp(133) Entering IECommandExecutor::OnExecCommand
T 2019-09-20 14:22:20:880 IECommandExecutor.cpp(454) Entering IECommandExecutor::DispatchCommand
T 2019-09-20 14:22:20:880 IECommandExecutor.cpp(577) Entering IECommandExecutor::GetCurrentBrowser
T 2019-09-20 14:22:20:880 IECommandExecutor.cpp(583) Entering IECommandExecutor::GetManagedBrowser
T 2019-09-20 14:22:20:880 IECommandExecutor.cpp(529) Entering IECommandExecutor::IsAlertActive
T 2019-09-20 14:22:20:880 Browser.cpp(700) Entering Browser::GetActiveDialogWindowHandle
T 2019-09-20 14:22:20:880 Browser.cpp(206) Entering Browser::GetContentWindowHandle
T 2019-09-20 14:22:20:880 IESession.cpp(212) Beginning wait for response length to be not zero
D 2019-09-20 14:22:20:881 IECommandExecutor.cpp(543) No alert handle is found
T 2019-09-20 14:22:20:881 IECommandExecutor.cpp(734) Entering IECommandExecutor::LocateElements
T 2019-09-20 14:22:20:881 IECommandExecutor.cpp(695) Entering IECommandExecutor::GetElementFindMethod
T 2019-09-20 14:22:20:881 ElementFinder.cpp(111) Entering ElementFinder::FindElements
T 2019-09-20 14:22:20:881 IECommandExecutor.cpp(577) Entering IECommandExecutor::GetCurrentBrowser
T 2019-09-20 14:22:20:881 IECommandExecutor.cpp(583) Entering IECommandExecutor::GetManagedBrowser
D 2019-09-20 14:22:20:881 ElementFinder.cpp(128) Using FindElements atom to locate element having xpath = //*[@name = 'us1' and @id = 'us1' and @type = 'email']
T 2019-09-20 14:22:20:881 Browser.cpp(126) Entering Browser::GetDocument
I 2019-09-20 14:22:20:881 Browser.cpp(130) No child frame focus. Focus is on top-level frame
T 2019-09-20 14:22:21:047 Browser.cpp(50) Entering Browser::BeforeNavigate2
T 2019-09-20 14:22:21:095 Browser.cpp(50) Entering Browser::BeforeNavigate2
T 2019-09-20 14:22:21:106 Browser.cpp(50) Entering Browser::BeforeNavigate2
T 2019-09-20 14:22:21:109 Browser.cpp(613) Entering Browser::GetDocumentFromWindow
T 2019-09-20 14:22:21:203 Browser.cpp(50) Entering Browser::BeforeNavigate2
T 2019-09-20 14:22:21:210 Browser.cpp(50) Entering Browser::BeforeNavigate2
T 2019-09-20 14:22:21:276 Script.cpp(49) Entering Script::Initialize
T 2019-09-20 14:22:21:276 Script.cpp(70) Entering Script::AddArgument(std::wstring)
T 2019-09-20 14:22:21:276 Script.cpp(105) Entering Script::AddArgument(VARIANT)
T 2019-09-20 14:22:21:276 Script.cpp(70) Entering Script::AddArgument(std::wstring)
T 2019-09-20 14:22:21:276 Script.cpp(105) Entering Script::AddArgument(VARIANT)
T 2019-09-20 14:22:21:276 Script.cpp(169) Entering Script::Execute
T 2019-09-20 14:22:21:276 Script.cpp(438) Entering Script::CreateAnonymousFunction
T 2019-09-20 14:22:21:364 Script.cpp(426) Entering Script::ConvertResultToJsonValue
D 2019-09-20 14:22:21:378 VariantUtilities.cpp(100) Result type is JScriptTypeInfo
T 2019-09-20 14:22:21:382 VariantUtilities.cpp(307) Entering Script::GetPropertyNameList
D 2019-09-20 14:22:21:410 VariantUtilities.cpp(100) Result type is JScriptTypeInfo
T 2019-09-20 14:22:21:412 VariantUtilities.cpp(324) Entering Script::GetArrayLength
T 2019-09-20 14:22:21:413 Browser.cpp(96) Entering Browser::DocumentComplete
T 2019-09-20 14:22:21:415 VariantUtilities.cpp(342) Entering Script::GetArrayItem
I 2019-09-20 14:22:21:421 VariantUtilities.cpp(233) Unknown type of dispatch is found in result, assuming IHTMLElement
T 2019-09-20 14:22:21:427 IECommandExecutor.cpp(677) Entering IECommandExecutor::AddManagedElement
T 2019-09-20 14:22:21:427 IECommandExecutor.cpp(577) Entering IECommandExecutor::GetCurrentBrowser
T 2019-09-20 14:22:21:427 IECommandExecutor.cpp(583) Entering IECommandExecutor::GetManagedBrowser
T 2019-09-20 14:22:21:427 ElementRepository.cpp(49) Entering ElementRepository::AddManagedElement
D 2019-09-20 14:22:21:427 ElementRepository.cpp(69) Element is not yet managed
T 2019-09-20 14:22:21:427 Browser.cpp(206) Entering Browser::GetContentWindowHandle
T 2019-09-20 14:22:21:427 Element.cpp(45) Entering Element::Element
T 2019-09-20 14:22:21:428 Element.cpp(79) Entering Element::ConvertToJson
T 2019-09-20 14:22:21:429 response.cc(72) Entering Response::SetSuccessResponse
T 2019-09-20 14:22:21:429 response.cc(78) Entering Response::SetResponse
T 2019-09-20 14:22:21:429 IECommandExecutor.cpp(577) Entering IECommandExecutor::GetCurrentBrowser
T 2019-09-20 14:22:21:429 IECommandExecutor.cpp(583) Entering IECommandExecutor::GetManagedBrowser
T 2019-09-20 14:22:21:429 response.cc(51) Entering Response::Serialize
T 2019-09-20 14:22:21:439 IESession.cpp(221) Found non-zero response length
T 2019-09-20 14:22:21:439 IECommandExecutor.cpp(156) Entering IECommandExecutor::OnGetResponse
T 2019-09-20 14:22:21:439 IECommandExecutor.cpp(285) Entering IECommandExecutor::OnIsSessionValid
D 2019-09-20 14:22:21:439 server.cc(338) Response: {"value":[{"element-6066-11e4-a52e-4f735466cecf":"8c623c3d-9c9b-47f4-a1ba-035c8594592b"}]}

T 2019-09-20 14:22:21:439 server.cc(391) Entering Server::SendResponseToClient
T 2019-09-20 14:22:21:439 response.cc(30) Entering Response::Deserialize
T 2019-09-20 14:22:21:439 server.cc(445) Entering Server::SendHttpOk
T 2019-09-20 14:22:21:523 Browser.cpp(96) Entering Browser::DocumentComplete
T 2019-09-20 14:22:21:532 Browser.cpp(96) Entering Browser::DocumentComplete
T 2019-09-20 14:22:21:616 Browser.cpp(54) Entering Browser::OnQuit
T 2019-09-20 14:22:21:616 DocumentHost.cpp(252) Entering DocumentHost::PostQuitMessage
T 2019-09-20 14:22:21:617 IECommandExecutor.cpp(250) Entering IECommandExecutor::OnBrowserQuit
T 2019-09-20 14:22:21:617 IECommandExecutor.cpp(529) Entering IECommandExecutor::IsAlertActive
T 2019-09-20 14:22:21:617 Browser.cpp(700) Entering Browser::GetActiveDialogWindowHandle
T 2019-09-20 14:22:21:617 Browser.cpp(206) Entering Browser::GetContentWindowHandle
D 2019-09-20 14:22:21:617 IECommandExecutor.cpp(543) No alert handle is found
T 2019-09-20 14:22:21:617 Browser.cpp(300) Entering Browser::DetachEvents
T 2019-09-20 14:22:22:444 server.cc(174) Entering Server::ProcessRequest
T 2019-09-20 14:22:22:444 server.cc(238) Entering Server::ReadRequestBody
T 2019-09-20 14:22:22:444 server.cc(183) Process request with: URI: /session/8eec6e43-6038-4a6d-b1e1-cf675fb6276d/element/8c623c3d-9c9b-47f4-a1ba-035c8594592b/clear HTTP verb: POST
body: {
  "id": "8c623c3d-9c9b-47f4-a1ba-035c8594592b"
}
T 2019-09-20 14:22:22:444 server.cc(272) Entering Server::DispatchCommand
T 2019-09-20 14:22:22:444 server.cc(583) Entering Server::LookupCommand
D 2019-09-20 14:22:22:445 server.cc(281) Command: POST /session/8eec6e43-6038-4a6d-b1e1-cf675fb6276d/element/8c623c3d-9c9b-47f4-a1ba-035c8594592b/clear {
  "id": "8c623c3d-9c9b-47f4-a1ba-035c8594592b"
}
T 2019-09-20 14:22:22:445 server.cc(378) Entering Server::LookupSession
T 2019-09-20 14:22:22:445 IESession.cpp(191) Entering IESession::ExecuteCommand
T 2019-09-20 14:22:22:445 IECommandExecutor.cpp(122) Entering IECommandExecutor::OnSetCommand
T 2019-09-20 14:22:22:445 command.cc(31) Entering Command::Deserialize
D 2019-09-20 14:22:22:445 command.cc(36) Raw JSON command: { "name" : "clear", "locator" : { "sessionid" : "8eec6e43-6038-4a6d-b1e1-cf675fb6276d", "id" : "8c623c3d-9c9b-47f4-a1ba-035c8594592b" }, "parameters" : {
  "id": "8c623c3d-9c9b-47f4-a1ba-035c8594592b"
} }
T 2019-09-20 14:22:22:445 IECommandExecutor.cpp(133) Entering IECommandExecutor::OnExecCommand
T 2019-09-20 14:22:22:445 IECommandExecutor.cpp(454) Entering IECommandExecutor::DispatchCommand
T 2019-09-20 14:22:22:445 IECommandExecutor.cpp(577) Entering IECommandExecutor::GetCurrentBrowser
T 2019-09-20 14:22:22:445 IECommandExecutor.cpp(583) Entering IECommandExecutor::GetManagedBrowser
W 2019-09-20 14:22:22:445 IECommandExecutor.cpp(591) Browser ID requested was an empty string
W 2019-09-20 14:22:22:445 IECommandExecutor.cpp(503) Unable to find current browser
T 2019-09-20 14:22:22:445 IECommandExecutor.cpp(577) Entering IECommandExecutor::GetCurrentBrowser
T 2019-09-20 14:22:22:445 IECommandExecutor.cpp(583) Entering IECommandExecutor::GetManagedBrowser
W 2019-09-20 14:22:22:445 IECommandExecutor.cpp(591) Browser ID requested was an empty string
T 2019-09-20 14:22:22:445 response.cc(91) Entering Response::SetErrorResponse
W 2019-09-20 14:22:22:446 response.cc(92) Error response has status code 23 and message 'Unable to get browser' message
T 2019-09-20 14:22:22:446 response.cc(85) Entering Response::SetErrorResponse
T 2019-09-20 14:22:22:446 response.cc(78) Entering Response::SetResponse
T 2019-09-20 14:22:22:446 IECommandExecutor.cpp(577) Entering IECommandExecutor::GetCurrentBrowser
T 2019-09-20 14:22:22:446 IECommandExecutor.cpp(583) Entering IECommandExecutor::GetManagedBrowser
W 2019-09-20 14:22:22:446 IECommandExecutor.cpp(591) Browser ID requested was an empty string
W 2019-09-20 14:22:22:446 IECommandExecutor.cpp(520) Unable to get current browser
T 2019-09-20 14:22:22:446 response.cc(51) Entering Response::Serialize
T 2019-09-20 14:22:22:446 IESession.cpp(212) Beginning wait for response length to be not zero
T 2019-09-20 14:22:22:446 IESession.cpp(221) Found non-zero response length
T 2019-09-20 14:22:22:446 IECommandExecutor.cpp(156) Entering IECommandExecutor::OnGetResponse
T 2019-09-20 14:22:22:446 IECommandExecutor.cpp(285) Entering IECommandExecutor::OnIsSessionValid
D 2019-09-20 14:22:22:446 server.cc(338) Response: {"value":{"data":null,"error":"no such window","message":"Unable to get browser","stacktrace":""}}

T 2019-09-20 14:22:22:446 server.cc(391) Entering Server::SendResponseToClient
T 2019-09-20 14:22:22:446 response.cc(30) Entering Response::Deserialize
T 2019-09-20 14:22:22:446 server.cc(465) Entering Server::SendHttpBadRequest
