I 2019-09-23 12:16:35:329 server.cc(86) Starting WebDriver server on port: '25046' on host: ''
T 2019-09-23 12:16:35:330 server.cc(634) Entering Server::PopulateCommandRepository
T 2019-09-23 12:16:35:330 IEServer.cpp(32) Entering IEServer::IEServer
I 2019-09-23 12:16:35:330 IEServer.cpp(33) Driver version: 3.6.0.0 (32-bit)
T 2019-09-23 12:16:35:330 server.cc(121) Entering Server::Start
D 2019-09-23 12:16:35:330 server.cc(148) Civetweb ACL is -0.0.0.0/0,+127.0.0.1
T 2019-09-23 12:16:35:543 server.cc(174) Entering Server::ProcessRequest
T 2019-09-23 12:16:35:543 server.cc(183) Process request with: URI: /status HTTP verb: GET
body: {}
T 2019-09-23 12:16:35:544 server.cc(272) Entering Server::DispatchCommand
T 2019-09-23 12:16:35:544 server.cc(583) Entering Server::LookupCommand
D 2019-09-23 12:16:35:544 server.cc(281) Command: GET /status {}
T 2019-09-23 12:16:35:544 IEServer.cpp(51) Entering IEServer::GetStatus
T 2019-09-23 12:16:35:546 response.cc(72) Entering Response::SetSuccessResponse
T 2019-09-23 12:16:35:546 response.cc(78) Entering Response::SetResponse
T 2019-09-23 12:16:35:546 response.cc(51) Entering Response::Serialize
D 2019-09-23 12:16:35:546 server.cc(338) Response: {"value":{"build":{"version":"3.6.0.0 (32-bit)"},"message":"Ready to create session","os":{"arch":"x64","name":"windows","version":"10.0.17134.376 (WinBuild.160101.0800)"},"ready":true}}

T 2019-09-23 12:16:35:546 server.cc(391) Entering Server::SendResponseToClient
T 2019-09-23 12:16:35:546 response.cc(30) Entering Response::Deserialize
T 2019-09-23 12:16:35:546 server.cc(445) Entering Server::SendHttpOk
T 2019-09-23 12:16:35:873 server.cc(174) Entering Server::ProcessRequest
T 2019-09-23 12:16:35:873 server.cc(238) Entering Server::ReadRequestBody
T 2019-09-23 12:16:35:873 server.cc(183) Process request with: URI: /session HTTP verb: POST
body: {
  "desiredCapabilities": {
    "se:ieOptions": {
      "ie.usePerProcessProxy": "true",
      "ignoreProtectedModeSettings": true
    },
    "browserName": "internet explorer",
    "ie.usePerProcessProxy": "true",
    "ignoreProtectedModeSettings": true
  },
  "capabilities": {
    "firstMatch": [
      {
        "browserName": "internet explorer",
        "se:ieOptions": {
          "ie.usePerProcessProxy": "true",
          "ignoreProtectedModeSettings": true
        }
      }
    ]
  }
}
T 2019-09-23 12:16:35:873 server.cc(272) Entering Server::DispatchCommand
T 2019-09-23 12:16:35:873 server.cc(583) Entering Server::LookupCommand
D 2019-09-23 12:16:35:873 server.cc(281) Command: POST /session {
  "desiredCapabilities": {
    "se:ieOptions": {
      "ie.usePerProcessProxy": "true",
      "ignoreProtectedModeSettings": true
    },
    "browserName": "internet explorer",
    "ie.usePerProcessProxy": "true",
    "ignoreProtectedModeSettings": true
  },
  "capabilities": {
    "firstMatch": [
      {
        "browserName": "internet explorer",
        "se:ieOptions": {
          "ie.usePerProcessProxy": "true",
          "ignoreProtectedModeSettings": true
        }
      }
    ]
  }
}
T 2019-09-23 12:16:35:873 IEServer.cpp(42) Entering IEServer::InitializeSession
T 2019-09-23 12:16:35:873 IESession.cpp(38) Entering IESession::Initialize
D 2019-09-23 12:16:35:873 IESession.cpp(53) Mutex acquired for session initalization
T 2019-09-23 12:16:35:874 IECommandExecutor.cpp(386) Entering IECommandExecutor::ThreadProc
T 2019-09-23 12:16:35:878 IECommandExecutor.cpp(47) Entering IECommandExecutor::OnCreate
T 2019-09-23 12:16:35:879 IECommandExecutor.cpp(753) Entering IECommandExecutor::PopulateElementFinderMethods
T 2019-09-23 12:16:35:879 InputManager.cpp(40) Entering InputManager::InputManager
T 2019-09-23 12:16:35:879 InputManager.cpp(75) Entering InputManager::Initialize
T 2019-09-23 12:16:35:879 BrowserFactory.cpp(998) Entering BrowserFactory::GetExecutableLocation
T 2019-09-23 12:16:35:880 BrowserFactory.cpp(1039) Entering BrowserFactory::GetIEVersion
T 2019-09-23 12:16:35:882 CommandHandlerRepository.cpp(108) Entering CommandHandlerRepository::PopulateCommandHandlers
T 2019-09-23 12:16:35:882 IESession.cpp(99) Created thread for command executor returns HWND: '0004137E'
T 2019-09-23 12:16:35:882 IESession.cpp(103) Session id is retrived from command executor window: '3af8cd9f-7822-4abe-918d-30d2a8284269'
D 2019-09-23 12:16:35:882 IESession.cpp(109) Releasing session initialization mutex
T 2019-09-23 12:16:35:882 IESession.cpp(191) Entering IESession::ExecuteCommand
T 2019-09-23 12:16:35:882 IECommandExecutor.cpp(122) Entering IECommandExecutor::OnSetCommand
T 2019-09-23 12:16:35:882 command.cc(31) Entering Command::Deserialize
D 2019-09-23 12:16:35:882 command.cc(36) Raw JSON command: { "name" : "newSession", "locator" : { }, "parameters" : {
  "desiredCapabilities": {
    "se:ieOptions": {
      "ie.usePerProcessProxy": "true",
      "ignoreProtectedModeSettings": true
    },
    "browserName": "internet explorer",
    "ie.usePerProcessProxy": "true",
    "ignoreProtectedModeSettings": true
  },
  "capabilities": {
    "firstMatch": [
      {
        "browserName": "internet explorer",
        "se:ieOptions": {
          "ie.usePerProcessProxy": "true",
          "ignoreProtectedModeSettings": true
        }
      }
    ]
  }
} }
T 2019-09-23 12:16:35:882 IECommandExecutor.cpp(133) Entering IECommandExecutor::OnExecCommand
T 2019-09-23 12:16:35:882 IESession.cpp(212) Beginning wait for response length to be not zero
T 2019-09-23 12:16:35:882 IECommandExecutor.cpp(454) Entering IECommandExecutor::DispatchCommand
D 2019-09-23 12:16:35:882 CommandHandlers\NewSessionCommandHandler.cpp(46) Found W3C capabilities structure
D 2019-09-23 12:16:35:882 CommandHandlers\NewSessionCommandHandler.cpp(505) Validating capabilities object
D 2019-09-23 12:16:35:883 CommandHandlers\NewSessionCommandHandler.cpp(505) Validating capabilities object
D 2019-09-23 12:16:35:883 CommandHandlers\NewSessionCommandHandler.cpp(535) Found browserNamecapability. Validating value type is string.
D 2019-09-23 12:16:35:883 CommandHandlers\NewSessionCommandHandler.cpp(794) Found proxycapability. Validating value type is object.
T 2019-09-23 12:16:35:883 BrowserFactory.cpp(113) Entering BrowserFactory::Initialize
T 2019-09-23 12:16:35:883 IECommandExecutor.cpp(631) Entering IECommandExecutor::CreateNewBrowser
T 2019-09-23 12:16:35:883 BrowserFactory.cpp(142) Entering BrowserFactory::LaunchBrowserProcess
D 2019-09-23 12:16:35:883 BrowserFactory.cpp(146) Ignoring Protected Mode Settings: 1
D 2019-09-23 12:16:35:883 BrowserFactory.cpp(152) Has Valid Protected Mode Settings: 0
T 2019-09-23 12:16:35:883 BrowserFactory.cpp(226) Entering BrowserFactory::IsIELaunchURLAvailable
T 2019-09-23 12:16:35:897 BrowserFactory.cpp(130) Entering BrowserFactory::ClearCache
T 2019-09-23 12:16:35:897 BrowserFactory.cpp(247) Entering BrowserFactory::LaunchBrowserUsingIELaunchURL
D 2019-09-23 12:16:35:897 BrowserFactory.cpp(248) Starting IE using the IELaunchURL API
D 2019-09-23 12:16:36:295 BrowserFactory.cpp(202) IE launched successfully with process ID 31116
D 2019-09-23 12:16:36:296 BrowserFactory.cpp(208) Process with ID 31116 is executing iexplore.exe
T 2019-09-23 12:16:36:296 BrowserFactory.cpp(365) Entering BrowserFactory::AttachToBrowser
D 2019-09-23 12:16:36:296 BrowserFactory.cpp(375) Using Active Accessibility to find IWebBrowser2 interface
T 2019-09-23 12:16:36:296 BrowserFactory.cpp(414) Entering BrowserFactory::AttachToBrowserUsingActiveAccessibility
T 2019-09-23 12:16:36:658 server.cc(174) Entering Server::ProcessRequest
T 2019-09-23 12:16:36:658 server.cc(183) Process request with: URI: / HTTP verb: GET
body: {}
T 2019-09-23 12:16:36:658 server.cc(445) Entering Server::SendHttpOk
T 2019-09-23 12:16:36:911 server.cc(174) Entering Server::ProcessRequest
T 2019-09-23 12:16:36:911 server.cc(183) Process request with: URI: /favicon.ico HTTP verb: GET
body: {}
T 2019-09-23 12:16:36:911 server.cc(272) Entering Server::DispatchCommand
T 2019-09-23 12:16:36:911 server.cc(583) Entering Server::LookupCommand
D 2019-09-23 12:16:36:911 server.cc(281) Command: GET /favicon.ico {}
D 2019-09-23 12:16:36:911 server.cc(338) Response: { "error" : "unknown method", "message" : "Command not found: GET /favicon.ico" }
T 2019-09-23 12:16:36:911 server.cc(391) Entering Server::SendResponseToClient
T 2019-09-23 12:16:36:911 response.cc(30) Entering Response::Deserialize
T 2019-09-23 12:16:36:911 server.cc(445) Entering Server::SendHttpOk
D 2019-09-23 12:16:37:050 BrowserFactory.cpp(434) Found window handle 00041462 for window with class 'Internet Explorer_Server' belonging to process with id 31116
T 2019-09-23 12:16:37:050 BrowserFactory.cpp(329) Entering BrowserFactory::GetDocumentFromWindowHandle
D 2019-09-23 12:16:37:141 BrowserFactory.cpp(396) Ignoring zoom setting: 0
T 2019-09-23 12:16:37:141 BrowserFactory.cpp(574) Entering BrowserFactory::GetBrowserZoomLevel
T 2019-09-23 12:16:37:154 BrowserFactory.cpp(614) Entering BrowserFactory::GetZoomLevel
D 2019-09-23 12:16:37:182 BrowserFactory.cpp(694) Browser zoom level is 162%
W 2019-09-23 12:16:37:184 BrowserFactory.cpp(403) Browser zoom level was set to 162%. It should be set to 100%
W 2019-09-23 12:16:37:184 IECommandExecutor.cpp(647) Unable to attach to browser COM object
T 2019-09-23 12:16:37:184 response.cc(85) Entering Response::SetErrorResponse
T 2019-09-23 12:16:37:184 response.cc(78) Entering Response::SetResponse
T 2019-09-23 12:16:37:184 IECommandExecutor.cpp(577) Entering IECommandExecutor::GetCurrentBrowser
T 2019-09-23 12:16:37:184 IECommandExecutor.cpp(583) Entering IECommandExecutor::GetManagedBrowser
T 2019-09-23 12:16:37:184 IECommandExecutor.cpp(586) Current command executor is not valid
W 2019-09-23 12:16:37:184 IECommandExecutor.cpp(520) Unable to get current browser
T 2019-09-23 12:16:37:184 response.cc(51) Entering Response::Serialize
T 2019-09-23 12:16:37:190 IESession.cpp(221) Found non-zero response length
T 2019-09-23 12:16:37:190 IECommandExecutor.cpp(156) Entering IECommandExecutor::OnGetResponse
T 2019-09-23 12:16:37:190 IECommandExecutor.cpp(285) Entering IECommandExecutor::OnIsSessionValid
T 2019-09-23 12:16:37:190 response.cc(30) Entering Response::Deserialize
T 2019-09-23 12:16:37:190 server.cc(225) Entering Server::ShutDownSession
T 2019-09-23 12:16:37:190 IESession.cpp(119) Entering IESession::ShutDown
T 2019-09-23 12:16:37:190 IESession.cpp(173) Entering IESession::WaitForCommandExecutorExit
D 2019-09-23 12:16:37:190 IESession.cpp(150) Executor shutdown successful!
D 2019-09-23 12:16:37:190 IESession.cpp(158) Posting thread shutdown message
D 2019-09-23 12:16:37:190 IESession.cpp(161) Starting wait for thread completion
D 2019-09-23 12:16:37:190 IECommandExecutor.cpp(436) Shutdown message received
D 2019-09-23 12:16:37:190 IESession.cpp(164) Waiting for thread to end returned 4294967295
D 2019-09-23 12:16:37:190 server.cc(338) Response: {"value":{"data":null,"error":"session not created","message":"Unexpected error launching Internet Explorer. Browser zoom level was set to 162%. It should be set to 100%","stacktrace":""}}

T 2019-09-23 12:16:37:190 server.cc(391) Entering Server::SendResponseToClient
T 2019-09-23 12:16:37:190 response.cc(30) Entering Response::Deserialize
D 2019-09-23 12:16:37:190 IECommandExecutor.cpp(97) Entering IECommandExecutor::OnDestroy
T 2019-09-23 12:16:37:190 server.cc(485) Entering Server::SendHttpInternalError
D 2019-09-23 12:16:37:190 IECommandExecutor.cpp(99) Clearing managed element cache
D 2019-09-23 12:16:37:190 IECommandExecutor.cpp(102) Closing command handler repository
D 2019-09-23 12:16:37:190 IECommandExecutor.cpp(104) Closing element finder
D 2019-09-23 12:16:37:190 IECommandExecutor.cpp(106) Closing input manager
D 2019-09-23 12:16:37:190 IECommandExecutor.cpp(108) Closing proxy manager
T 2019-09-23 12:16:37:190 ProxyManager.cpp(185) ProxyManager::RestoreProxySettings
D 2019-09-23 12:16:37:190 IECommandExecutor.cpp(110) Closing browser factory
D 2019-09-23 12:16:37:191 IECommandExecutor.cpp(112) Posting quit message
D 2019-09-23 12:16:37:191 IECommandExecutor.cpp(114) Leaving IECommandExecutor::OnDestroy
D 2019-09-23 12:16:37:191 IECommandExecutor.cpp(438) Returned from DestroyWindow()
D 2019-09-23 12:16:37:191 IECommandExecutor.cpp(447) Exited IECommandExecutor thread message loop
T 2019-09-23 12:16:53:171 server.cc(174) Entering Server::ProcessRequest
T 2019-09-23 12:16:53:171 server.cc(183) Process request with: URI: /shutdown HTTP verb: GET
body: {}
T 2019-09-23 12:16:53:171 server.cc(445) Entering Server::SendHttpOk
T 2019-09-23 12:16:53:171 IEServer.cpp(88) Entering IEServer::ShutDown
T 2019-09-23 12:16:53:171 WebDriver.cpp(54) Entering StopServer
T 2019-09-23 12:16:53:171 server.cc(165) Entering Server::Stop
